[0.035s] Invoking command in '/home/damian/Documents/bumperbot_ws/build/bumperbot_localization': CMAKE_PREFIX_PATH=${CMAKE_PREFIX_PATH}:/opt/ros/jazzy CONDA_PROMPT_MODIFIER=(base) /usr/bin/cmake --build /home/damian/Documents/bumperbot_ws/build/bumperbot_localization -- -j24 -l24
[0.063s] [ 50%] Built target imu_republisher
[0.064s] [100%] Built target kalman_filter
[0.069s] [100%] Built target ament_cmake_python_copy_bumperbot_localization
[0.214s] running egg_info
[0.225s] writing bumperbot_localization.egg-info/PKG-INFO
[0.226s] writing dependency_links to bumperbot_localization.egg-info/dependency_links.txt
[0.227s] writing top-level names to bumperbot_localization.egg-info/top_level.txt
[0.256s] reading manifest file 'bumperbot_localization.egg-info/SOURCES.txt'
[0.256s] writing manifest file 'bumperbot_localization.egg-info/SOURCES.txt'
[0.277s] [100%] Built target ament_cmake_python_build_bumperbot_localization_egg
[0.286s] Invoked command in '/home/damian/Documents/bumperbot_ws/build/bumperbot_localization' returned '0': CMAKE_PREFIX_PATH=${CMAKE_PREFIX_PATH}:/opt/ros/jazzy CONDA_PROMPT_MODIFIER=(base) /usr/bin/cmake --build /home/damian/Documents/bumperbot_ws/build/bumperbot_localization -- -j24 -l24
[0.313s] Invoking command in '/home/damian/Documents/bumperbot_ws/build/bumperbot_localization': CMAKE_PREFIX_PATH=${CMAKE_PREFIX_PATH}:/opt/ros/jazzy CONDA_PROMPT_MODIFIER=(base) /usr/bin/cmake --install /home/damian/Documents/bumperbot_ws/build/bumperbot_localization
[0.320s] -- Install configuration: ""
[0.320s] -- Up-to-date: /home/damian/Documents/bumperbot_ws/install/bumperbot_localization/share/bumperbot_localization/environment/pythonpath.sh
[0.320s] -- Up-to-date: /home/damian/Documents/bumperbot_ws/install/bumperbot_localization/share/bumperbot_localization/environment/pythonpath.dsv
[0.320s] -- Up-to-date: /home/damian/Documents/bumperbot_ws/install/bumperbot_localization/lib/python3.12/site-packages/bumperbot_localization-0.0.0-py3.12.egg-info
[0.320s] -- Installing: /home/damian/Documents/bumperbot_ws/install/bumperbot_localization/lib/python3.12/site-packages/bumperbot_localization-0.0.0-py3.12.egg-info/PKG-INFO
[0.321s] -- Installing: /home/damian/Documents/bumperbot_ws/install/bumperbot_localization/lib/python3.12/site-packages/bumperbot_localization-0.0.0-py3.12.egg-info/SOURCES.txt
[0.321s] -- Installing: /home/damian/Documents/bumperbot_ws/install/bumperbot_localization/lib/python3.12/site-packages/bumperbot_localization-0.0.0-py3.12.egg-info/dependency_links.txt
[0.321s] -- Installing: /home/damian/Documents/bumperbot_ws/install/bumperbot_localization/lib/python3.12/site-packages/bumperbot_localization-0.0.0-py3.12.egg-info/top_level.txt
[0.321s] -- Up-to-date: /home/damian/Documents/bumperbot_ws/install/bumperbot_localization/lib/python3.12/site-packages/bumperbot_localization
[0.321s] -- Up-to-date: /home/damian/Documents/bumperbot_ws/install/bumperbot_localization/lib/python3.12/site-packages/bumperbot_localization/__init__.py
[0.321s] -- Up-to-date: /home/damian/Documents/bumperbot_ws/install/bumperbot_localization/lib/python3.12/site-packages/bumperbot_localization/kalman_filter.py
[0.321s] -- Up-to-date: /home/damian/Documents/bumperbot_ws/install/bumperbot_localization/lib/python3.12/site-packages/bumperbot_localization/imu_republisher.py
[0.344s] Listing '/home/damian/Documents/bumperbot_ws/install/bumperbot_localization/lib/python3.12/site-packages/bumperbot_localization'...
[0.346s] -- Up-to-date: /home/damian/Documents/bumperbot_ws/install/bumperbot_localization/include/include
[0.347s] -- Up-to-date: /home/damian/Documents/bumperbot_ws/install/bumperbot_localization/include/include/bumperbot_localization
[0.347s] -- Up-to-date: /home/damian/Documents/bumperbot_ws/install/bumperbot_localization/include/include/bumperbot_localization/kalman_filter.hpp
[0.347s] -- Up-to-date: /home/damian/Documents/bumperbot_ws/install/bumperbot_localization/lib/bumperbot_localization/kalman_filter
[0.347s] -- Up-to-date: /home/damian/Documents/bumperbot_ws/install/bumperbot_localization/lib/bumperbot_localization/imu_republisher
[0.347s] -- Up-to-date: /home/damian/Documents/bumperbot_ws/install/bumperbot_localization/share/bumperbot_localization/launch
[0.347s] -- Up-to-date: /home/damian/Documents/bumperbot_ws/install/bumperbot_localization/share/bumperbot_localization/launch/local_localization.launch.py
[0.347s] -- Up-to-date: /home/damian/Documents/bumperbot_ws/install/bumperbot_localization/share/bumperbot_localization/config
[0.347s] -- Up-to-date: /home/damian/Documents/bumperbot_ws/install/bumperbot_localization/share/bumperbot_localization/config/ekf.yaml
[0.347s] -- Up-to-date: /home/damian/Documents/bumperbot_ws/install/bumperbot_localization/lib/bumperbot_localization/kalman_filter.py
[0.347s] -- Up-to-date: /home/damian/Documents/bumperbot_ws/install/bumperbot_localization/lib/bumperbot_localization/imu_republisher.py
[0.348s] -- Up-to-date: /home/damian/Documents/bumperbot_ws/install/bumperbot_localization/share/ament_index/resource_index/package_run_dependencies/bumperbot_localization
[0.348s] -- Up-to-date: /home/damian/Documents/bumperbot_ws/install/bumperbot_localization/share/ament_index/resource_index/parent_prefix_path/bumperbot_localization
[0.348s] -- Up-to-date: /home/damian/Documents/bumperbot_ws/install/bumperbot_localization/share/bumperbot_localization/environment/ament_prefix_path.sh
[0.348s] -- Up-to-date: /home/damian/Documents/bumperbot_ws/install/bumperbot_localization/share/bumperbot_localization/environment/ament_prefix_path.dsv
[0.350s] -- Up-to-date: /home/damian/Documents/bumperbot_ws/install/bumperbot_localization/share/bumperbot_localization/environment/path.sh
[0.350s] -- Up-to-date: /home/damian/Documents/bumperbot_ws/install/bumperbot_localization/share/bumperbot_localization/environment/path.dsv
[0.350s] -- Up-to-date: /home/damian/Documents/bumperbot_ws/install/bumperbot_localization/share/bumperbot_localization/local_setup.bash
[0.350s] -- Up-to-date: /home/damian/Documents/bumperbot_ws/install/bumperbot_localization/share/bumperbot_localization/local_setup.sh
[0.350s] -- Up-to-date: /home/damian/Documents/bumperbot_ws/install/bumperbot_localization/share/bumperbot_localization/local_setup.zsh
[0.350s] -- Up-to-date: /home/damian/Documents/bumperbot_ws/install/bumperbot_localization/share/bumperbot_localization/local_setup.dsv
[0.350s] -- Installing: /home/damian/Documents/bumperbot_ws/install/bumperbot_localization/share/bumperbot_localization/package.dsv
[0.350s] -- Up-to-date: /home/damian/Documents/bumperbot_ws/install/bumperbot_localization/share/ament_index/resource_index/packages/bumperbot_localization
[0.350s] -- Up-to-date: /home/damian/Documents/bumperbot_ws/install/bumperbot_localization/share/bumperbot_localization/cmake/bumperbot_localizationConfig.cmake
[0.351s] -- Up-to-date: /home/damian/Documents/bumperbot_ws/install/bumperbot_localization/share/bumperbot_localization/cmake/bumperbot_localizationConfig-version.cmake
[0.351s] -- Up-to-date: /home/damian/Documents/bumperbot_ws/install/bumperbot_localization/share/bumperbot_localization/package.xml
[0.351s] Invoked command in '/home/damian/Documents/bumperbot_ws/build/bumperbot_localization' returned '0': CMAKE_PREFIX_PATH=${CMAKE_PREFIX_PATH}:/opt/ros/jazzy CONDA_PROMPT_MODIFIER=(base) /usr/bin/cmake --install /home/damian/Documents/bumperbot_ws/build/bumperbot_localization
