[0.009s] Invoking command in '/home/damian/Documents/bumperbot_ws/build/bumperbot_msgs': CONDA_PROMPT_MODIFIER=(base) /usr/bin/cmake --build /home/damian/Documents/bumperbot_ws/build/bumperbot_msgs -- -j24 -l24
[0.045s] [  2%] Built target bumperbot_msgs__rosidl_generator_type_description
[0.053s] [  2%] Built target ament_cmake_python_copy_bumperbot_msgs
[0.060s] [  4%] Built target bumperbot_msgs__cpp
[0.062s] [ 22%] Built target bumperbot_msgs__rosidl_generator_c
[0.080s] [ 31%] Built target bumperbot_msgs__rosidl_typesupport_introspection_c
[0.081s] [ 40%] Built target bumperbot_msgs__rosidl_typesupport_c
[0.081s] [ 59%] Built target bumperbot_msgs__rosidl_typesupport_fastrtps_c
[0.081s] [ 59%] Built target bumperbot_msgs__rosidl_typesupport_fastrtps_cpp
[0.081s] [ 77%] Built target bumperbot_msgs__rosidl_typesupport_cpp
[0.081s] [ 77%] Built target bumperbot_msgs__rosidl_typesupport_introspection_cpp
[0.095s] [ 77%] Built target bumperbot_msgs
[0.109s] [ 79%] Built target bumperbot_msgs__py
[0.126s] [ 86%] Built target bumperbot_msgs__rosidl_generator_py
[0.143s] [100%] Built target bumperbot_msgs_s__rosidl_typesupport_introspection_c
[0.143s] [100%] Built target bumperbot_msgs_s__rosidl_typesupport_c
[0.143s] [100%] Built target bumperbot_msgs_s__rosidl_typesupport_fastrtps_c
[0.169s] running egg_info
[0.172s] writing bumperbot_msgs.egg-info/PKG-INFO
[0.173s] writing dependency_links to bumperbot_msgs.egg-info/dependency_links.txt
[0.173s] writing top-level names to bumperbot_msgs.egg-info/top_level.txt
[0.183s] reading manifest file 'bumperbot_msgs.egg-info/SOURCES.txt'
[0.184s] writing manifest file 'bumperbot_msgs.egg-info/SOURCES.txt'
[0.203s] [100%] Built target ament_cmake_python_build_bumperbot_msgs_egg
