[0.606s] Invoking command in '/home/damian/Documents/bumperbot_ws/src/bumperbot_py_examples': AMENT_PREFIX_PATH=/home/damian/Documents/bumperbot_ws/install/bumperbot_msgs:${AMENT_PREFIX_PATH} CMAKE_PREFIX_PATH=/home/damian/Documents/bumperbot_ws/install/bumperbot_msgs:${CMAKE_PREFIX_PATH} CONDA_PROMPT_MODIFIER=(base) LD_LIBRARY_PATH=/home/damian/Documents/bumperbot_ws/install/bumperbot_msgs/lib:${LD_LIBRARY_PATH} PYTHONPATH=/home/damian/Documents/bumperbot_ws/build/bumperbot_py_examples/prefix_override:/usr/lib/python3/dist-packages/colcon_core/task/python/colcon_distutils_commands:/home/damian/Documents/bumperbot_ws/install/bumperbot_py_examples/lib/python3.12/site-packages:/home/damian/Documents/bumperbot_ws/install/bumperbot_msgs/lib/python3.12/site-packages:${PYTHONPATH} /usr/bin/python3 -W ignore:setup.py install is deprecated setup.py egg_info --egg-base ../../build/bumperbot_py_examples build --build-base /home/damian/Documents/bumperbot_ws/build/bumperbot_py_examples/build install --record /home/damian/Documents/bumperbot_ws/build/bumperbot_py_examples/install.log --single-version-externally-managed install_data
[0.800s] running egg_info
[0.815s] writing ../../build/bumperbot_py_examples/bumperbot_py_examples.egg-info/PKG-INFO
[0.816s] writing dependency_links to ../../build/bumperbot_py_examples/bumperbot_py_examples.egg-info/dependency_links.txt
[0.816s] writing entry points to ../../build/bumperbot_py_examples/bumperbot_py_examples.egg-info/entry_points.txt
[0.816s] writing requirements to ../../build/bumperbot_py_examples/bumperbot_py_examples.egg-info/requires.txt
[0.816s] writing top-level names to ../../build/bumperbot_py_examples/bumperbot_py_examples.egg-info/top_level.txt
[0.847s] reading manifest file '../../build/bumperbot_py_examples/bumperbot_py_examples.egg-info/SOURCES.txt'
[0.847s] writing manifest file '../../build/bumperbot_py_examples/bumperbot_py_examples.egg-info/SOURCES.txt'
[0.848s] running build
[0.848s] running build_py
[0.848s] running install
[0.852s] running install_lib
[0.868s] running install_data
[0.868s] running install_egg_info
[0.884s] removing '/home/damian/Documents/bumperbot_ws/install/bumperbot_py_examples/lib/python3.12/site-packages/bumperbot_py_examples-0.0.0-py3.12.egg-info' (and everything under it)
[0.885s] Copying ../../build/bumperbot_py_examples/bumperbot_py_examples.egg-info to /home/damian/Documents/bumperbot_ws/install/bumperbot_py_examples/lib/python3.12/site-packages/bumperbot_py_examples-0.0.0-py3.12.egg-info
[0.886s] running install_scripts
[0.987s] Installing simple_lifecycle_node script to /home/damian/Documents/bumperbot_ws/install/bumperbot_py_examples/lib/bumperbot_py_examples
[0.988s] Installing simple_parameter script to /home/damian/Documents/bumperbot_ws/install/bumperbot_py_examples/lib/bumperbot_py_examples
[0.988s] Installing simple_publisher script to /home/damian/Documents/bumperbot_ws/install/bumperbot_py_examples/lib/bumperbot_py_examples
[0.988s] Installing simple_service_client script to /home/damian/Documents/bumperbot_ws/install/bumperbot_py_examples/lib/bumperbot_py_examples
[0.988s] Installing simple_service_server script to /home/damian/Documents/bumperbot_ws/install/bumperbot_py_examples/lib/bumperbot_py_examples
[0.988s] Installing simple_subscriber script to /home/damian/Documents/bumperbot_ws/install/bumperbot_py_examples/lib/bumperbot_py_examples
[0.989s] Installing simple_tf_kinematics script to /home/damian/Documents/bumperbot_ws/install/bumperbot_py_examples/lib/bumperbot_py_examples
[0.989s] Installing simple_turtlesim_kinematics script to /home/damian/Documents/bumperbot_ws/install/bumperbot_py_examples/lib/bumperbot_py_examples
[0.989s] writing list of installed files to '/home/damian/Documents/bumperbot_ws/build/bumperbot_py_examples/install.log'
[1.005s] Invoked command in '/home/damian/Documents/bumperbot_ws/src/bumperbot_py_examples' returned '0': AMENT_PREFIX_PATH=/home/damian/Documents/bumperbot_ws/install/bumperbot_msgs:${AMENT_PREFIX_PATH} CMAKE_PREFIX_PATH=/home/damian/Documents/bumperbot_ws/install/bumperbot_msgs:${CMAKE_PREFIX_PATH} CONDA_PROMPT_MODIFIER=(base) LD_LIBRARY_PATH=/home/damian/Documents/bumperbot_ws/install/bumperbot_msgs/lib:${LD_LIBRARY_PATH} PYTHONPATH=/home/damian/Documents/bumperbot_ws/build/bumperbot_py_examples/prefix_override:/usr/lib/python3/dist-packages/colcon_core/task/python/colcon_distutils_commands:/home/damian/Documents/bumperbot_ws/install/bumperbot_py_examples/lib/python3.12/site-packages:/home/damian/Documents/bumperbot_ws/install/bumperbot_msgs/lib/python3.12/site-packages:${PYTHONPATH} /usr/bin/python3 -W ignore:setup.py install is deprecated setup.py egg_info --egg-base ../../build/bumperbot_py_examples build --build-base /home/damian/Documents/bumperbot_ws/build/bumperbot_py_examples/build install --record /home/damian/Documents/bumperbot_ws/build/bumperbot_py_examples/install.log --single-version-externally-managed install_data
