[0.017s] Invoking command in '/home/damian/Documents/bumperbot_ws/build/bumperbot_msgs': CMAKE_PREFIX_PATH=${CMAKE_PREFIX_PATH}:/opt/ros/jazzy CONDA_PROMPT_MODIFIER=(base) /usr/bin/cmake --build /home/damian/Documents/bumperbot_ws/build/bumperbot_msgs -- -j24 -l24
[0.063s] [  2%] [34m[1mGenerating type hashes for ROS interfaces[0m
[0.070s] [  2%] Built target ament_cmake_python_copy_bumperbot_msgs
[0.097s] Traceback (most recent call last):
[0.097s]   File "/opt/ros/jazzy/lib/rosidl_generator_type_description/rosidl_generator_type_description", line 21, in <module>
[0.098s]     from rosidl_generator_type_description import generate_type_hash
[0.098s]   File "/opt/ros/jazzy/lib/python3.12/site-packages/rosidl_generator_type_description/__init__.py", line 24, in <module>
[0.098s]     from rosidl_parser.parser import parse_idl_file
[0.098s]   File "/opt/ros/jazzy/lib/python3.12/site-packages/rosidl_parser/parser.py", line 20, in <module>
[0.098s]     from lark import Lark
[0.098s] ModuleNotFoundError: No module named 'lark'
[0.102s] gmake[2]: *** [CMakeFiles/bumperbot_msgs__rosidl_generator_type_description.dir/build.make:77: rosidl_generator_type_description/bumperbot_msgs/srv/AddTwoInts.json] Error 1
[0.102s] gmake[1]: *** [CMakeFiles/Makefile2:215: CMakeFiles/bumperbot_msgs__rosidl_generator_type_description.dir/all] Error 2
[0.102s] gmake[1]: *** Waiting for unfinished jobs....
[0.198s] running egg_info
[0.207s] writing bumperbot_msgs.egg-info/PKG-INFO
[0.207s] writing dependency_links to bumperbot_msgs.egg-info/dependency_links.txt
[0.207s] writing top-level names to bumperbot_msgs.egg-info/top_level.txt
[0.234s] reading manifest file 'bumperbot_msgs.egg-info/SOURCES.txt'
[0.235s] writing manifest file 'bumperbot_msgs.egg-info/SOURCES.txt'
[0.257s] [  2%] Built target ament_cmake_python_build_bumperbot_msgs_egg
[0.258s] gmake: *** [Makefile:146: all] Error 2
[0.260s] Invoked command in '/home/damian/Documents/bumperbot_ws/build/bumperbot_msgs' returned '2': CMAKE_PREFIX_PATH=${CMAKE_PREFIX_PATH}:/opt/ros/jazzy CONDA_PROMPT_MODIFIER=(base) /usr/bin/cmake --build /home/damian/Documents/bumperbot_ws/build/bumperbot_msgs -- -j24 -l24
