[0.018s] Invoking command in '/home/damian/Documents/bumperbot_ws/build/bumperbot_msgs': CMAKE_PREFIX_PATH=${CMAKE_PREFIX_PATH}:/opt/ros/jazzy CONDA_PROMPT_MODIFIER=(base) /usr/bin/cmake --build /home/damian/Documents/bumperbot_ws/build/bumperbot_msgs -- -j24 -l24
[0.060s] [  2%] Built target bumperbot_msgs__rosidl_generator_type_description
[0.071s] [  2%] Built target ament_cmake_python_copy_bumperbot_msgs
[0.079s] [  4%] Built target bumperbot_msgs__cpp
[0.082s] [ 22%] Built target bumperbot_msgs__rosidl_generator_c
[0.103s] [ 31%] Built target bumperbot_msgs__rosidl_typesupport_introspection_c
[0.104s] [ 40%] Built target bumperbot_msgs__rosidl_typesupport_c
[0.104s] [ 56%] Built target bumperbot_msgs__rosidl_typesupport_fastrtps_cpp
[0.104s] [ 59%] Built target bumperbot_msgs__rosidl_typesupport_fastrtps_c
[0.104s] [ 68%] Built target bumperbot_msgs__rosidl_typesupport_cpp
[0.106s] [ 77%] Built target bumperbot_msgs__rosidl_typesupport_introspection_cpp
[0.126s] [ 77%] Built target bumperbot_msgs
[0.146s] [ 79%] Built target bumperbot_msgs__py
[0.165s] [ 86%] Built target bumperbot_msgs__rosidl_generator_py
[0.184s] [ 95%] Built target bumperbot_msgs_s__rosidl_typesupport_c
[0.184s] [ 95%] Built target bumperbot_msgs_s__rosidl_typesupport_fastrtps_c
[0.186s] [100%] Built target bumperbot_msgs_s__rosidl_typesupport_introspection_c
[0.204s] running egg_info
[0.213s] writing bumperbot_msgs.egg-info/PKG-INFO
[0.213s] writing dependency_links to bumperbot_msgs.egg-info/dependency_links.txt
[0.213s] writing top-level names to bumperbot_msgs.egg-info/top_level.txt
[0.240s] reading manifest file 'bumperbot_msgs.egg-info/SOURCES.txt'
[0.241s] writing manifest file 'bumperbot_msgs.egg-info/SOURCES.txt'
[0.262s] [100%] Built target ament_cmake_python_build_bumperbot_msgs_egg
[0.274s] Invoked command in '/home/damian/Documents/bumperbot_ws/build/bumperbot_msgs' returned '0': CMAKE_PREFIX_PATH=${CMAKE_PREFIX_PATH}:/opt/ros/jazzy CONDA_PROMPT_MODIFIER=(base) /usr/bin/cmake --build /home/damian/Documents/bumperbot_ws/build/bumperbot_msgs -- -j24 -l24
[0.345s] Invoking command in '/home/damian/Documents/bumperbot_ws/build/bumperbot_msgs': CMAKE_PREFIX_PATH=${CMAKE_PREFIX_PATH}:/opt/ros/jazzy CONDA_PROMPT_MODIFIER=(base) /usr/bin/cmake --install /home/damian/Documents/bumperbot_ws/build/bumperbot_msgs
[0.351s] -- Install configuration: ""
[0.351s] -- Up-to-date: /home/damian/Documents/bumperbot_ws/install/bumperbot_msgs/share/ament_index/resource_index/rosidl_interfaces/bumperbot_msgs
[0.351s] -- Up-to-date: /home/damian/Documents/bumperbot_ws/install/bumperbot_msgs/share/bumperbot_msgs/srv/AddTwoInts.json
[0.351s] -- Up-to-date: /home/damian/Documents/bumperbot_ws/install/bumperbot_msgs/share/bumperbot_msgs/srv/GetTransform.json
[0.351s] -- Up-to-date: /home/damian/Documents/bumperbot_ws/install/bumperbot_msgs/include/bumperbot_msgs/bumperbot_msgs
[0.351s] -- Up-to-date: /home/damian/Documents/bumperbot_ws/install/bumperbot_msgs/include/bumperbot_msgs/bumperbot_msgs/msg
[0.352s] -- Up-to-date: /home/damian/Documents/bumperbot_ws/install/bumperbot_msgs/include/bumperbot_msgs/bumperbot_msgs/msg/rosidl_generator_c__visibility_control.h
[0.352s] -- Up-to-date: /home/damian/Documents/bumperbot_ws/install/bumperbot_msgs/include/bumperbot_msgs/bumperbot_msgs/srv
[0.352s] -- Up-to-date: /home/damian/Documents/bumperbot_ws/install/bumperbot_msgs/include/bumperbot_msgs/bumperbot_msgs/srv/get_transform.h
[0.352s] -- Up-to-date: /home/damian/Documents/bumperbot_ws/install/bumperbot_msgs/include/bumperbot_msgs/bumperbot_msgs/srv/detail
[0.352s] -- Up-to-date: /home/damian/Documents/bumperbot_ws/install/bumperbot_msgs/include/bumperbot_msgs/bumperbot_msgs/srv/detail/add_two_ints__functions.c
[0.352s] -- Up-to-date: /home/damian/Documents/bumperbot_ws/install/bumperbot_msgs/include/bumperbot_msgs/bumperbot_msgs/srv/detail/add_two_ints__struct.h
[0.352s] -- Up-to-date: /home/damian/Documents/bumperbot_ws/install/bumperbot_msgs/include/bumperbot_msgs/bumperbot_msgs/srv/detail/add_two_ints__type_support.h
[0.352s] -- Up-to-date: /home/damian/Documents/bumperbot_ws/install/bumperbot_msgs/include/bumperbot_msgs/bumperbot_msgs/srv/detail/add_two_ints__type_support.c
[0.352s] -- Up-to-date: /home/damian/Documents/bumperbot_ws/install/bumperbot_msgs/include/bumperbot_msgs/bumperbot_msgs/srv/detail/get_transform__type_support.h
[0.352s] -- Up-to-date: /home/damian/Documents/bumperbot_ws/install/bumperbot_msgs/include/bumperbot_msgs/bumperbot_msgs/srv/detail/get_transform__description.c
[0.353s] -- Up-to-date: /home/damian/Documents/bumperbot_ws/install/bumperbot_msgs/include/bumperbot_msgs/bumperbot_msgs/srv/detail/get_transform__struct.h
[0.353s] -- Up-to-date: /home/damian/Documents/bumperbot_ws/install/bumperbot_msgs/include/bumperbot_msgs/bumperbot_msgs/srv/detail/get_transform__functions.h
[0.353s] -- Up-to-date: /home/damian/Documents/bumperbot_ws/install/bumperbot_msgs/include/bumperbot_msgs/bumperbot_msgs/srv/detail/add_two_ints__description.c
[0.353s] -- Up-to-date: /home/damian/Documents/bumperbot_ws/install/bumperbot_msgs/include/bumperbot_msgs/bumperbot_msgs/srv/detail/get_transform__functions.c
[0.353s] -- Up-to-date: /home/damian/Documents/bumperbot_ws/install/bumperbot_msgs/include/bumperbot_msgs/bumperbot_msgs/srv/detail/get_transform__type_support.c
[0.353s] -- Up-to-date: /home/damian/Documents/bumperbot_ws/install/bumperbot_msgs/include/bumperbot_msgs/bumperbot_msgs/srv/detail/add_two_ints__functions.h
[0.353s] -- Up-to-date: /home/damian/Documents/bumperbot_ws/install/bumperbot_msgs/include/bumperbot_msgs/bumperbot_msgs/srv/add_two_ints.h
[0.353s] -- Up-to-date: /home/damian/Documents/bumperbot_ws/install/bumperbot_msgs/share/bumperbot_msgs/environment/library_path.sh
[0.353s] -- Up-to-date: /home/damian/Documents/bumperbot_ws/install/bumperbot_msgs/share/bumperbot_msgs/environment/library_path.dsv
[0.354s] -- Up-to-date: /home/damian/Documents/bumperbot_ws/install/bumperbot_msgs/lib/libbumperbot_msgs__rosidl_generator_c.so
[0.354s] -- Up-to-date: /home/damian/Documents/bumperbot_ws/install/bumperbot_msgs/include/bumperbot_msgs/bumperbot_msgs
[0.354s] -- Up-to-date: /home/damian/Documents/bumperbot_ws/install/bumperbot_msgs/include/bumperbot_msgs/bumperbot_msgs/msg
[0.354s] -- Up-to-date: /home/damian/Documents/bumperbot_ws/install/bumperbot_msgs/include/bumperbot_msgs/bumperbot_msgs/msg/rosidl_typesupport_fastrtps_c__visibility_control.h
[0.354s] -- Up-to-date: /home/damian/Documents/bumperbot_ws/install/bumperbot_msgs/include/bumperbot_msgs/bumperbot_msgs/srv
[0.354s] -- Up-to-date: /home/damian/Documents/bumperbot_ws/install/bumperbot_msgs/include/bumperbot_msgs/bumperbot_msgs/srv/detail
[0.354s] -- Up-to-date: /home/damian/Documents/bumperbot_ws/install/bumperbot_msgs/include/bumperbot_msgs/bumperbot_msgs/srv/detail/get_transform__rosidl_typesupport_fastrtps_c.h
[0.354s] -- Up-to-date: /home/damian/Documents/bumperbot_ws/install/bumperbot_msgs/include/bumperbot_msgs/bumperbot_msgs/srv/detail/add_two_ints__rosidl_typesupport_fastrtps_c.h
[0.354s] -- Up-to-date: /home/damian/Documents/bumperbot_ws/install/bumperbot_msgs/lib/libbumperbot_msgs__rosidl_typesupport_fastrtps_c.so
[0.354s] -- Up-to-date: /home/damian/Documents/bumperbot_ws/install/bumperbot_msgs/include/bumperbot_msgs/bumperbot_msgs
[0.354s] -- Up-to-date: /home/damian/Documents/bumperbot_ws/install/bumperbot_msgs/include/bumperbot_msgs/bumperbot_msgs/msg
[0.354s] -- Up-to-date: /home/damian/Documents/bumperbot_ws/install/bumperbot_msgs/include/bumperbot_msgs/bumperbot_msgs/msg/rosidl_generator_cpp__visibility_control.hpp
[0.354s] -- Up-to-date: /home/damian/Documents/bumperbot_ws/install/bumperbot_msgs/include/bumperbot_msgs/bumperbot_msgs/srv
[0.355s] -- Up-to-date: /home/damian/Documents/bumperbot_ws/install/bumperbot_msgs/include/bumperbot_msgs/bumperbot_msgs/srv/get_transform.hpp
[0.355s] -- Up-to-date: /home/damian/Documents/bumperbot_ws/install/bumperbot_msgs/include/bumperbot_msgs/bumperbot_msgs/srv/detail
[0.355s] -- Up-to-date: /home/damian/Documents/bumperbot_ws/install/bumperbot_msgs/include/bumperbot_msgs/bumperbot_msgs/srv/detail/add_two_ints__traits.hpp
[0.355s] -- Up-to-date: /home/damian/Documents/bumperbot_ws/install/bumperbot_msgs/include/bumperbot_msgs/bumperbot_msgs/srv/detail/add_two_ints__struct.hpp
[0.355s] -- Up-to-date: /home/damian/Documents/bumperbot_ws/install/bumperbot_msgs/include/bumperbot_msgs/bumperbot_msgs/srv/detail/get_transform__traits.hpp
[0.355s] -- Up-to-date: /home/damian/Documents/bumperbot_ws/install/bumperbot_msgs/include/bumperbot_msgs/bumperbot_msgs/srv/detail/get_transform__builder.hpp
[0.355s] -- Up-to-date: /home/damian/Documents/bumperbot_ws/install/bumperbot_msgs/include/bumperbot_msgs/bumperbot_msgs/srv/detail/add_two_ints__type_support.hpp
[0.355s] -- Up-to-date: /home/damian/Documents/bumperbot_ws/install/bumperbot_msgs/include/bumperbot_msgs/bumperbot_msgs/srv/detail/get_transform__struct.hpp
[0.355s] -- Up-to-date: /home/damian/Documents/bumperbot_ws/install/bumperbot_msgs/include/bumperbot_msgs/bumperbot_msgs/srv/detail/get_transform__type_support.hpp
[0.356s] -- Up-to-date: /home/damian/Documents/bumperbot_ws/install/bumperbot_msgs/include/bumperbot_msgs/bumperbot_msgs/srv/detail/add_two_ints__builder.hpp
[0.356s] -- Up-to-date: /home/damian/Documents/bumperbot_ws/install/bumperbot_msgs/include/bumperbot_msgs/bumperbot_msgs/srv/add_two_ints.hpp
[0.356s] -- Up-to-date: /home/damian/Documents/bumperbot_ws/install/bumperbot_msgs/include/bumperbot_msgs/bumperbot_msgs
[0.356s] -- Up-to-date: /home/damian/Documents/bumperbot_ws/install/bumperbot_msgs/include/bumperbot_msgs/bumperbot_msgs/msg
[0.356s] -- Up-to-date: /home/damian/Documents/bumperbot_ws/install/bumperbot_msgs/include/bumperbot_msgs/bumperbot_msgs/msg/rosidl_typesupport_fastrtps_cpp__visibility_control.h
[0.356s] -- Up-to-date: /home/damian/Documents/bumperbot_ws/install/bumperbot_msgs/include/bumperbot_msgs/bumperbot_msgs/srv
[0.356s] -- Up-to-date: /home/damian/Documents/bumperbot_ws/install/bumperbot_msgs/include/bumperbot_msgs/bumperbot_msgs/srv/detail
[0.356s] -- Up-to-date: /home/damian/Documents/bumperbot_ws/install/bumperbot_msgs/include/bumperbot_msgs/bumperbot_msgs/srv/detail/get_transform__rosidl_typesupport_fastrtps_cpp.hpp
[0.356s] -- Up-to-date: /home/damian/Documents/bumperbot_ws/install/bumperbot_msgs/include/bumperbot_msgs/bumperbot_msgs/srv/detail/dds_fastrtps
[0.356s] -- Up-to-date: /home/damian/Documents/bumperbot_ws/install/bumperbot_msgs/include/bumperbot_msgs/bumperbot_msgs/srv/detail/add_two_ints__rosidl_typesupport_fastrtps_cpp.hpp
[0.356s] -- Up-to-date: /home/damian/Documents/bumperbot_ws/install/bumperbot_msgs/lib/libbumperbot_msgs__rosidl_typesupport_fastrtps_cpp.so
[0.356s] -- Up-to-date: /home/damian/Documents/bumperbot_ws/install/bumperbot_msgs/include/bumperbot_msgs/bumperbot_msgs
[0.356s] -- Up-to-date: /home/damian/Documents/bumperbot_ws/install/bumperbot_msgs/include/bumperbot_msgs/bumperbot_msgs/msg
[0.357s] -- Up-to-date: /home/damian/Documents/bumperbot_ws/install/bumperbot_msgs/include/bumperbot_msgs/bumperbot_msgs/msg/rosidl_typesupport_introspection_c__visibility_control.h
[0.357s] -- Up-to-date: /home/damian/Documents/bumperbot_ws/install/bumperbot_msgs/include/bumperbot_msgs/bumperbot_msgs/srv
[0.357s] -- Up-to-date: /home/damian/Documents/bumperbot_ws/install/bumperbot_msgs/include/bumperbot_msgs/bumperbot_msgs/srv/detail
[0.357s] -- Up-to-date: /home/damian/Documents/bumperbot_ws/install/bumperbot_msgs/include/bumperbot_msgs/bumperbot_msgs/srv/detail/add_two_ints__type_support.c
[0.357s] -- Up-to-date: /home/damian/Documents/bumperbot_ws/install/bumperbot_msgs/include/bumperbot_msgs/bumperbot_msgs/srv/detail/add_two_ints__rosidl_typesupport_introspection_c.h
[0.357s] -- Up-to-date: /home/damian/Documents/bumperbot_ws/install/bumperbot_msgs/include/bumperbot_msgs/bumperbot_msgs/srv/detail/get_transform__rosidl_typesupport_introspection_c.h
[0.357s] -- Up-to-date: /home/damian/Documents/bumperbot_ws/install/bumperbot_msgs/include/bumperbot_msgs/bumperbot_msgs/srv/detail/get_transform__type_support.c
[0.357s] -- Up-to-date: /home/damian/Documents/bumperbot_ws/install/bumperbot_msgs/lib/libbumperbot_msgs__rosidl_typesupport_introspection_c.so
[0.357s] -- Up-to-date: /home/damian/Documents/bumperbot_ws/install/bumperbot_msgs/lib/libbumperbot_msgs__rosidl_typesupport_c.so
[0.358s] -- Up-to-date: /home/damian/Documents/bumperbot_ws/install/bumperbot_msgs/include/bumperbot_msgs/bumperbot_msgs
[0.358s] -- Up-to-date: /home/damian/Documents/bumperbot_ws/install/bumperbot_msgs/include/bumperbot_msgs/bumperbot_msgs/srv
[0.358s] -- Up-to-date: /home/damian/Documents/bumperbot_ws/install/bumperbot_msgs/include/bumperbot_msgs/bumperbot_msgs/srv/detail
[0.358s] -- Up-to-date: /home/damian/Documents/bumperbot_ws/install/bumperbot_msgs/include/bumperbot_msgs/bumperbot_msgs/srv/detail/get_transform__rosidl_typesupport_introspection_cpp.hpp
[0.358s] -- Up-to-date: /home/damian/Documents/bumperbot_ws/install/bumperbot_msgs/include/bumperbot_msgs/bumperbot_msgs/srv/detail/add_two_ints__rosidl_typesupport_introspection_cpp.hpp
[0.358s] -- Up-to-date: /home/damian/Documents/bumperbot_ws/install/bumperbot_msgs/include/bumperbot_msgs/bumperbot_msgs/srv/detail/add_two_ints__type_support.cpp
[0.358s] -- Up-to-date: /home/damian/Documents/bumperbot_ws/install/bumperbot_msgs/include/bumperbot_msgs/bumperbot_msgs/srv/detail/get_transform__type_support.cpp
[0.358s] -- Up-to-date: /home/damian/Documents/bumperbot_ws/install/bumperbot_msgs/lib/libbumperbot_msgs__rosidl_typesupport_introspection_cpp.so
[0.358s] -- Up-to-date: /home/damian/Documents/bumperbot_ws/install/bumperbot_msgs/lib/libbumperbot_msgs__rosidl_typesupport_cpp.so
[0.358s] -- Up-to-date: /home/damian/Documents/bumperbot_ws/install/bumperbot_msgs/share/bumperbot_msgs/environment/pythonpath.sh
[0.358s] -- Up-to-date: /home/damian/Documents/bumperbot_ws/install/bumperbot_msgs/share/bumperbot_msgs/environment/pythonpath.dsv
[0.359s] -- Up-to-date: /home/damian/Documents/bumperbot_ws/install/bumperbot_msgs/lib/python3.12/site-packages/bumperbot_msgs-0.0.0-py3.12.egg-info
[0.359s] -- Installing: /home/damian/Documents/bumperbot_ws/install/bumperbot_msgs/lib/python3.12/site-packages/bumperbot_msgs-0.0.0-py3.12.egg-info/PKG-INFO
[0.359s] -- Installing: /home/damian/Documents/bumperbot_ws/install/bumperbot_msgs/lib/python3.12/site-packages/bumperbot_msgs-0.0.0-py3.12.egg-info/SOURCES.txt
[0.359s] -- Installing: /home/damian/Documents/bumperbot_ws/install/bumperbot_msgs/lib/python3.12/site-packages/bumperbot_msgs-0.0.0-py3.12.egg-info/dependency_links.txt
[0.359s] -- Installing: /home/damian/Documents/bumperbot_ws/install/bumperbot_msgs/lib/python3.12/site-packages/bumperbot_msgs-0.0.0-py3.12.egg-info/top_level.txt
[0.361s] -- Up-to-date: /home/damian/Documents/bumperbot_ws/install/bumperbot_msgs/lib/python3.12/site-packages/bumperbot_msgs
[0.361s] -- Up-to-date: /home/damian/Documents/bumperbot_ws/install/bumperbot_msgs/lib/python3.12/site-packages/bumperbot_msgs/bumperbot_msgs_s__rosidl_typesupport_fastrtps_c.so
[0.361s] -- Up-to-date: /home/damian/Documents/bumperbot_ws/install/bumperbot_msgs/lib/python3.12/site-packages/bumperbot_msgs/_bumperbot_msgs_s.ep.rosidl_typesupport_fastrtps_c.c
[0.361s] -- Up-to-date: /home/damian/Documents/bumperbot_ws/install/bumperbot_msgs/lib/python3.12/site-packages/bumperbot_msgs/bumperbot_msgs_s__rosidl_typesupport_introspection_c.so
[0.361s] -- Up-to-date: /home/damian/Documents/bumperbot_ws/install/bumperbot_msgs/lib/python3.12/site-packages/bumperbot_msgs/srv
[0.361s] -- Up-to-date: /home/damian/Documents/bumperbot_ws/install/bumperbot_msgs/lib/python3.12/site-packages/bumperbot_msgs/srv/_add_two_ints.py
[0.361s] -- Up-to-date: /home/damian/Documents/bumperbot_ws/install/bumperbot_msgs/lib/python3.12/site-packages/bumperbot_msgs/srv/_get_transform_s.c
[0.361s] -- Up-to-date: /home/damian/Documents/bumperbot_ws/install/bumperbot_msgs/lib/python3.12/site-packages/bumperbot_msgs/srv/_get_transform.py
[0.361s] -- Up-to-date: /home/damian/Documents/bumperbot_ws/install/bumperbot_msgs/lib/python3.12/site-packages/bumperbot_msgs/srv/__init__.py
[0.361s] -- Up-to-date: /home/damian/Documents/bumperbot_ws/install/bumperbot_msgs/lib/python3.12/site-packages/bumperbot_msgs/srv/_add_two_ints_s.c
[0.362s] -- Up-to-date: /home/damian/Documents/bumperbot_ws/install/bumperbot_msgs/lib/python3.12/site-packages/bumperbot_msgs/__init__.py
[0.362s] -- Up-to-date: /home/damian/Documents/bumperbot_ws/install/bumperbot_msgs/lib/python3.12/site-packages/bumperbot_msgs/bumperbot_msgs_s__rosidl_typesupport_c.so
[0.362s] -- Up-to-date: /home/damian/Documents/bumperbot_ws/install/bumperbot_msgs/lib/python3.12/site-packages/bumperbot_msgs/_bumperbot_msgs_s.ep.rosidl_typesupport_introspection_c.c
[0.362s] -- Up-to-date: /home/damian/Documents/bumperbot_ws/install/bumperbot_msgs/lib/python3.12/site-packages/bumperbot_msgs/_bumperbot_msgs_s.ep.rosidl_typesupport_c.c
[0.377s] Listing '/home/damian/Documents/bumperbot_ws/install/bumperbot_msgs/lib/python3.12/site-packages/bumperbot_msgs'...
[0.377s] Listing '/home/damian/Documents/bumperbot_ws/install/bumperbot_msgs/lib/python3.12/site-packages/bumperbot_msgs/srv'...
[0.380s] -- Up-to-date: /home/damian/Documents/bumperbot_ws/install/bumperbot_msgs/lib/python3.12/site-packages/bumperbot_msgs/bumperbot_msgs_s__rosidl_typesupport_fastrtps_c.so
[0.380s] -- Up-to-date: /home/damian/Documents/bumperbot_ws/install/bumperbot_msgs/lib/python3.12/site-packages/bumperbot_msgs/bumperbot_msgs_s__rosidl_typesupport_introspection_c.so
[0.380s] -- Up-to-date: /home/damian/Documents/bumperbot_ws/install/bumperbot_msgs/lib/python3.12/site-packages/bumperbot_msgs/bumperbot_msgs_s__rosidl_typesupport_c.so
[0.381s] -- Up-to-date: /home/damian/Documents/bumperbot_ws/install/bumperbot_msgs/lib/libbumperbot_msgs__rosidl_generator_py.so
[0.381s] -- Up-to-date: /home/damian/Documents/bumperbot_ws/install/bumperbot_msgs/share/bumperbot_msgs/srv/AddTwoInts.idl
[0.381s] -- Up-to-date: /home/damian/Documents/bumperbot_ws/install/bumperbot_msgs/share/bumperbot_msgs/srv/GetTransform.idl
[0.381s] -- Up-to-date: /home/damian/Documents/bumperbot_ws/install/bumperbot_msgs/share/bumperbot_msgs/srv/AddTwoInts.srv
[0.382s] -- Up-to-date: /home/damian/Documents/bumperbot_ws/install/bumperbot_msgs/share/bumperbot_msgs/srv/GetTransform.srv
[0.382s] -- Up-to-date: /home/damian/Documents/bumperbot_ws/install/bumperbot_msgs/share/ament_index/resource_index/package_run_dependencies/bumperbot_msgs
[0.382s] -- Up-to-date: /home/damian/Documents/bumperbot_ws/install/bumperbot_msgs/share/ament_index/resource_index/parent_prefix_path/bumperbot_msgs
[0.382s] -- Up-to-date: /home/damian/Documents/bumperbot_ws/install/bumperbot_msgs/share/bumperbot_msgs/environment/ament_prefix_path.sh
[0.382s] -- Up-to-date: /home/damian/Documents/bumperbot_ws/install/bumperbot_msgs/share/bumperbot_msgs/environment/ament_prefix_path.dsv
[0.382s] -- Up-to-date: /home/damian/Documents/bumperbot_ws/install/bumperbot_msgs/share/bumperbot_msgs/environment/path.sh
[0.382s] -- Up-to-date: /home/damian/Documents/bumperbot_ws/install/bumperbot_msgs/share/bumperbot_msgs/environment/path.dsv
[0.382s] -- Up-to-date: /home/damian/Documents/bumperbot_ws/install/bumperbot_msgs/share/bumperbot_msgs/local_setup.bash
[0.382s] -- Up-to-date: /home/damian/Documents/bumperbot_ws/install/bumperbot_msgs/share/bumperbot_msgs/local_setup.sh
[0.382s] -- Up-to-date: /home/damian/Documents/bumperbot_ws/install/bumperbot_msgs/share/bumperbot_msgs/local_setup.zsh
[0.382s] -- Up-to-date: /home/damian/Documents/bumperbot_ws/install/bumperbot_msgs/share/bumperbot_msgs/local_setup.dsv
[0.382s] -- Installing: /home/damian/Documents/bumperbot_ws/install/bumperbot_msgs/share/bumperbot_msgs/package.dsv
[0.383s] -- Up-to-date: /home/damian/Documents/bumperbot_ws/install/bumperbot_msgs/share/ament_index/resource_index/packages/bumperbot_msgs
[0.383s] -- Up-to-date: /home/damian/Documents/bumperbot_ws/install/bumperbot_msgs/share/bumperbot_msgs/cmake/export_bumperbot_msgs__rosidl_generator_cExport.cmake
[0.383s] -- Up-to-date: /home/damian/Documents/bumperbot_ws/install/bumperbot_msgs/share/bumperbot_msgs/cmake/export_bumperbot_msgs__rosidl_generator_cExport-noconfig.cmake
[0.383s] -- Up-to-date: /home/damian/Documents/bumperbot_ws/install/bumperbot_msgs/share/bumperbot_msgs/cmake/export_bumperbot_msgs__rosidl_typesupport_fastrtps_cExport.cmake
[0.383s] -- Up-to-date: /home/damian/Documents/bumperbot_ws/install/bumperbot_msgs/share/bumperbot_msgs/cmake/export_bumperbot_msgs__rosidl_typesupport_fastrtps_cExport-noconfig.cmake
[0.383s] -- Up-to-date: /home/damian/Documents/bumperbot_ws/install/bumperbot_msgs/share/bumperbot_msgs/cmake/export_bumperbot_msgs__rosidl_generator_cppExport.cmake
[0.383s] -- Up-to-date: /home/damian/Documents/bumperbot_ws/install/bumperbot_msgs/share/bumperbot_msgs/cmake/export_bumperbot_msgs__rosidl_typesupport_fastrtps_cppExport.cmake
[0.383s] -- Up-to-date: /home/damian/Documents/bumperbot_ws/install/bumperbot_msgs/share/bumperbot_msgs/cmake/export_bumperbot_msgs__rosidl_typesupport_fastrtps_cppExport-noconfig.cmake
[0.383s] -- Up-to-date: /home/damian/Documents/bumperbot_ws/install/bumperbot_msgs/share/bumperbot_msgs/cmake/bumperbot_msgs__rosidl_typesupport_introspection_cExport.cmake
[0.383s] -- Up-to-date: /home/damian/Documents/bumperbot_ws/install/bumperbot_msgs/share/bumperbot_msgs/cmake/bumperbot_msgs__rosidl_typesupport_introspection_cExport-noconfig.cmake
[0.384s] -- Up-to-date: /home/damian/Documents/bumperbot_ws/install/bumperbot_msgs/share/bumperbot_msgs/cmake/bumperbot_msgs__rosidl_typesupport_cExport.cmake
[0.384s] -- Up-to-date: /home/damian/Documents/bumperbot_ws/install/bumperbot_msgs/share/bumperbot_msgs/cmake/bumperbot_msgs__rosidl_typesupport_cExport-noconfig.cmake
[0.384s] -- Up-to-date: /home/damian/Documents/bumperbot_ws/install/bumperbot_msgs/share/bumperbot_msgs/cmake/bumperbot_msgs__rosidl_typesupport_introspection_cppExport.cmake
[0.384s] -- Up-to-date: /home/damian/Documents/bumperbot_ws/install/bumperbot_msgs/share/bumperbot_msgs/cmake/bumperbot_msgs__rosidl_typesupport_introspection_cppExport-noconfig.cmake
[0.384s] -- Up-to-date: /home/damian/Documents/bumperbot_ws/install/bumperbot_msgs/share/bumperbot_msgs/cmake/bumperbot_msgs__rosidl_typesupport_cppExport.cmake
[0.384s] -- Up-to-date: /home/damian/Documents/bumperbot_ws/install/bumperbot_msgs/share/bumperbot_msgs/cmake/bumperbot_msgs__rosidl_typesupport_cppExport-noconfig.cmake
[0.384s] -- Up-to-date: /home/damian/Documents/bumperbot_ws/install/bumperbot_msgs/share/bumperbot_msgs/cmake/export_bumperbot_msgs__rosidl_generator_pyExport.cmake
[0.384s] -- Up-to-date: /home/damian/Documents/bumperbot_ws/install/bumperbot_msgs/share/bumperbot_msgs/cmake/export_bumperbot_msgs__rosidl_generator_pyExport-noconfig.cmake
[0.384s] -- Up-to-date: /home/damian/Documents/bumperbot_ws/install/bumperbot_msgs/share/bumperbot_msgs/cmake/rosidl_cmake-extras.cmake
[0.384s] -- Up-to-date: /home/damian/Documents/bumperbot_ws/install/bumperbot_msgs/share/bumperbot_msgs/cmake/ament_cmake_export_dependencies-extras.cmake
[0.385s] -- Up-to-date: /home/damian/Documents/bumperbot_ws/install/bumperbot_msgs/share/bumperbot_msgs/cmake/ament_cmake_export_include_directories-extras.cmake
[0.385s] -- Up-to-date: /home/damian/Documents/bumperbot_ws/install/bumperbot_msgs/share/bumperbot_msgs/cmake/ament_cmake_export_libraries-extras.cmake
[0.385s] -- Up-to-date: /home/damian/Documents/bumperbot_ws/install/bumperbot_msgs/share/bumperbot_msgs/cmake/ament_cmake_export_targets-extras.cmake
[0.385s] -- Up-to-date: /home/damian/Documents/bumperbot_ws/install/bumperbot_msgs/share/bumperbot_msgs/cmake/rosidl_cmake_export_typesupport_targets-extras.cmake
[0.385s] -- Up-to-date: /home/damian/Documents/bumperbot_ws/install/bumperbot_msgs/share/bumperbot_msgs/cmake/rosidl_cmake_export_typesupport_libraries-extras.cmake
[0.385s] -- Up-to-date: /home/damian/Documents/bumperbot_ws/install/bumperbot_msgs/share/bumperbot_msgs/cmake/bumperbot_msgsConfig.cmake
[0.385s] -- Up-to-date: /home/damian/Documents/bumperbot_ws/install/bumperbot_msgs/share/bumperbot_msgs/cmake/bumperbot_msgsConfig-version.cmake
[0.385s] -- Up-to-date: /home/damian/Documents/bumperbot_ws/install/bumperbot_msgs/share/bumperbot_msgs/package.xml
[0.386s] Invoked command in '/home/damian/Documents/bumperbot_ws/build/bumperbot_msgs' returned '0': CMAKE_PREFIX_PATH=${CMAKE_PREFIX_PATH}:/opt/ros/jazzy CONDA_PROMPT_MODIFIER=(base) /usr/bin/cmake --install /home/damian/Documents/bumperbot_ws/build/bumperbot_msgs
