[0.011s] Invoking command in '/home/damian/Documents/bumperbot_ws/build/bumperbot_bringup': CMAKE_PREFIX_PATH=${CMAKE_PREFIX_PATH}:/opt/ros/jazzy CONDA_PROMPT_MODIFIER=(base) /usr/bin/cmake --build /home/damian/Documents/bumperbot_ws/build/bumperbot_bringup -- -j24 -l24
[0.042s] Invoked command in '/home/damian/Documents/bumperbot_ws/build/bumperbot_bringup' returned '0': CMAKE_PREFIX_PATH=${CMAKE_PREFIX_PATH}:/opt/ros/jazzy CONDA_PROMPT_MODIFIER=(base) /usr/bin/cmake --build /home/damian/Documents/bumperbot_ws/build/bumperbot_bringup -- -j24 -l24
[0.066s] Invoking command in '/home/damian/Documents/bumperbot_ws/build/bumperbot_bringup': CMAKE_PREFIX_PATH=${CMAKE_PREFIX_PATH}:/opt/ros/jazzy CONDA_PROMPT_MODIFIER=(base) /usr/bin/cmake --install /home/damian/Documents/bumperbot_ws/build/bumperbot_bringup
[0.072s] -- Install configuration: ""
[0.073s] -- Up-to-date: /home/damian/Documents/bumperbot_ws/install/bumperbot_bringup/share/bumperbot_bringup/launch
[0.073s] -- Up-to-date: /home/damian/Documents/bumperbot_ws/install/bumperbot_bringup/share/bumperbot_bringup/launch/real_robot.launch.py
[0.073s] -- Up-to-date: /home/damian/Documents/bumperbot_ws/install/bumperbot_bringup/share/bumperbot_bringup/launch/simulated_robot.launch.py
[0.073s] -- Up-to-date: /home/damian/Documents/bumperbot_ws/install/bumperbot_bringup/share/ament_index/resource_index/package_run_dependencies/bumperbot_bringup
[0.073s] -- Up-to-date: /home/damian/Documents/bumperbot_ws/install/bumperbot_bringup/share/ament_index/resource_index/parent_prefix_path/bumperbot_bringup
[0.073s] -- Up-to-date: /home/damian/Documents/bumperbot_ws/install/bumperbot_bringup/share/bumperbot_bringup/environment/ament_prefix_path.sh
[0.073s] -- Up-to-date: /home/damian/Documents/bumperbot_ws/install/bumperbot_bringup/share/bumperbot_bringup/environment/ament_prefix_path.dsv
[0.073s] -- Up-to-date: /home/damian/Documents/bumperbot_ws/install/bumperbot_bringup/share/bumperbot_bringup/environment/path.sh
[0.074s] -- Up-to-date: /home/damian/Documents/bumperbot_ws/install/bumperbot_bringup/share/bumperbot_bringup/environment/path.dsv
[0.074s] -- Up-to-date: /home/damian/Documents/bumperbot_ws/install/bumperbot_bringup/share/bumperbot_bringup/local_setup.bash
[0.074s] -- Up-to-date: /home/damian/Documents/bumperbot_ws/install/bumperbot_bringup/share/bumperbot_bringup/local_setup.sh
[0.074s] -- Up-to-date: /home/damian/Documents/bumperbot_ws/install/bumperbot_bringup/share/bumperbot_bringup/local_setup.zsh
[0.074s] -- Up-to-date: /home/damian/Documents/bumperbot_ws/install/bumperbot_bringup/share/bumperbot_bringup/local_setup.dsv
[0.074s] -- Installing: /home/damian/Documents/bumperbot_ws/install/bumperbot_bringup/share/bumperbot_bringup/package.dsv
[0.074s] -- Up-to-date: /home/damian/Documents/bumperbot_ws/install/bumperbot_bringup/share/ament_index/resource_index/packages/bumperbot_bringup
[0.074s] -- Up-to-date: /home/damian/Documents/bumperbot_ws/install/bumperbot_bringup/share/bumperbot_bringup/cmake/bumperbot_bringupConfig.cmake
[0.074s] -- Up-to-date: /home/damian/Documents/bumperbot_ws/install/bumperbot_bringup/share/bumperbot_bringup/cmake/bumperbot_bringupConfig-version.cmake
[0.074s] -- Up-to-date: /home/damian/Documents/bumperbot_ws/install/bumperbot_bringup/share/bumperbot_bringup/package.xml
[0.085s] Invoked command in '/home/damian/Documents/bumperbot_ws/build/bumperbot_bringup' returned '0': CMAKE_PREFIX_PATH=${CMAKE_PREFIX_PATH}:/opt/ros/jazzy CONDA_PROMPT_MODIFIER=(base) /usr/bin/cmake --install /home/damian/Documents/bumperbot_ws/build/bumperbot_bringup
