[0.017s] Invoking command in '/home/damian/Documents/bumperbot_ws/build/bumperbot_msgs': CMAKE_PREFIX_PATH=${CMAKE_PREFIX_PATH}:/opt/ros/jazzy CONDA_PROMPT_MODIFIER=(base) /usr/bin/cmake /home/damian/Documents/bumperbot_ws/src/bumperbot_msgs -DCMAKE_INSTALL_PREFIX=/home/damian/Documents/bumperbot_ws/install/bumperbot_msgs
[0.027s] -- Found ament_cmake: 2.5.2 (/opt/ros/jazzy/share/ament_cmake/cmake)
[0.169s] -- Found geometry_msgs: 5.3.5 (/opt/ros/jazzy/share/geometry_msgs/cmake)
[0.198s] -- Found rosidl_generator_c: 4.6.4 (/opt/ros/jazzy/share/rosidl_generator_c/cmake)
[0.208s] -- Found rosidl_generator_cpp: 4.6.4 (/opt/ros/jazzy/share/rosidl_generator_cpp/cmake)
[0.221s] -- Using all available rosidl_typesupport_c: rosidl_typesupport_fastrtps_c;rosidl_typesupport_introspection_c
[0.236s] -- Using all available rosidl_typesupport_cpp: rosidl_typesupport_fastrtps_cpp;rosidl_typesupport_introspection_cpp
[0.283s] -- Found rosidl_default_generators: 1.6.0 (/opt/ros/jazzy/share/rosidl_default_generators/cmake)
[0.291s] -- Found rosidl_adapter: 4.6.4 (/opt/ros/jazzy/share/rosidl_adapter/cmake)
[0.680s] -- Found ament_cmake_ros: 0.12.0 (/opt/ros/jazzy/share/ament_cmake_ros/cmake)
[1.187s] -- Using all available rosidl_typesupport_c: rosidl_typesupport_fastrtps_c;rosidl_typesupport_introspection_c
[1.389s] -- Using all available rosidl_typesupport_cpp: rosidl_typesupport_fastrtps_cpp;rosidl_typesupport_introspection_cpp
[1.393s] -- Found python_cmake_module: 0.11.1 (/opt/ros/jazzy/share/python_cmake_module/cmake)
[1.471s] -- Found PythonExtra: /home/damian/miniconda3/bin/python3  
[1.870s] -- Found Python3: /home/damian/miniconda3/bin/python3 (found version "3.12.7") found components: Interpreter Development NumPy Development.Module Development.Embed 
[1.920s] -- Configuring done (1.9s)
[1.953s] -- Generating done (0.0s)
[1.955s] -- Build files have been written to: /home/damian/Documents/bumperbot_ws/build/bumperbot_msgs
[1.964s] Invoked command in '/home/damian/Documents/bumperbot_ws/build/bumperbot_msgs' returned '0': CMAKE_PREFIX_PATH=${CMAKE_PREFIX_PATH}:/opt/ros/jazzy CONDA_PROMPT_MODIFIER=(base) /usr/bin/cmake /home/damian/Documents/bumperbot_ws/src/bumperbot_msgs -DCMAKE_INSTALL_PREFIX=/home/damian/Documents/bumperbot_ws/install/bumperbot_msgs
[1.965s] Invoking command in '/home/damian/Documents/bumperbot_ws/build/bumperbot_msgs': CMAKE_PREFIX_PATH=${CMAKE_PREFIX_PATH}:/opt/ros/jazzy CONDA_PROMPT_MODIFIER=(base) /usr/bin/cmake --build /home/damian/Documents/bumperbot_ws/build/bumperbot_msgs -- -j24 -l24
[2.014s] [  2%] [34m[1mGenerating type hashes for ROS interfaces[0m
[2.022s] [  2%] Built target ament_cmake_python_copy_bumperbot_msgs
[2.044s] Traceback (most recent call last):
[2.044s]   File "/opt/ros/jazzy/lib/rosidl_generator_type_description/rosidl_generator_type_description", line 21, in <module>
[2.044s]     from rosidl_generator_type_description import generate_type_hash
[2.044s]   File "/opt/ros/jazzy/lib/python3.12/site-packages/rosidl_generator_type_description/__init__.py", line 24, in <module>
[2.044s]     from rosidl_parser.parser import parse_idl_file
[2.044s]   File "/opt/ros/jazzy/lib/python3.12/site-packages/rosidl_parser/parser.py", line 20, in <module>
[2.045s]     from lark import Lark
[2.045s] ModuleNotFoundError: No module named 'lark'
[2.048s] gmake[2]: *** [CMakeFiles/bumperbot_msgs__rosidl_generator_type_description.dir/build.make:77: rosidl_generator_type_description/bumperbot_msgs/srv/AddTwoInts.json] Error 1
[2.048s] gmake[1]: *** [CMakeFiles/Makefile2:215: CMakeFiles/bumperbot_msgs__rosidl_generator_type_description.dir/all] Error 2
[2.048s] gmake[1]: *** Waiting for unfinished jobs....
[2.154s] running egg_info
[2.155s] creating bumperbot_msgs.egg-info
[2.165s] writing bumperbot_msgs.egg-info/PKG-INFO
[2.165s] writing dependency_links to bumperbot_msgs.egg-info/dependency_links.txt
[2.165s] writing top-level names to bumperbot_msgs.egg-info/top_level.txt
[2.165s] writing manifest file 'bumperbot_msgs.egg-info/SOURCES.txt'
[2.194s] reading manifest file 'bumperbot_msgs.egg-info/SOURCES.txt'
[2.194s] writing manifest file 'bumperbot_msgs.egg-info/SOURCES.txt'
[2.217s] [  2%] Built target ament_cmake_python_build_bumperbot_msgs_egg
[2.218s] gmake: *** [Makefile:146: all] Error 2
[2.220s] Invoked command in '/home/damian/Documents/bumperbot_ws/build/bumperbot_msgs' returned '2': CMAKE_PREFIX_PATH=${CMAKE_PREFIX_PATH}:/opt/ros/jazzy CONDA_PROMPT_MODIFIER=(base) /usr/bin/cmake --build /home/damian/Documents/bumperbot_ws/build/bumperbot_msgs -- -j24 -l24
