[0.009s] Invoking command in '/home/damian/Documents/bumperbot_ws/build/bumperbot_msgs': CONDA_PROMPT_MODIFIER=(base) /usr/bin/cmake --build /home/damian/Documents/bumperbot_ws/build/bumperbot_msgs -- -j24 -l24
[0.042s] [  2%] Built target bumperbot_msgs__rosidl_generator_type_description
[0.050s] [  2%] Built target ament_cmake_python_copy_bumperbot_msgs
[0.057s] [  4%] Built target bumperbot_msgs__cpp
[0.060s] [ 22%] Built target bumperbot_msgs__rosidl_generator_c
[0.078s] [ 31%] Built target bumperbot_msgs__rosidl_typesupport_fastrtps_cpp
[0.078s] [ 59%] Built target bumperbot_msgs__rosidl_typesupport_introspection_c
[0.079s] [ 59%] Built target bumperbot_msgs__rosidl_typesupport_c
[0.079s] [ 59%] Built target bumperbot_msgs__rosidl_typesupport_cpp
[0.079s] [ 77%] Built target bumperbot_msgs__rosidl_typesupport_introspection_cpp
[0.079s] [ 77%] Built target bumperbot_msgs__rosidl_typesupport_fastrtps_c
[0.093s] [ 77%] Built target bumperbot_msgs
[0.107s] [ 79%] Built target bumperbot_msgs__py
[0.124s] [ 86%] Built target bumperbot_msgs__rosidl_generator_py
[0.139s] [ 90%] Built target bumperbot_msgs_s__rosidl_typesupport_introspection_c
[0.140s] [ 95%] Built target bumperbot_msgs_s__rosidl_typesupport_c
[0.140s] [100%] Built target bumperbot_msgs_s__rosidl_typesupport_fastrtps_c
[0.146s] running egg_info
[0.150s] writing bumperbot_msgs.egg-info/PKG-INFO
[0.150s] writing dependency_links to bumperbot_msgs.egg-info/dependency_links.txt
[0.150s] writing top-level names to bumperbot_msgs.egg-info/top_level.txt
[0.160s] reading manifest file 'bumperbot_msgs.egg-info/SOURCES.txt'
[0.161s] writing manifest file 'bumperbot_msgs.egg-info/SOURCES.txt'
[0.180s] [100%] Built target ament_cmake_python_build_bumperbot_msgs_egg
