[0.015s] Invoking command in '/home/damian/Documents/bumperbot_ws/build/bumperbot_firmware': CMAKE_PREFIX_PATH=${CMAKE_PREFIX_PATH}:/opt/ros/jazzy CONDA_PROMPT_MODIFIER=(base) /usr/bin/cmake --build /home/damian/Documents/bumperbot_ws/build/bumperbot_firmware -- -j24 -l24
[0.065s] [  0%] Built target ament_cmake_python_copy_bumperbot_firmware
[0.067s] [ 33%] Built target simple_serial_transmitter
[0.069s] [ 66%] Built target simple_serial_receiver
[0.070s] [100%] Built target bumperbot_firmware
[0.193s] running egg_info
[0.204s] writing bumperbot_firmware.egg-info/PKG-INFO
[0.204s] writing dependency_links to bumperbot_firmware.egg-info/dependency_links.txt
[0.204s] writing top-level names to bumperbot_firmware.egg-info/top_level.txt
[0.231s] reading manifest file 'bumperbot_firmware.egg-info/SOURCES.txt'
[0.232s] writing manifest file 'bumperbot_firmware.egg-info/SOURCES.txt'
[0.255s] [100%] Built target ament_cmake_python_build_bumperbot_firmware_egg
[0.264s] Invoked command in '/home/damian/Documents/bumperbot_ws/build/bumperbot_firmware' returned '0': CMAKE_PREFIX_PATH=${CMAKE_PREFIX_PATH}:/opt/ros/jazzy CONDA_PROMPT_MODIFIER=(base) /usr/bin/cmake --build /home/damian/Documents/bumperbot_ws/build/bumperbot_firmware -- -j24 -l24
[0.292s] Invoking command in '/home/damian/Documents/bumperbot_ws/build/bumperbot_firmware': CMAKE_PREFIX_PATH=${CMAKE_PREFIX_PATH}:/opt/ros/jazzy CONDA_PROMPT_MODIFIER=(base) /usr/bin/cmake --install /home/damian/Documents/bumperbot_ws/build/bumperbot_firmware
[0.299s] -- Install configuration: ""
[0.299s] -- Installing: /home/damian/Documents/bumperbot_ws/install/bumperbot_firmware/share/bumperbot_firmware/environment/pythonpath.sh
[0.299s] -- Installing: /home/damian/Documents/bumperbot_ws/install/bumperbot_firmware/share/bumperbot_firmware/environment/pythonpath.dsv
[0.299s] -- Installing: /home/damian/Documents/bumperbot_ws/install/bumperbot_firmware/lib/python3.12/site-packages/bumperbot_firmware-0.0.0-py3.12.egg-info
[0.299s] -- Installing: /home/damian/Documents/bumperbot_ws/install/bumperbot_firmware/lib/python3.12/site-packages/bumperbot_firmware-0.0.0-py3.12.egg-info/PKG-INFO
[0.299s] -- Installing: /home/damian/Documents/bumperbot_ws/install/bumperbot_firmware/lib/python3.12/site-packages/bumperbot_firmware-0.0.0-py3.12.egg-info/SOURCES.txt
[0.299s] -- Installing: /home/damian/Documents/bumperbot_ws/install/bumperbot_firmware/lib/python3.12/site-packages/bumperbot_firmware-0.0.0-py3.12.egg-info/dependency_links.txt
[0.300s] -- Installing: /home/damian/Documents/bumperbot_ws/install/bumperbot_firmware/lib/python3.12/site-packages/bumperbot_firmware-0.0.0-py3.12.egg-info/top_level.txt
[0.300s] -- Installing: /home/damian/Documents/bumperbot_ws/install/bumperbot_firmware/lib/python3.12/site-packages/bumperbot_firmware
[0.300s] -- Installing: /home/damian/Documents/bumperbot_ws/install/bumperbot_firmware/lib/python3.12/site-packages/bumperbot_firmware/mpu6050_driver.py
[0.300s] -- Installing: /home/damian/Documents/bumperbot_ws/install/bumperbot_firmware/lib/python3.12/site-packages/bumperbot_firmware/__init__.py
[0.300s] -- Installing: /home/damian/Documents/bumperbot_ws/install/bumperbot_firmware/lib/python3.12/site-packages/bumperbot_firmware/simple_serial_receiver.py
[0.300s] -- Installing: /home/damian/Documents/bumperbot_ws/install/bumperbot_firmware/lib/python3.12/site-packages/bumperbot_firmware/simple_serial_transmitter.py
[0.323s] Listing '/home/damian/Documents/bumperbot_ws/install/bumperbot_firmware/lib/python3.12/site-packages/bumperbot_firmware'...
[0.323s] Compiling '/home/damian/Documents/bumperbot_ws/install/bumperbot_firmware/lib/python3.12/site-packages/bumperbot_firmware/__init__.py'...
[0.323s] Compiling '/home/damian/Documents/bumperbot_ws/install/bumperbot_firmware/lib/python3.12/site-packages/bumperbot_firmware/mpu6050_driver.py'...
[0.323s] Compiling '/home/damian/Documents/bumperbot_ws/install/bumperbot_firmware/lib/python3.12/site-packages/bumperbot_firmware/simple_serial_receiver.py'...
[0.323s] Compiling '/home/damian/Documents/bumperbot_ws/install/bumperbot_firmware/lib/python3.12/site-packages/bumperbot_firmware/simple_serial_transmitter.py'...
[0.327s] -- Installing: /home/damian/Documents/bumperbot_ws/install/bumperbot_firmware/share/bumperbot_firmware/bumperbot_interface.xml
[0.327s] -- Installing: /home/damian/Documents/bumperbot_ws/install/bumperbot_firmware/lib/libbumperbot_firmware.so
[0.328s] -- Set non-toolchain portion of runtime path of "/home/damian/Documents/bumperbot_ws/install/bumperbot_firmware/lib/libbumperbot_firmware.so" to ""
[0.328s] -- Installing: /home/damian/Documents/bumperbot_ws/install/bumperbot_firmware/include/include
[0.328s] -- Installing: /home/damian/Documents/bumperbot_ws/install/bumperbot_firmware/include/include/bumperbot_firmware
[0.328s] -- Installing: /home/damian/Documents/bumperbot_ws/install/bumperbot_firmware/include/include/bumperbot_firmware/bumperbot_interface.hpp
[0.328s] -- Installing: /home/damian/Documents/bumperbot_ws/install/bumperbot_firmware/share/bumperbot_firmware/launch
[0.328s] -- Installing: /home/damian/Documents/bumperbot_ws/install/bumperbot_firmware/share/bumperbot_firmware/launch/hardware_interface.launch.py
[0.328s] -- Installing: /home/damian/Documents/bumperbot_ws/install/bumperbot_firmware/lib/bumperbot_firmware/simple_serial_transmitter.py
[0.328s] -- Installing: /home/damian/Documents/bumperbot_ws/install/bumperbot_firmware/lib/bumperbot_firmware/simple_serial_receiver.py
[0.328s] -- Installing: /home/damian/Documents/bumperbot_ws/install/bumperbot_firmware/lib/bumperbot_firmware/mpu6050_driver.py
[0.329s] -- Installing: /home/damian/Documents/bumperbot_ws/install/bumperbot_firmware/lib/bumperbot_firmware/simple_serial_receiver
[0.330s] -- Set non-toolchain portion of runtime path of "/home/damian/Documents/bumperbot_ws/install/bumperbot_firmware/lib/bumperbot_firmware/simple_serial_receiver" to ""
[0.330s] -- Installing: /home/damian/Documents/bumperbot_ws/install/bumperbot_firmware/lib/bumperbot_firmware/simple_serial_transmitter
[0.334s] -- Set non-toolchain portion of runtime path of "/home/damian/Documents/bumperbot_ws/install/bumperbot_firmware/lib/bumperbot_firmware/simple_serial_transmitter" to ""
[0.334s] -- Installing: /home/damian/Documents/bumperbot_ws/install/bumperbot_firmware/share/bumperbot_firmware/environment/library_path.sh
[0.334s] -- Installing: /home/damian/Documents/bumperbot_ws/install/bumperbot_firmware/share/bumperbot_firmware/environment/library_path.dsv
[0.336s] -- Installing: /home/damian/Documents/bumperbot_ws/install/bumperbot_firmware/share/ament_index/resource_index/package_run_dependencies/bumperbot_firmware
[0.337s] -- Installing: /home/damian/Documents/bumperbot_ws/install/bumperbot_firmware/share/ament_index/resource_index/parent_prefix_path/bumperbot_firmware
[0.337s] -- Installing: /home/damian/Documents/bumperbot_ws/install/bumperbot_firmware/share/bumperbot_firmware/environment/ament_prefix_path.sh
[0.337s] -- Installing: /home/damian/Documents/bumperbot_ws/install/bumperbot_firmware/share/bumperbot_firmware/environment/ament_prefix_path.dsv
[0.337s] -- Installing: /home/damian/Documents/bumperbot_ws/install/bumperbot_firmware/share/bumperbot_firmware/environment/path.sh
[0.337s] -- Installing: /home/damian/Documents/bumperbot_ws/install/bumperbot_firmware/share/bumperbot_firmware/environment/path.dsv
[0.338s] -- Installing: /home/damian/Documents/bumperbot_ws/install/bumperbot_firmware/share/bumperbot_firmware/local_setup.bash
[0.338s] -- Installing: /home/damian/Documents/bumperbot_ws/install/bumperbot_firmware/share/bumperbot_firmware/local_setup.sh
[0.338s] -- Installing: /home/damian/Documents/bumperbot_ws/install/bumperbot_firmware/share/bumperbot_firmware/local_setup.zsh
[0.338s] -- Installing: /home/damian/Documents/bumperbot_ws/install/bumperbot_firmware/share/bumperbot_firmware/local_setup.dsv
[0.338s] -- Installing: /home/damian/Documents/bumperbot_ws/install/bumperbot_firmware/share/bumperbot_firmware/package.dsv
[0.338s] -- Installing: /home/damian/Documents/bumperbot_ws/install/bumperbot_firmware/share/ament_index/resource_index/packages/bumperbot_firmware
[0.338s] -- Installing: /home/damian/Documents/bumperbot_ws/install/bumperbot_firmware/share/ament_index/resource_index/hardware_interface__pluginlib__plugin/bumperbot_firmware
[0.339s] -- Installing: /home/damian/Documents/bumperbot_ws/install/bumperbot_firmware/share/bumperbot_firmware/cmake/ament_cmake_export_include_directories-extras.cmake
[0.339s] -- Installing: /home/damian/Documents/bumperbot_ws/install/bumperbot_firmware/share/bumperbot_firmware/cmake/ament_cmake_export_libraries-extras.cmake
[0.339s] -- Installing: /home/damian/Documents/bumperbot_ws/install/bumperbot_firmware/share/bumperbot_firmware/cmake/ament_cmake_export_dependencies-extras.cmake
[0.339s] -- Installing: /home/damian/Documents/bumperbot_ws/install/bumperbot_firmware/share/bumperbot_firmware/cmake/bumperbot_firmwareConfig.cmake
[0.339s] -- Installing: /home/damian/Documents/bumperbot_ws/install/bumperbot_firmware/share/bumperbot_firmware/cmake/bumperbot_firmwareConfig-version.cmake
[0.339s] -- Installing: /home/damian/Documents/bumperbot_ws/install/bumperbot_firmware/share/bumperbot_firmware/package.xml
