[0.010s] Invoking command in '/home/damian/Documents/bumperbot_ws/build/bumperbot_description': CONDA_PROMPT_MODIFIER=(base) /usr/bin/cmake --build /home/damian/Documents/bumperbot_ws/build/bumperbot_description -- -j24 -l24
[0.034s] Invoked command in '/home/damian/Documents/bumperbot_ws/build/bumperbot_description' returned '0': CONDA_PROMPT_MODIFIER=(base) /usr/bin/cmake --build /home/damian/Documents/bumperbot_ws/build/bumperbot_description -- -j24 -l24
[0.055s] Invoking command in '/home/damian/Documents/bumperbot_ws/build/bumperbot_description': CONDA_PROMPT_MODIFIER=(base) /usr/bin/cmake --install /home/damian/Documents/bumperbot_ws/build/bumperbot_description
[0.062s] -- Install configuration: ""
[0.062s] -- Up-to-date: /home/damian/Documents/bumperbot_ws/install/bumperbot_description/share/bumperbot_description/launch
[0.063s] -- Up-to-date: /home/damian/Documents/bumperbot_ws/install/bumperbot_description/share/bumperbot_description/launch/display.launch.py
[0.063s] -- Up-to-date: /home/damian/Documents/bumperbot_ws/install/bumperbot_description/share/bumperbot_description/launch/gazebo.launch.py
[0.063s] -- Up-to-date: /home/damian/Documents/bumperbot_ws/install/bumperbot_description/share/bumperbot_description/meshes
[0.063s] -- Up-to-date: /home/damian/Documents/bumperbot_ws/install/bumperbot_description/share/bumperbot_description/meshes/wheel_left_link.STL
[0.064s] -- Up-to-date: /home/damian/Documents/bumperbot_ws/install/bumperbot_description/share/bumperbot_description/meshes/imu_link.STL
[0.064s] -- Up-to-date: /home/damian/Documents/bumperbot_ws/install/bumperbot_description/share/bumperbot_description/meshes/caster_rear_link.STL
[0.064s] -- Up-to-date: /home/damian/Documents/bumperbot_ws/install/bumperbot_description/share/bumperbot_description/meshes/base_link.STL
[0.064s] -- Up-to-date: /home/damian/Documents/bumperbot_ws/install/bumperbot_description/share/bumperbot_description/meshes/wheel_right_link.STL
[0.064s] -- Up-to-date: /home/damian/Documents/bumperbot_ws/install/bumperbot_description/share/bumperbot_description/meshes/caster_front_link.STL
[0.064s] -- Up-to-date: /home/damian/Documents/bumperbot_ws/install/bumperbot_description/share/bumperbot_description/urdf
[0.064s] -- Up-to-date: /home/damian/Documents/bumperbot_ws/install/bumperbot_description/share/bumperbot_description/urdf/bumperbot.urdf.xacro
[0.065s] -- Up-to-date: /home/damian/Documents/bumperbot_ws/install/bumperbot_description/share/bumperbot_description/urdf/bumperbot_ros2_control.xacro
[0.065s] -- Up-to-date: /home/damian/Documents/bumperbot_ws/install/bumperbot_description/share/bumperbot_description/urdf/bumperbot_gazebo.xacro
[0.065s] -- Up-to-date: /home/damian/Documents/bumperbot_ws/install/bumperbot_description/share/bumperbot_description/rviz
[0.065s] -- Up-to-date: /home/damian/Documents/bumperbot_ws/install/bumperbot_description/share/bumperbot_description/rviz/display.rviz
[0.065s] -- Up-to-date: /home/damian/Documents/bumperbot_ws/install/bumperbot_description/share/ament_index/resource_index/package_run_dependencies/bumperbot_description
[0.065s] -- Up-to-date: /home/damian/Documents/bumperbot_ws/install/bumperbot_description/share/ament_index/resource_index/parent_prefix_path/bumperbot_description
[0.065s] -- Up-to-date: /home/damian/Documents/bumperbot_ws/install/bumperbot_description/share/bumperbot_description/environment/ament_prefix_path.sh
[0.065s] -- Up-to-date: /home/damian/Documents/bumperbot_ws/install/bumperbot_description/share/bumperbot_description/environment/ament_prefix_path.dsv
[0.066s] -- Up-to-date: /home/damian/Documents/bumperbot_ws/install/bumperbot_description/share/bumperbot_description/environment/path.sh
[0.066s] -- Up-to-date: /home/damian/Documents/bumperbot_ws/install/bumperbot_description/share/bumperbot_description/environment/path.dsv
[0.066s] -- Up-to-date: /home/damian/Documents/bumperbot_ws/install/bumperbot_description/share/bumperbot_description/local_setup.bash
[0.066s] -- Up-to-date: /home/damian/Documents/bumperbot_ws/install/bumperbot_description/share/bumperbot_description/local_setup.sh
[0.066s] -- Up-to-date: /home/damian/Documents/bumperbot_ws/install/bumperbot_description/share/bumperbot_description/local_setup.zsh
[0.067s] -- Up-to-date: /home/damian/Documents/bumperbot_ws/install/bumperbot_description/share/bumperbot_description/local_setup.dsv
[0.067s] -- Installing: /home/damian/Documents/bumperbot_ws/install/bumperbot_description/share/bumperbot_description/package.dsv
[0.067s] -- Up-to-date: /home/damian/Documents/bumperbot_ws/install/bumperbot_description/share/ament_index/resource_index/packages/bumperbot_description
[0.067s] -- Up-to-date: /home/damian/Documents/bumperbot_ws/install/bumperbot_description/share/bumperbot_description/cmake/bumperbot_descriptionConfig.cmake
[0.067s] -- Up-to-date: /home/damian/Documents/bumperbot_ws/install/bumperbot_description/share/bumperbot_description/cmake/bumperbot_descriptionConfig-version.cmake
[0.067s] -- Up-to-date: /home/damian/Documents/bumperbot_ws/install/bumperbot_description/share/bumperbot_description/package.xml
[0.076s] Invoked command in '/home/damian/Documents/bumperbot_ws/build/bumperbot_description' returned '0': CONDA_PROMPT_MODIFIER=(base) /usr/bin/cmake --install /home/damian/Documents/bumperbot_ws/build/bumperbot_description
