[0.656s] Invoking command in '/home/damian/Documents/bumperbot_ws/src/bumperbot_py_examples': CONDA_PROMPT_MODIFIER=(base) PYTHONPATH=/home/damian/Documents/bumperbot_ws/build/bumperbot_py_examples/prefix_override:/usr/lib/python3/dist-packages/colcon_core/task/python/colcon_distutils_commands:/home/damian/Documents/bumperbot_ws/install/bumperbot_py_examples/lib/python3.12/site-packages:${PYTHONPATH} /usr/bin/python3 -W ignore:setup.py install is deprecated setup.py egg_info --egg-base ../../build/bumperbot_py_examples build --build-base /home/damian/Documents/bumperbot_ws/build/bumperbot_py_examples/build install --record /home/damian/Documents/bumperbot_ws/build/bumperbot_py_examples/install.log --single-version-externally-managed install_data
[0.851s] running egg_info
[0.851s] creating ../../build/bumperbot_py_examples/bumperbot_py_examples.egg-info
[0.866s] writing ../../build/bumperbot_py_examples/bumperbot_py_examples.egg-info/PKG-INFO
[0.866s] writing dependency_links to ../../build/bumperbot_py_examples/bumperbot_py_examples.egg-info/dependency_links.txt
[0.866s] writing entry points to ../../build/bumperbot_py_examples/bumperbot_py_examples.egg-info/entry_points.txt
[0.867s] writing requirements to ../../build/bumperbot_py_examples/bumperbot_py_examples.egg-info/requires.txt
[0.867s] writing top-level names to ../../build/bumperbot_py_examples/bumperbot_py_examples.egg-info/top_level.txt
[0.867s] writing manifest file '../../build/bumperbot_py_examples/bumperbot_py_examples.egg-info/SOURCES.txt'
[0.897s] reading manifest file '../../build/bumperbot_py_examples/bumperbot_py_examples.egg-info/SOURCES.txt'
[0.898s] writing manifest file '../../build/bumperbot_py_examples/bumperbot_py_examples.egg-info/SOURCES.txt'
[0.898s] running build
[0.898s] running build_py
[0.899s] creating /home/damian/Documents/bumperbot_ws/build/bumperbot_py_examples/build
[0.899s] creating /home/damian/Documents/bumperbot_ws/build/bumperbot_py_examples/build/lib
[0.899s] creating /home/damian/Documents/bumperbot_ws/build/bumperbot_py_examples/build/lib/bumperbot_py_examples
[0.899s] copying bumperbot_py_examples/simple_tf_kinematics.py -> /home/damian/Documents/bumperbot_ws/build/bumperbot_py_examples/build/lib/bumperbot_py_examples
[0.899s] copying bumperbot_py_examples/simple_lifecycle_node.py -> /home/damian/Documents/bumperbot_ws/build/bumperbot_py_examples/build/lib/bumperbot_py_examples
[0.899s] copying bumperbot_py_examples/simple_turtlesim_kinematics.py -> /home/damian/Documents/bumperbot_ws/build/bumperbot_py_examples/build/lib/bumperbot_py_examples
[0.899s] copying bumperbot_py_examples/simple_service_server.py -> /home/damian/Documents/bumperbot_ws/build/bumperbot_py_examples/build/lib/bumperbot_py_examples
[0.899s] copying bumperbot_py_examples/simple_subscriber.py -> /home/damian/Documents/bumperbot_ws/build/bumperbot_py_examples/build/lib/bumperbot_py_examples
[0.900s] copying bumperbot_py_examples/__init__.py -> /home/damian/Documents/bumperbot_ws/build/bumperbot_py_examples/build/lib/bumperbot_py_examples
[0.900s] copying bumperbot_py_examples/simple_publisher.py -> /home/damian/Documents/bumperbot_ws/build/bumperbot_py_examples/build/lib/bumperbot_py_examples
[0.900s] copying bumperbot_py_examples/simple_parameter.py -> /home/damian/Documents/bumperbot_ws/build/bumperbot_py_examples/build/lib/bumperbot_py_examples
[0.900s] copying bumperbot_py_examples/simple_service_client.py -> /home/damian/Documents/bumperbot_ws/build/bumperbot_py_examples/build/lib/bumperbot_py_examples
[0.900s] running install
[0.904s] running install_lib
[0.920s] creating /home/damian/Documents/bumperbot_ws/install/bumperbot_py_examples/lib/python3.12/site-packages/bumperbot_py_examples
[0.920s] copying /home/damian/Documents/bumperbot_ws/build/bumperbot_py_examples/build/lib/bumperbot_py_examples/simple_tf_kinematics.py -> /home/damian/Documents/bumperbot_ws/install/bumperbot_py_examples/lib/python3.12/site-packages/bumperbot_py_examples
[0.920s] copying /home/damian/Documents/bumperbot_ws/build/bumperbot_py_examples/build/lib/bumperbot_py_examples/simple_lifecycle_node.py -> /home/damian/Documents/bumperbot_ws/install/bumperbot_py_examples/lib/python3.12/site-packages/bumperbot_py_examples
[0.920s] copying /home/damian/Documents/bumperbot_ws/build/bumperbot_py_examples/build/lib/bumperbot_py_examples/simple_turtlesim_kinematics.py -> /home/damian/Documents/bumperbot_ws/install/bumperbot_py_examples/lib/python3.12/site-packages/bumperbot_py_examples
[0.920s] copying /home/damian/Documents/bumperbot_ws/build/bumperbot_py_examples/build/lib/bumperbot_py_examples/simple_service_server.py -> /home/damian/Documents/bumperbot_ws/install/bumperbot_py_examples/lib/python3.12/site-packages/bumperbot_py_examples
[0.920s] copying /home/damian/Documents/bumperbot_ws/build/bumperbot_py_examples/build/lib/bumperbot_py_examples/simple_subscriber.py -> /home/damian/Documents/bumperbot_ws/install/bumperbot_py_examples/lib/python3.12/site-packages/bumperbot_py_examples
[0.920s] copying /home/damian/Documents/bumperbot_ws/build/bumperbot_py_examples/build/lib/bumperbot_py_examples/__init__.py -> /home/damian/Documents/bumperbot_ws/install/bumperbot_py_examples/lib/python3.12/site-packages/bumperbot_py_examples
[0.921s] copying /home/damian/Documents/bumperbot_ws/build/bumperbot_py_examples/build/lib/bumperbot_py_examples/simple_publisher.py -> /home/damian/Documents/bumperbot_ws/install/bumperbot_py_examples/lib/python3.12/site-packages/bumperbot_py_examples
[0.921s] copying /home/damian/Documents/bumperbot_ws/build/bumperbot_py_examples/build/lib/bumperbot_py_examples/simple_parameter.py -> /home/damian/Documents/bumperbot_ws/install/bumperbot_py_examples/lib/python3.12/site-packages/bumperbot_py_examples
[0.921s] copying /home/damian/Documents/bumperbot_ws/build/bumperbot_py_examples/build/lib/bumperbot_py_examples/simple_service_client.py -> /home/damian/Documents/bumperbot_ws/install/bumperbot_py_examples/lib/python3.12/site-packages/bumperbot_py_examples
[0.921s] byte-compiling /home/damian/Documents/bumperbot_ws/install/bumperbot_py_examples/lib/python3.12/site-packages/bumperbot_py_examples/simple_tf_kinematics.py to simple_tf_kinematics.cpython-312.pyc
[0.922s] byte-compiling /home/damian/Documents/bumperbot_ws/install/bumperbot_py_examples/lib/python3.12/site-packages/bumperbot_py_examples/simple_lifecycle_node.py to simple_lifecycle_node.cpython-312.pyc
[0.922s] byte-compiling /home/damian/Documents/bumperbot_ws/install/bumperbot_py_examples/lib/python3.12/site-packages/bumperbot_py_examples/simple_turtlesim_kinematics.py to simple_turtlesim_kinematics.cpython-312.pyc
[0.922s] byte-compiling /home/damian/Documents/bumperbot_ws/install/bumperbot_py_examples/lib/python3.12/site-packages/bumperbot_py_examples/simple_service_server.py to simple_service_server.cpython-312.pyc
[0.923s] byte-compiling /home/damian/Documents/bumperbot_ws/install/bumperbot_py_examples/lib/python3.12/site-packages/bumperbot_py_examples/simple_subscriber.py to simple_subscriber.cpython-312.pyc
[0.923s] byte-compiling /home/damian/Documents/bumperbot_ws/install/bumperbot_py_examples/lib/python3.12/site-packages/bumperbot_py_examples/__init__.py to __init__.cpython-312.pyc
[0.923s] byte-compiling /home/damian/Documents/bumperbot_ws/install/bumperbot_py_examples/lib/python3.12/site-packages/bumperbot_py_examples/simple_publisher.py to simple_publisher.cpython-312.pyc
[0.923s] byte-compiling /home/damian/Documents/bumperbot_ws/install/bumperbot_py_examples/lib/python3.12/site-packages/bumperbot_py_examples/simple_parameter.py to simple_parameter.cpython-312.pyc
[0.924s] byte-compiling /home/damian/Documents/bumperbot_ws/install/bumperbot_py_examples/lib/python3.12/site-packages/bumperbot_py_examples/simple_service_client.py to simple_service_client.cpython-312.pyc
[0.924s] running install_data
[0.924s] creating /home/damian/Documents/bumperbot_ws/install/bumperbot_py_examples/share/ament_index
[0.924s] creating /home/damian/Documents/bumperbot_ws/install/bumperbot_py_examples/share/ament_index/resource_index
[0.924s] creating /home/damian/Documents/bumperbot_ws/install/bumperbot_py_examples/share/ament_index/resource_index/packages
[0.924s] copying resource/bumperbot_py_examples -> /home/damian/Documents/bumperbot_ws/install/bumperbot_py_examples/share/ament_index/resource_index/packages
[0.925s] copying package.xml -> /home/damian/Documents/bumperbot_ws/install/bumperbot_py_examples/share/bumperbot_py_examples
[0.925s] running install_egg_info
[0.941s] Copying ../../build/bumperbot_py_examples/bumperbot_py_examples.egg-info to /home/damian/Documents/bumperbot_ws/install/bumperbot_py_examples/lib/python3.12/site-packages/bumperbot_py_examples-0.0.0-py3.12.egg-info
[0.941s] running install_scripts
[1.046s] Installing simple_lifecycle_node script to /home/damian/Documents/bumperbot_ws/install/bumperbot_py_examples/lib/bumperbot_py_examples
[1.046s] Installing simple_parameter script to /home/damian/Documents/bumperbot_ws/install/bumperbot_py_examples/lib/bumperbot_py_examples
[1.046s] Installing simple_publisher script to /home/damian/Documents/bumperbot_ws/install/bumperbot_py_examples/lib/bumperbot_py_examples
[1.046s] Installing simple_service_client script to /home/damian/Documents/bumperbot_ws/install/bumperbot_py_examples/lib/bumperbot_py_examples
[1.047s] Installing simple_service_server script to /home/damian/Documents/bumperbot_ws/install/bumperbot_py_examples/lib/bumperbot_py_examples
[1.047s] Installing simple_subscriber script to /home/damian/Documents/bumperbot_ws/install/bumperbot_py_examples/lib/bumperbot_py_examples
[1.047s] Installing simple_tf_kinematics script to /home/damian/Documents/bumperbot_ws/install/bumperbot_py_examples/lib/bumperbot_py_examples
[1.047s] Installing simple_turtlesim_kinematics script to /home/damian/Documents/bumperbot_ws/install/bumperbot_py_examples/lib/bumperbot_py_examples
[1.047s] writing list of installed files to '/home/damian/Documents/bumperbot_ws/build/bumperbot_py_examples/install.log'
