[0.015s] Invoking command in '/home/damian/Documents/bumperbot_ws/build/bumperbot_bringup': CMAKE_PREFIX_PATH=${CMAKE_PREFIX_PATH}:/opt/ros/jazzy CONDA_PROMPT_MODIFIER=(base) /usr/bin/cmake /home/damian/Documents/bumperbot_ws/src/bumperbot_bringup -DCMAKE_INSTALL_PREFIX=/home/damian/Documents/bumperbot_ws/install/bumperbot_bringup
[0.058s] -- The C compiler identification is GNU 13.2.0
[0.099s] -- The CXX compiler identification is GNU 13.2.0
[0.113s] -- Detecting C compiler ABI info
[0.181s] -- Detecting C compiler ABI info - done
[0.192s] -- Check for working C compiler: /usr/bin/cc - skipped
[0.192s] -- Detecting C compile features
[0.192s] -- Detecting C compile features - done
[0.200s] -- Detecting CXX compiler ABI info
[0.281s] -- Detecting CXX compiler ABI info - done
[0.289s] -- Check for working CXX compiler: /usr/bin/c++ - skipped
[0.289s] -- Detecting CXX compile features
[0.290s] -- Detecting CXX compile features - done
[0.293s] -- Found ament_cmake: 2.5.2 (/opt/ros/jazzy/share/ament_cmake/cmake)
[0.372s] -- Found Python3: /home/damian/miniconda3/bin/python3 (found version "3.12.7") found components: Interpreter 
[0.521s] -- Configuring done (0.5s)
[0.525s] -- Generating done (0.0s)
[0.526s] -- Build files have been written to: /home/damian/Documents/bumperbot_ws/build/bumperbot_bringup
[0.531s] Invoked command in '/home/damian/Documents/bumperbot_ws/build/bumperbot_bringup' returned '0': CMAKE_PREFIX_PATH=${CMAKE_PREFIX_PATH}:/opt/ros/jazzy CONDA_PROMPT_MODIFIER=(base) /usr/bin/cmake /home/damian/Documents/bumperbot_ws/src/bumperbot_bringup -DCMAKE_INSTALL_PREFIX=/home/damian/Documents/bumperbot_ws/install/bumperbot_bringup
[0.533s] Invoking command in '/home/damian/Documents/bumperbot_ws/build/bumperbot_bringup': CMAKE_PREFIX_PATH=${CMAKE_PREFIX_PATH}:/opt/ros/jazzy CONDA_PROMPT_MODIFIER=(base) /usr/bin/cmake --build /home/damian/Documents/bumperbot_ws/build/bumperbot_bringup -- -j24 -l24
[0.564s] Invoked command in '/home/damian/Documents/bumperbot_ws/build/bumperbot_bringup' returned '0': CMAKE_PREFIX_PATH=${CMAKE_PREFIX_PATH}:/opt/ros/jazzy CONDA_PROMPT_MODIFIER=(base) /usr/bin/cmake --build /home/damian/Documents/bumperbot_ws/build/bumperbot_bringup -- -j24 -l24
[0.589s] Invoking command in '/home/damian/Documents/bumperbot_ws/build/bumperbot_bringup': CMAKE_PREFIX_PATH=${CMAKE_PREFIX_PATH}:/opt/ros/jazzy CONDA_PROMPT_MODIFIER=(base) /usr/bin/cmake --install /home/damian/Documents/bumperbot_ws/build/bumperbot_bringup
[0.595s] -- Install configuration: ""
[0.595s] -- Installing: /home/damian/Documents/bumperbot_ws/install/bumperbot_bringup/share/bumperbot_bringup/launch
[0.595s] -- Installing: /home/damian/Documents/bumperbot_ws/install/bumperbot_bringup/share/bumperbot_bringup/launch/real_robot.launch.py
[0.595s] -- Installing: /home/damian/Documents/bumperbot_ws/install/bumperbot_bringup/share/bumperbot_bringup/launch/simulated_robot.launch.py
[0.595s] -- Installing: /home/damian/Documents/bumperbot_ws/install/bumperbot_bringup/share/ament_index/resource_index/package_run_dependencies/bumperbot_bringup
[0.595s] -- Installing: /home/damian/Documents/bumperbot_ws/install/bumperbot_bringup/share/ament_index/resource_index/parent_prefix_path/bumperbot_bringup
[0.595s] -- Installing: /home/damian/Documents/bumperbot_ws/install/bumperbot_bringup/share/bumperbot_bringup/environment/ament_prefix_path.sh
[0.596s] -- Installing: /home/damian/Documents/bumperbot_ws/install/bumperbot_bringup/share/bumperbot_bringup/environment/ament_prefix_path.dsv
[0.596s] -- Installing: /home/damian/Documents/bumperbot_ws/install/bumperbot_bringup/share/bumperbot_bringup/environment/path.sh
[0.596s] -- Installing: /home/damian/Documents/bumperbot_ws/install/bumperbot_bringup/share/bumperbot_bringup/environment/path.dsv
[0.596s] -- Installing: /home/damian/Documents/bumperbot_ws/install/bumperbot_bringup/share/bumperbot_bringup/local_setup.bash
[0.596s] -- Installing: /home/damian/Documents/bumperbot_ws/install/bumperbot_bringup/share/bumperbot_bringup/local_setup.sh
[0.596s] -- Installing: /home/damian/Documents/bumperbot_ws/install/bumperbot_bringup/share/bumperbot_bringup/local_setup.zsh
[0.596s] -- Installing: /home/damian/Documents/bumperbot_ws/install/bumperbot_bringup/share/bumperbot_bringup/local_setup.dsv
[0.596s] -- Installing: /home/damian/Documents/bumperbot_ws/install/bumperbot_bringup/share/bumperbot_bringup/package.dsv
[0.597s] -- Installing: /home/damian/Documents/bumperbot_ws/install/bumperbot_bringup/share/ament_index/resource_index/packages/bumperbot_bringup
[0.597s] -- Installing: /home/damian/Documents/bumperbot_ws/install/bumperbot_bringup/share/bumperbot_bringup/cmake/bumperbot_bringupConfig.cmake
[0.597s] -- Installing: /home/damian/Documents/bumperbot_ws/install/bumperbot_bringup/share/bumperbot_bringup/cmake/bumperbot_bringupConfig-version.cmake
[0.597s] -- Installing: /home/damian/Documents/bumperbot_ws/install/bumperbot_bringup/share/bumperbot_bringup/package.xml
[0.598s] Invoked command in '/home/damian/Documents/bumperbot_ws/build/bumperbot_bringup' returned '0': CMAKE_PREFIX_PATH=${CMAKE_PREFIX_PATH}:/opt/ros/jazzy CONDA_PROMPT_MODIFIER=(base) /usr/bin/cmake --install /home/damian/Documents/bumperbot_ws/build/bumperbot_bringup
