[  0%] Built target ament_cmake_python_copy_bumperbot_controller
[ 50%] Built target simple_controller
[100%] Built target noisy_controller
running egg_info
writing bumperbot_controller.egg-info/PKG-INFO
writing dependency_links to bumperbot_controller.egg-info/dependency_links.txt
writing top-level names to bumperbot_controller.egg-info/top_level.txt
reading manifest file 'bumperbot_controller.egg-info/SOURCES.txt'
writing manifest file 'bumperbot_controller.egg-info/SOURCES.txt'
[100%] Built target ament_cmake_python_build_bumperbot_controller_egg
-- Install configuration: ""
-- Installing: /home/damian/Documents/bumperbot_ws/install/bumperbot_controller/share/bumperbot_controller/environment/pythonpath.sh
-- Installing: /home/damian/Documents/bumperbot_ws/install/bumperbot_controller/share/bumperbot_controller/environment/pythonpath.dsv
-- Installing: /home/damian/Documents/bumperbot_ws/install/bumperbot_controller/lib/python3.12/site-packages/bumperbot_controller-0.0.0-py3.12.egg-info
-- Installing: /home/damian/Documents/bumperbot_ws/install/bumperbot_controller/lib/python3.12/site-packages/bumperbot_controller-0.0.0-py3.12.egg-info/PKG-INFO
-- Installing: /home/damian/Documents/bumperbot_ws/install/bumperbot_controller/lib/python3.12/site-packages/bumperbot_controller-0.0.0-py3.12.egg-info/SOURCES.txt
-- Installing: /home/damian/Documents/bumperbot_ws/install/bumperbot_controller/lib/python3.12/site-packages/bumperbot_controller-0.0.0-py3.12.egg-info/dependency_links.txt
-- Installing: /home/damian/Documents/bumperbot_ws/install/bumperbot_controller/lib/python3.12/site-packages/bumperbot_controller-0.0.0-py3.12.egg-info/top_level.txt
-- Installing: /home/damian/Documents/bumperbot_ws/install/bumperbot_controller/lib/python3.12/site-packages/bumperbot_controller
-- Installing: /home/damian/Documents/bumperbot_ws/install/bumperbot_controller/lib/python3.12/site-packages/bumperbot_controller/simple_controller.py
-- Installing: /home/damian/Documents/bumperbot_ws/install/bumperbot_controller/lib/python3.12/site-packages/bumperbot_controller/noisy_controller.py
-- Installing: /home/damian/Documents/bumperbot_ws/install/bumperbot_controller/lib/python3.12/site-packages/bumperbot_controller/__init__.py
Listing '/home/damian/Documents/bumperbot_ws/install/bumperbot_controller/lib/python3.12/site-packages/bumperbot_controller'...
Compiling '/home/damian/Documents/bumperbot_ws/install/bumperbot_controller/lib/python3.12/site-packages/bumperbot_controller/__init__.py'...
Compiling '/home/damian/Documents/bumperbot_ws/install/bumperbot_controller/lib/python3.12/site-packages/bumperbot_controller/noisy_controller.py'...
Compiling '/home/damian/Documents/bumperbot_ws/install/bumperbot_controller/lib/python3.12/site-packages/bumperbot_controller/simple_controller.py'...
-- Installing: /home/damian/Documents/bumperbot_ws/install/bumperbot_controller/include/include
-- Installing: /home/damian/Documents/bumperbot_ws/install/bumperbot_controller/include/include/bumperbot_controller
-- Installing: /home/damian/Documents/bumperbot_ws/install/bumperbot_controller/include/include/bumperbot_controller/simple_controller.hpp
-- Installing: /home/damian/Documents/bumperbot_ws/install/bumperbot_controller/include/include/bumperbot_controller/noisy_controller.hpp
-- Installing: /home/damian/Documents/bumperbot_ws/install/bumperbot_controller/lib/bumperbot_controller/simple_controller
-- Set non-toolchain portion of runtime path of "/home/damian/Documents/bumperbot_ws/install/bumperbot_controller/lib/bumperbot_controller/simple_controller" to ""
-- Installing: /home/damian/Documents/bumperbot_ws/install/bumperbot_controller/lib/bumperbot_controller/noisy_controller
-- Set non-toolchain portion of runtime path of "/home/damian/Documents/bumperbot_ws/install/bumperbot_controller/lib/bumperbot_controller/noisy_controller" to ""
-- Installing: /home/damian/Documents/bumperbot_ws/install/bumperbot_controller/share/bumperbot_controller/launch
-- Installing: /home/damian/Documents/bumperbot_ws/install/bumperbot_controller/share/bumperbot_controller/launch/controller.launch.py
-- Installing: /home/damian/Documents/bumperbot_ws/install/bumperbot_controller/share/bumperbot_controller/launch/joystick_teleop.launch.py
-- Installing: /home/damian/Documents/bumperbot_ws/install/bumperbot_controller/share/bumperbot_controller/config
-- Installing: /home/damian/Documents/bumperbot_ws/install/bumperbot_controller/share/bumperbot_controller/config/joy_teleop.yaml
-- Installing: /home/damian/Documents/bumperbot_ws/install/bumperbot_controller/share/bumperbot_controller/config/bumperbot_controllers.yaml
-- Installing: /home/damian/Documents/bumperbot_ws/install/bumperbot_controller/share/bumperbot_controller/config/joy_config.yaml
-- Installing: /home/damian/Documents/bumperbot_ws/install/bumperbot_controller/lib/bumperbot_controller/simple_controller.py
-- Installing: /home/damian/Documents/bumperbot_ws/install/bumperbot_controller/lib/bumperbot_controller/noisy_controller.py
-- Installing: /home/damian/Documents/bumperbot_ws/install/bumperbot_controller/share/ament_index/resource_index/package_run_dependencies/bumperbot_controller
-- Installing: /home/damian/Documents/bumperbot_ws/install/bumperbot_controller/share/ament_index/resource_index/parent_prefix_path/bumperbot_controller
-- Installing: /home/damian/Documents/bumperbot_ws/install/bumperbot_controller/share/bumperbot_controller/environment/ament_prefix_path.sh
-- Installing: /home/damian/Documents/bumperbot_ws/install/bumperbot_controller/share/bumperbot_controller/environment/ament_prefix_path.dsv
-- Installing: /home/damian/Documents/bumperbot_ws/install/bumperbot_controller/share/bumperbot_controller/environment/path.sh
-- Installing: /home/damian/Documents/bumperbot_ws/install/bumperbot_controller/share/bumperbot_controller/environment/path.dsv
-- Installing: /home/damian/Documents/bumperbot_ws/install/bumperbot_controller/share/bumperbot_controller/local_setup.bash
-- Installing: /home/damian/Documents/bumperbot_ws/install/bumperbot_controller/share/bumperbot_controller/local_setup.sh
-- Installing: /home/damian/Documents/bumperbot_ws/install/bumperbot_controller/share/bumperbot_controller/local_setup.zsh
-- Installing: /home/damian/Documents/bumperbot_ws/install/bumperbot_controller/share/bumperbot_controller/local_setup.dsv
-- Installing: /home/damian/Documents/bumperbot_ws/install/bumperbot_controller/share/bumperbot_controller/package.dsv
-- Installing: /home/damian/Documents/bumperbot_ws/install/bumperbot_controller/share/ament_index/resource_index/packages/bumperbot_controller
-- Installing: /home/damian/Documents/bumperbot_ws/install/bumperbot_controller/share/bumperbot_controller/cmake/bumperbot_controllerConfig.cmake
-- Installing: /home/damian/Documents/bumperbot_ws/install/bumperbot_controller/share/bumperbot_controller/cmake/bumperbot_controllerConfig-version.cmake
-- Installing: /home/damian/Documents/bumperbot_ws/install/bumperbot_controller/share/bumperbot_controller/package.xml
