[0.015s] Invoking command in '/home/damian/Documents/bumperbot_ws/build/bumperbot_controller': CMAKE_PREFIX_PATH=${CMAKE_PREFIX_PATH}:/opt/ros/jazzy CONDA_PROMPT_MODIFIER=(base) /usr/bin/cmake --build /home/damian/Documents/bumperbot_ws/build/bumperbot_controller -- -j24 -l24
[0.068s] [  0%] Built target ament_cmake_python_copy_bumperbot_controller
[0.071s] [ 50%] Built target simple_controller
[0.073s] [100%] Built target noisy_controller
[0.195s] running egg_info
[0.205s] writing bumperbot_controller.egg-info/PKG-INFO
[0.205s] writing dependency_links to bumperbot_controller.egg-info/dependency_links.txt
[0.205s] writing top-level names to bumperbot_controller.egg-info/top_level.txt
[0.232s] reading manifest file 'bumperbot_controller.egg-info/SOURCES.txt'
[0.233s] writing manifest file 'bumperbot_controller.egg-info/SOURCES.txt'
[0.255s] [100%] Built target ament_cmake_python_build_bumperbot_controller_egg
[0.264s] Invoked command in '/home/damian/Documents/bumperbot_ws/build/bumperbot_controller' returned '0': CMAKE_PREFIX_PATH=${CMAKE_PREFIX_PATH}:/opt/ros/jazzy CONDA_PROMPT_MODIFIER=(base) /usr/bin/cmake --build /home/damian/Documents/bumperbot_ws/build/bumperbot_controller -- -j24 -l24
[0.288s] Invoking command in '/home/damian/Documents/bumperbot_ws/build/bumperbot_controller': CMAKE_PREFIX_PATH=${CMAKE_PREFIX_PATH}:/opt/ros/jazzy CONDA_PROMPT_MODIFIER=(base) /usr/bin/cmake --install /home/damian/Documents/bumperbot_ws/build/bumperbot_controller
[0.294s] -- Install configuration: ""
[0.295s] -- Installing: /home/damian/Documents/bumperbot_ws/install/bumperbot_controller/share/bumperbot_controller/environment/pythonpath.sh
[0.295s] -- Installing: /home/damian/Documents/bumperbot_ws/install/bumperbot_controller/share/bumperbot_controller/environment/pythonpath.dsv
[0.295s] -- Installing: /home/damian/Documents/bumperbot_ws/install/bumperbot_controller/lib/python3.12/site-packages/bumperbot_controller-0.0.0-py3.12.egg-info
[0.295s] -- Installing: /home/damian/Documents/bumperbot_ws/install/bumperbot_controller/lib/python3.12/site-packages/bumperbot_controller-0.0.0-py3.12.egg-info/PKG-INFO
[0.295s] -- Installing: /home/damian/Documents/bumperbot_ws/install/bumperbot_controller/lib/python3.12/site-packages/bumperbot_controller-0.0.0-py3.12.egg-info/SOURCES.txt
[0.295s] -- Installing: /home/damian/Documents/bumperbot_ws/install/bumperbot_controller/lib/python3.12/site-packages/bumperbot_controller-0.0.0-py3.12.egg-info/dependency_links.txt
[0.295s] -- Installing: /home/damian/Documents/bumperbot_ws/install/bumperbot_controller/lib/python3.12/site-packages/bumperbot_controller-0.0.0-py3.12.egg-info/top_level.txt
[0.295s] -- Installing: /home/damian/Documents/bumperbot_ws/install/bumperbot_controller/lib/python3.12/site-packages/bumperbot_controller
[0.296s] -- Installing: /home/damian/Documents/bumperbot_ws/install/bumperbot_controller/lib/python3.12/site-packages/bumperbot_controller/simple_controller.py
[0.296s] -- Installing: /home/damian/Documents/bumperbot_ws/install/bumperbot_controller/lib/python3.12/site-packages/bumperbot_controller/noisy_controller.py
[0.296s] -- Installing: /home/damian/Documents/bumperbot_ws/install/bumperbot_controller/lib/python3.12/site-packages/bumperbot_controller/__init__.py
[0.319s] Listing '/home/damian/Documents/bumperbot_ws/install/bumperbot_controller/lib/python3.12/site-packages/bumperbot_controller'...
[0.319s] Compiling '/home/damian/Documents/bumperbot_ws/install/bumperbot_controller/lib/python3.12/site-packages/bumperbot_controller/__init__.py'...
[0.319s] Compiling '/home/damian/Documents/bumperbot_ws/install/bumperbot_controller/lib/python3.12/site-packages/bumperbot_controller/noisy_controller.py'...
[0.320s] Compiling '/home/damian/Documents/bumperbot_ws/install/bumperbot_controller/lib/python3.12/site-packages/bumperbot_controller/simple_controller.py'...
[0.322s] -- Installing: /home/damian/Documents/bumperbot_ws/install/bumperbot_controller/include/include
[0.322s] -- Installing: /home/damian/Documents/bumperbot_ws/install/bumperbot_controller/include/include/bumperbot_controller
[0.323s] -- Installing: /home/damian/Documents/bumperbot_ws/install/bumperbot_controller/include/include/bumperbot_controller/simple_controller.hpp
[0.323s] -- Installing: /home/damian/Documents/bumperbot_ws/install/bumperbot_controller/include/include/bumperbot_controller/noisy_controller.hpp
[0.323s] -- Installing: /home/damian/Documents/bumperbot_ws/install/bumperbot_controller/lib/bumperbot_controller/simple_controller
[0.331s] -- Set non-toolchain portion of runtime path of "/home/damian/Documents/bumperbot_ws/install/bumperbot_controller/lib/bumperbot_controller/simple_controller" to ""
[0.331s] -- Installing: /home/damian/Documents/bumperbot_ws/install/bumperbot_controller/lib/bumperbot_controller/noisy_controller
[0.336s] -- Set non-toolchain portion of runtime path of "/home/damian/Documents/bumperbot_ws/install/bumperbot_controller/lib/bumperbot_controller/noisy_controller" to ""
[0.336s] -- Installing: /home/damian/Documents/bumperbot_ws/install/bumperbot_controller/share/bumperbot_controller/launch
[0.336s] -- Installing: /home/damian/Documents/bumperbot_ws/install/bumperbot_controller/share/bumperbot_controller/launch/controller.launch.py
[0.336s] -- Installing: /home/damian/Documents/bumperbot_ws/install/bumperbot_controller/share/bumperbot_controller/launch/joystick_teleop.launch.py
[0.336s] -- Installing: /home/damian/Documents/bumperbot_ws/install/bumperbot_controller/share/bumperbot_controller/config
[0.336s] -- Installing: /home/damian/Documents/bumperbot_ws/install/bumperbot_controller/share/bumperbot_controller/config/joy_teleop.yaml
[0.336s] -- Installing: /home/damian/Documents/bumperbot_ws/install/bumperbot_controller/share/bumperbot_controller/config/bumperbot_controllers.yaml
[0.336s] -- Installing: /home/damian/Documents/bumperbot_ws/install/bumperbot_controller/share/bumperbot_controller/config/joy_config.yaml
[0.337s] -- Installing: /home/damian/Documents/bumperbot_ws/install/bumperbot_controller/lib/bumperbot_controller/simple_controller.py
[0.337s] -- Installing: /home/damian/Documents/bumperbot_ws/install/bumperbot_controller/lib/bumperbot_controller/noisy_controller.py
[0.337s] -- Installing: /home/damian/Documents/bumperbot_ws/install/bumperbot_controller/share/ament_index/resource_index/package_run_dependencies/bumperbot_controller
[0.337s] -- Installing: /home/damian/Documents/bumperbot_ws/install/bumperbot_controller/share/ament_index/resource_index/parent_prefix_path/bumperbot_controller
[0.337s] -- Installing: /home/damian/Documents/bumperbot_ws/install/bumperbot_controller/share/bumperbot_controller/environment/ament_prefix_path.sh
[0.337s] -- Installing: /home/damian/Documents/bumperbot_ws/install/bumperbot_controller/share/bumperbot_controller/environment/ament_prefix_path.dsv
[0.337s] -- Installing: /home/damian/Documents/bumperbot_ws/install/bumperbot_controller/share/bumperbot_controller/environment/path.sh
[0.337s] -- Installing: /home/damian/Documents/bumperbot_ws/install/bumperbot_controller/share/bumperbot_controller/environment/path.dsv
[0.340s] -- Installing: /home/damian/Documents/bumperbot_ws/install/bumperbot_controller/share/bumperbot_controller/local_setup.bash
[0.341s] -- Installing: /home/damian/Documents/bumperbot_ws/install/bumperbot_controller/share/bumperbot_controller/local_setup.sh
[0.341s] -- Installing: /home/damian/Documents/bumperbot_ws/install/bumperbot_controller/share/bumperbot_controller/local_setup.zsh
[0.342s] -- Installing: /home/damian/Documents/bumperbot_ws/install/bumperbot_controller/share/bumperbot_controller/local_setup.dsv
[0.342s] -- Installing: /home/damian/Documents/bumperbot_ws/install/bumperbot_controller/share/bumperbot_controller/package.dsv
[0.342s] -- Installing: /home/damian/Documents/bumperbot_ws/install/bumperbot_controller/share/ament_index/resource_index/packages/bumperbot_controller
[0.342s] -- Installing: /home/damian/Documents/bumperbot_ws/install/bumperbot_controller/share/bumperbot_controller/cmake/bumperbot_controllerConfig.cmake
[0.342s] -- Installing: /home/damian/Documents/bumperbot_ws/install/bumperbot_controller/share/bumperbot_controller/cmake/bumperbot_controllerConfig-version.cmake
[0.342s] -- Installing: /home/damian/Documents/bumperbot_ws/install/bumperbot_controller/share/bumperbot_controller/package.xml
