[0.062s] DEBUG:colcon:Command line arguments: ['/usr/bin/colcon', 'build']
[0.062s] DEBUG:colcon:Parsed command line arguments: Namespace(log_base=None, log_level=None, verb_name='build', build_base='build', install_base='install', merge_install=False, symlink_install=False, test_result_base=None, continue_on_error=False, executor='parallel', parallel_workers=24, event_handlers=None, ignore_user_meta=False, metas=['./colcon.meta'], base_paths=['.'], packages_ignore=None, packages_ignore_regex=None, paths=None, packages_up_to=None, packages_up_to_regex=None, packages_above=None, packages_above_and_dependencies=None, packages_above_depth=None, packages_select_by_dep=None, packages_skip_by_dep=None, packages_skip_up_to=None, packages_select_build_failed=False, packages_skip_build_finished=False, packages_select_test_failures=False, packages_skip_test_passed=False, packages_select=None, packages_skip=None, packages_select_regex=None, packages_skip_regex=None, packages_start=None, packages_end=None, allow_overriding=[], cmake_args=None, cmake_target=None, cmake_target_skip_unavailable=False, cmake_clean_cache=False, cmake_clean_first=False, cmake_force_configure=False, ament_cmake_args=None, catkin_cmake_args=None, catkin_skip_building_tests=False, mixin_files=None, mixin=None, verb_parser=<colcon_mixin.mixin.mixin_argument.MixinArgumentDecorator object at 0x74a499137620>, verb_extension=<colcon_core.verb.build.BuildVerb object at 0x74a4991368d0>, main=<bound method BuildVerb.main of <colcon_core.verb.build.BuildVerb object at 0x74a4991368d0>>, mixin_verb=('build',))
[0.087s] Level 1:colcon.colcon_core.package_discovery:discover_packages(colcon_meta) check parameters
[0.087s] Level 1:colcon.colcon_core.package_discovery:discover_packages(recursive) check parameters
[0.087s] Level 1:colcon.colcon_core.package_discovery:discover_packages(ignore) check parameters
[0.087s] Level 1:colcon.colcon_core.package_discovery:discover_packages(path) check parameters
[0.087s] Level 1:colcon.colcon_core.package_discovery:discover_packages(colcon_meta) discover
[0.088s] Level 1:colcon.colcon_core.package_discovery:discover_packages(recursive) discover
[0.088s] INFO:colcon.colcon_core.package_discovery:Crawling recursively for packages in '/home/damian/Documents/bumperbot_ws'
[0.088s] Level 1:colcon.colcon_core.package_identification:_identify(.) by extensions ['ignore', 'ignore_ament_install']
[0.088s] Level 1:colcon.colcon_core.package_identification:_identify(.) by extension 'ignore'
[0.088s] Level 1:colcon.colcon_core.package_identification:_identify(.) by extension 'ignore_ament_install'
[0.088s] Level 1:colcon.colcon_core.package_identification:_identify(.) by extensions ['colcon_pkg']
[0.088s] Level 1:colcon.colcon_core.package_identification:_identify(.) by extension 'colcon_pkg'
[0.088s] Level 1:colcon.colcon_core.package_identification:_identify(.) by extensions ['colcon_meta']
[0.088s] Level 1:colcon.colcon_core.package_identification:_identify(.) by extension 'colcon_meta'
[0.088s] Level 1:colcon.colcon_core.package_identification:_identify(.) by extensions ['ros']
[0.088s] Level 1:colcon.colcon_core.package_identification:_identify(.) by extension 'ros'
[0.104s] Level 1:colcon.colcon_core.package_identification:_identify(.) by extensions ['cmake', 'python']
[0.104s] Level 1:colcon.colcon_core.package_identification:_identify(.) by extension 'cmake'
[0.104s] Level 1:colcon.colcon_core.package_identification:_identify(.) by extension 'python'
[0.104s] Level 1:colcon.colcon_core.package_identification:_identify(.) by extensions ['python_setup_py']
[0.104s] Level 1:colcon.colcon_core.package_identification:_identify(.) by extension 'python_setup_py'
[0.104s] Level 1:colcon.colcon_core.package_identification:_identify(build) by extensions ['ignore', 'ignore_ament_install']
[0.104s] Level 1:colcon.colcon_core.package_identification:_identify(build) by extension 'ignore'
[0.104s] Level 1:colcon.colcon_core.package_identification:_identify(build) ignored
[0.104s] Level 1:colcon.colcon_core.package_identification:_identify(install) by extensions ['ignore', 'ignore_ament_install']
[0.104s] Level 1:colcon.colcon_core.package_identification:_identify(install) by extension 'ignore'
[0.104s] Level 1:colcon.colcon_core.package_identification:_identify(install) ignored
[0.104s] Level 1:colcon.colcon_core.package_identification:_identify(log) by extensions ['ignore', 'ignore_ament_install']
[0.104s] Level 1:colcon.colcon_core.package_identification:_identify(log) by extension 'ignore'
[0.104s] Level 1:colcon.colcon_core.package_identification:_identify(log) ignored
[0.104s] Level 1:colcon.colcon_core.package_identification:_identify(src) by extensions ['ignore', 'ignore_ament_install']
[0.104s] Level 1:colcon.colcon_core.package_identification:_identify(src) by extension 'ignore'
[0.104s] Level 1:colcon.colcon_core.package_identification:_identify(src) by extension 'ignore_ament_install'
[0.104s] Level 1:colcon.colcon_core.package_identification:_identify(src) by extensions ['colcon_pkg']
[0.104s] Level 1:colcon.colcon_core.package_identification:_identify(src) by extension 'colcon_pkg'
[0.105s] Level 1:colcon.colcon_core.package_identification:_identify(src) by extensions ['colcon_meta']
[0.105s] Level 1:colcon.colcon_core.package_identification:_identify(src) by extension 'colcon_meta'
[0.105s] Level 1:colcon.colcon_core.package_identification:_identify(src) by extensions ['ros']
[0.105s] Level 1:colcon.colcon_core.package_identification:_identify(src) by extension 'ros'
[0.105s] Level 1:colcon.colcon_core.package_identification:_identify(src) by extensions ['cmake', 'python']
[0.105s] Level 1:colcon.colcon_core.package_identification:_identify(src) by extension 'cmake'
[0.105s] Level 1:colcon.colcon_core.package_identification:_identify(src) by extension 'python'
[0.105s] Level 1:colcon.colcon_core.package_identification:_identify(src) by extensions ['python_setup_py']
[0.105s] Level 1:colcon.colcon_core.package_identification:_identify(src) by extension 'python_setup_py'
[0.105s] Level 1:colcon.colcon_core.package_identification:_identify(src/bumperbot_bringup) by extensions ['ignore', 'ignore_ament_install']
[0.105s] Level 1:colcon.colcon_core.package_identification:_identify(src/bumperbot_bringup) by extension 'ignore'
[0.105s] Level 1:colcon.colcon_core.package_identification:_identify(src/bumperbot_bringup) by extension 'ignore_ament_install'
[0.105s] Level 1:colcon.colcon_core.package_identification:_identify(src/bumperbot_bringup) by extensions ['colcon_pkg']
[0.105s] Level 1:colcon.colcon_core.package_identification:_identify(src/bumperbot_bringup) by extension 'colcon_pkg'
[0.105s] Level 1:colcon.colcon_core.package_identification:_identify(src/bumperbot_bringup) by extensions ['colcon_meta']
[0.105s] Level 1:colcon.colcon_core.package_identification:_identify(src/bumperbot_bringup) by extension 'colcon_meta'
[0.105s] Level 1:colcon.colcon_core.package_identification:_identify(src/bumperbot_bringup) by extensions ['ros']
[0.105s] Level 1:colcon.colcon_core.package_identification:_identify(src/bumperbot_bringup) by extension 'ros'
[0.106s] DEBUG:colcon.colcon_core.package_identification:Package 'src/bumperbot_bringup' with type 'ros.ament_cmake' and name 'bumperbot_bringup'
[0.107s] Level 1:colcon.colcon_core.package_identification:_identify(src/bumperbot_controller) by extensions ['ignore', 'ignore_ament_install']
[0.107s] Level 1:colcon.colcon_core.package_identification:_identify(src/bumperbot_controller) by extension 'ignore'
[0.107s] Level 1:colcon.colcon_core.package_identification:_identify(src/bumperbot_controller) by extension 'ignore_ament_install'
[0.107s] Level 1:colcon.colcon_core.package_identification:_identify(src/bumperbot_controller) by extensions ['colcon_pkg']
[0.107s] Level 1:colcon.colcon_core.package_identification:_identify(src/bumperbot_controller) by extension 'colcon_pkg'
[0.107s] Level 1:colcon.colcon_core.package_identification:_identify(src/bumperbot_controller) by extensions ['colcon_meta']
[0.107s] Level 1:colcon.colcon_core.package_identification:_identify(src/bumperbot_controller) by extension 'colcon_meta'
[0.107s] Level 1:colcon.colcon_core.package_identification:_identify(src/bumperbot_controller) by extensions ['ros']
[0.107s] Level 1:colcon.colcon_core.package_identification:_identify(src/bumperbot_controller) by extension 'ros'
[0.107s] DEBUG:colcon.colcon_core.package_identification:Package 'src/bumperbot_controller' with type 'ros.ament_cmake' and name 'bumperbot_controller'
[0.108s] Level 1:colcon.colcon_core.package_identification:_identify(src/bumperbot_cpp_examples) by extensions ['ignore', 'ignore_ament_install']
[0.108s] Level 1:colcon.colcon_core.package_identification:_identify(src/bumperbot_cpp_examples) by extension 'ignore'
[0.108s] Level 1:colcon.colcon_core.package_identification:_identify(src/bumperbot_cpp_examples) by extension 'ignore_ament_install'
[0.108s] Level 1:colcon.colcon_core.package_identification:_identify(src/bumperbot_cpp_examples) by extensions ['colcon_pkg']
[0.108s] Level 1:colcon.colcon_core.package_identification:_identify(src/bumperbot_cpp_examples) by extension 'colcon_pkg'
[0.108s] Level 1:colcon.colcon_core.package_identification:_identify(src/bumperbot_cpp_examples) by extensions ['colcon_meta']
[0.108s] Level 1:colcon.colcon_core.package_identification:_identify(src/bumperbot_cpp_examples) by extension 'colcon_meta'
[0.108s] Level 1:colcon.colcon_core.package_identification:_identify(src/bumperbot_cpp_examples) by extensions ['ros']
[0.108s] Level 1:colcon.colcon_core.package_identification:_identify(src/bumperbot_cpp_examples) by extension 'ros'
[0.109s] DEBUG:colcon.colcon_core.package_identification:Package 'src/bumperbot_cpp_examples' with type 'ros.ament_cmake' and name 'bumperbot_cpp_examples'
[0.109s] Level 1:colcon.colcon_core.package_identification:_identify(src/bumperbot_description) by extensions ['ignore', 'ignore_ament_install']
[0.109s] Level 1:colcon.colcon_core.package_identification:_identify(src/bumperbot_description) by extension 'ignore'
[0.109s] Level 1:colcon.colcon_core.package_identification:_identify(src/bumperbot_description) by extension 'ignore_ament_install'
[0.109s] Level 1:colcon.colcon_core.package_identification:_identify(src/bumperbot_description) by extensions ['colcon_pkg']
[0.109s] Level 1:colcon.colcon_core.package_identification:_identify(src/bumperbot_description) by extension 'colcon_pkg'
[0.109s] Level 1:colcon.colcon_core.package_identification:_identify(src/bumperbot_description) by extensions ['colcon_meta']
[0.109s] Level 1:colcon.colcon_core.package_identification:_identify(src/bumperbot_description) by extension 'colcon_meta'
[0.109s] Level 1:colcon.colcon_core.package_identification:_identify(src/bumperbot_description) by extensions ['ros']
[0.109s] Level 1:colcon.colcon_core.package_identification:_identify(src/bumperbot_description) by extension 'ros'
[0.111s] DEBUG:colcon.colcon_core.package_identification:Package 'src/bumperbot_description' with type 'ros.ament_cmake' and name 'bumperbot_description'
[0.111s] Level 1:colcon.colcon_core.package_identification:_identify(src/bumperbot_firmware) by extensions ['ignore', 'ignore_ament_install']
[0.111s] Level 1:colcon.colcon_core.package_identification:_identify(src/bumperbot_firmware) by extension 'ignore'
[0.111s] Level 1:colcon.colcon_core.package_identification:_identify(src/bumperbot_firmware) by extension 'ignore_ament_install'
[0.111s] Level 1:colcon.colcon_core.package_identification:_identify(src/bumperbot_firmware) by extensions ['colcon_pkg']
[0.111s] Level 1:colcon.colcon_core.package_identification:_identify(src/bumperbot_firmware) by extension 'colcon_pkg'
[0.111s] Level 1:colcon.colcon_core.package_identification:_identify(src/bumperbot_firmware) by extensions ['colcon_meta']
[0.111s] Level 1:colcon.colcon_core.package_identification:_identify(src/bumperbot_firmware) by extension 'colcon_meta'
[0.111s] Level 1:colcon.colcon_core.package_identification:_identify(src/bumperbot_firmware) by extensions ['ros']
[0.111s] Level 1:colcon.colcon_core.package_identification:_identify(src/bumperbot_firmware) by extension 'ros'
[0.112s] DEBUG:colcon.colcon_core.package_identification:Package 'src/bumperbot_firmware' with type 'ros.ament_cmake' and name 'bumperbot_firmware'
[0.112s] Level 1:colcon.colcon_core.package_identification:_identify(src/bumperbot_localization) by extensions ['ignore', 'ignore_ament_install']
[0.112s] Level 1:colcon.colcon_core.package_identification:_identify(src/bumperbot_localization) by extension 'ignore'
[0.112s] Level 1:colcon.colcon_core.package_identification:_identify(src/bumperbot_localization) by extension 'ignore_ament_install'
[0.112s] Level 1:colcon.colcon_core.package_identification:_identify(src/bumperbot_localization) by extensions ['colcon_pkg']
[0.112s] Level 1:colcon.colcon_core.package_identification:_identify(src/bumperbot_localization) by extension 'colcon_pkg'
[0.112s] Level 1:colcon.colcon_core.package_identification:_identify(src/bumperbot_localization) by extensions ['colcon_meta']
[0.112s] Level 1:colcon.colcon_core.package_identification:_identify(src/bumperbot_localization) by extension 'colcon_meta'
[0.112s] Level 1:colcon.colcon_core.package_identification:_identify(src/bumperbot_localization) by extensions ['ros']
[0.112s] Level 1:colcon.colcon_core.package_identification:_identify(src/bumperbot_localization) by extension 'ros'
[0.113s] DEBUG:colcon.colcon_core.package_identification:Package 'src/bumperbot_localization' with type 'ros.ament_cmake' and name 'bumperbot_localization'
[0.113s] Level 1:colcon.colcon_core.package_identification:_identify(src/bumperbot_msgs) by extensions ['ignore', 'ignore_ament_install']
[0.113s] Level 1:colcon.colcon_core.package_identification:_identify(src/bumperbot_msgs) by extension 'ignore'
[0.113s] Level 1:colcon.colcon_core.package_identification:_identify(src/bumperbot_msgs) by extension 'ignore_ament_install'
[0.113s] Level 1:colcon.colcon_core.package_identification:_identify(src/bumperbot_msgs) by extensions ['colcon_pkg']
[0.113s] Level 1:colcon.colcon_core.package_identification:_identify(src/bumperbot_msgs) by extension 'colcon_pkg'
[0.113s] Level 1:colcon.colcon_core.package_identification:_identify(src/bumperbot_msgs) by extensions ['colcon_meta']
[0.113s] Level 1:colcon.colcon_core.package_identification:_identify(src/bumperbot_msgs) by extension 'colcon_meta'
[0.113s] Level 1:colcon.colcon_core.package_identification:_identify(src/bumperbot_msgs) by extensions ['ros']
[0.113s] Level 1:colcon.colcon_core.package_identification:_identify(src/bumperbot_msgs) by extension 'ros'
[0.113s] DEBUG:colcon.colcon_core.package_identification:Package 'src/bumperbot_msgs' with type 'ros.ament_cmake' and name 'bumperbot_msgs'
[0.113s] Level 1:colcon.colcon_core.package_identification:_identify(src/bumperbot_py_examples) by extensions ['ignore', 'ignore_ament_install']
[0.113s] Level 1:colcon.colcon_core.package_identification:_identify(src/bumperbot_py_examples) by extension 'ignore'
[0.113s] Level 1:colcon.colcon_core.package_identification:_identify(src/bumperbot_py_examples) by extension 'ignore_ament_install'
[0.113s] Level 1:colcon.colcon_core.package_identification:_identify(src/bumperbot_py_examples) by extensions ['colcon_pkg']
[0.113s] Level 1:colcon.colcon_core.package_identification:_identify(src/bumperbot_py_examples) by extension 'colcon_pkg'
[0.113s] Level 1:colcon.colcon_core.package_identification:_identify(src/bumperbot_py_examples) by extensions ['colcon_meta']
[0.113s] Level 1:colcon.colcon_core.package_identification:_identify(src/bumperbot_py_examples) by extension 'colcon_meta'
[0.114s] Level 1:colcon.colcon_core.package_identification:_identify(src/bumperbot_py_examples) by extensions ['ros']
[0.114s] Level 1:colcon.colcon_core.package_identification:_identify(src/bumperbot_py_examples) by extension 'ros'
[0.114s] DEBUG:colcon.colcon_core.package_identification:Package 'src/bumperbot_py_examples' with type 'ros.ament_python' and name 'bumperbot_py_examples'
[0.114s] Level 1:colcon.colcon_core.package_discovery:discover_packages(recursive) using defaults
[0.114s] Level 1:colcon.colcon_core.package_discovery:discover_packages(ignore) discover
[0.114s] Level 1:colcon.colcon_core.package_discovery:discover_packages(ignore) using defaults
[0.114s] Level 1:colcon.colcon_core.package_discovery:discover_packages(path) discover
[0.114s] Level 1:colcon.colcon_core.package_discovery:discover_packages(path) using defaults
[0.126s] Level 1:colcon.colcon_core.package_discovery:discover_packages(prefix_path) check parameters
[0.126s] Level 1:colcon.colcon_core.package_discovery:discover_packages(prefix_path) discover
[0.126s] Level 1:colcon.colcon_core.package_discovery:discover_packages(prefix_path) using defaults
[0.127s] Level 5:colcon.colcon_core.verb:set package 'bumperbot_bringup' build argument 'cmake_args' from command line to 'None'
[0.127s] Level 5:colcon.colcon_core.verb:set package 'bumperbot_bringup' build argument 'cmake_target' from command line to 'None'
[0.127s] Level 5:colcon.colcon_core.verb:set package 'bumperbot_bringup' build argument 'cmake_target_skip_unavailable' from command line to 'False'
[0.127s] Level 5:colcon.colcon_core.verb:set package 'bumperbot_bringup' build argument 'cmake_clean_cache' from command line to 'False'
[0.127s] Level 5:colcon.colcon_core.verb:set package 'bumperbot_bringup' build argument 'cmake_clean_first' from command line to 'False'
[0.127s] Level 5:colcon.colcon_core.verb:set package 'bumperbot_bringup' build argument 'cmake_force_configure' from command line to 'False'
[0.127s] Level 5:colcon.colcon_core.verb:set package 'bumperbot_bringup' build argument 'ament_cmake_args' from command line to 'None'
[0.127s] Level 5:colcon.colcon_core.verb:set package 'bumperbot_bringup' build argument 'catkin_cmake_args' from command line to 'None'
[0.127s] Level 5:colcon.colcon_core.verb:set package 'bumperbot_bringup' build argument 'catkin_skip_building_tests' from command line to 'False'
[0.127s] DEBUG:colcon.colcon_core.verb:Building package 'bumperbot_bringup' with the following arguments: {'ament_cmake_args': None, 'build_base': '/home/damian/Documents/bumperbot_ws/build/bumperbot_bringup', 'catkin_cmake_args': None, 'catkin_skip_building_tests': False, 'cmake_args': None, 'cmake_clean_cache': False, 'cmake_clean_first': False, 'cmake_force_configure': False, 'cmake_target': None, 'cmake_target_skip_unavailable': False, 'install_base': '/home/damian/Documents/bumperbot_ws/install/bumperbot_bringup', 'merge_install': False, 'path': '/home/damian/Documents/bumperbot_ws/src/bumperbot_bringup', 'symlink_install': False, 'test_result_base': None}
[0.127s] Level 5:colcon.colcon_core.verb:set package 'bumperbot_controller' build argument 'cmake_args' from command line to 'None'
[0.127s] Level 5:colcon.colcon_core.verb:set package 'bumperbot_controller' build argument 'cmake_target' from command line to 'None'
[0.127s] Level 5:colcon.colcon_core.verb:set package 'bumperbot_controller' build argument 'cmake_target_skip_unavailable' from command line to 'False'
[0.127s] Level 5:colcon.colcon_core.verb:set package 'bumperbot_controller' build argument 'cmake_clean_cache' from command line to 'False'
[0.127s] Level 5:colcon.colcon_core.verb:set package 'bumperbot_controller' build argument 'cmake_clean_first' from command line to 'False'
[0.127s] Level 5:colcon.colcon_core.verb:set package 'bumperbot_controller' build argument 'cmake_force_configure' from command line to 'False'
[0.127s] Level 5:colcon.colcon_core.verb:set package 'bumperbot_controller' build argument 'ament_cmake_args' from command line to 'None'
[0.127s] Level 5:colcon.colcon_core.verb:set package 'bumperbot_controller' build argument 'catkin_cmake_args' from command line to 'None'
[0.127s] Level 5:colcon.colcon_core.verb:set package 'bumperbot_controller' build argument 'catkin_skip_building_tests' from command line to 'False'
[0.127s] DEBUG:colcon.colcon_core.verb:Building package 'bumperbot_controller' with the following arguments: {'ament_cmake_args': None, 'build_base': '/home/damian/Documents/bumperbot_ws/build/bumperbot_controller', 'catkin_cmake_args': None, 'catkin_skip_building_tests': False, 'cmake_args': None, 'cmake_clean_cache': False, 'cmake_clean_first': False, 'cmake_force_configure': False, 'cmake_target': None, 'cmake_target_skip_unavailable': False, 'install_base': '/home/damian/Documents/bumperbot_ws/install/bumperbot_controller', 'merge_install': False, 'path': '/home/damian/Documents/bumperbot_ws/src/bumperbot_controller', 'symlink_install': False, 'test_result_base': None}
[0.127s] Level 5:colcon.colcon_core.verb:set package 'bumperbot_description' build argument 'cmake_args' from command line to 'None'
[0.127s] Level 5:colcon.colcon_core.verb:set package 'bumperbot_description' build argument 'cmake_target' from command line to 'None'
[0.127s] Level 5:colcon.colcon_core.verb:set package 'bumperbot_description' build argument 'cmake_target_skip_unavailable' from command line to 'False'
[0.127s] Level 5:colcon.colcon_core.verb:set package 'bumperbot_description' build argument 'cmake_clean_cache' from command line to 'False'
[0.127s] Level 5:colcon.colcon_core.verb:set package 'bumperbot_description' build argument 'cmake_clean_first' from command line to 'False'
[0.127s] Level 5:colcon.colcon_core.verb:set package 'bumperbot_description' build argument 'cmake_force_configure' from command line to 'False'
[0.127s] Level 5:colcon.colcon_core.verb:set package 'bumperbot_description' build argument 'ament_cmake_args' from command line to 'None'
[0.127s] Level 5:colcon.colcon_core.verb:set package 'bumperbot_description' build argument 'catkin_cmake_args' from command line to 'None'
[0.127s] Level 5:colcon.colcon_core.verb:set package 'bumperbot_description' build argument 'catkin_skip_building_tests' from command line to 'False'
[0.127s] DEBUG:colcon.colcon_core.verb:Building package 'bumperbot_description' with the following arguments: {'ament_cmake_args': None, 'build_base': '/home/damian/Documents/bumperbot_ws/build/bumperbot_description', 'catkin_cmake_args': None, 'catkin_skip_building_tests': False, 'cmake_args': None, 'cmake_clean_cache': False, 'cmake_clean_first': False, 'cmake_force_configure': False, 'cmake_target': None, 'cmake_target_skip_unavailable': False, 'install_base': '/home/damian/Documents/bumperbot_ws/install/bumperbot_description', 'merge_install': False, 'path': '/home/damian/Documents/bumperbot_ws/src/bumperbot_description', 'symlink_install': False, 'test_result_base': None}
[0.128s] Level 5:colcon.colcon_core.verb:set package 'bumperbot_firmware' build argument 'cmake_args' from command line to 'None'
[0.128s] Level 5:colcon.colcon_core.verb:set package 'bumperbot_firmware' build argument 'cmake_target' from command line to 'None'
[0.128s] Level 5:colcon.colcon_core.verb:set package 'bumperbot_firmware' build argument 'cmake_target_skip_unavailable' from command line to 'False'
[0.128s] Level 5:colcon.colcon_core.verb:set package 'bumperbot_firmware' build argument 'cmake_clean_cache' from command line to 'False'
[0.128s] Level 5:colcon.colcon_core.verb:set package 'bumperbot_firmware' build argument 'cmake_clean_first' from command line to 'False'
[0.128s] Level 5:colcon.colcon_core.verb:set package 'bumperbot_firmware' build argument 'cmake_force_configure' from command line to 'False'
[0.128s] Level 5:colcon.colcon_core.verb:set package 'bumperbot_firmware' build argument 'ament_cmake_args' from command line to 'None'
[0.128s] Level 5:colcon.colcon_core.verb:set package 'bumperbot_firmware' build argument 'catkin_cmake_args' from command line to 'None'
[0.128s] Level 5:colcon.colcon_core.verb:set package 'bumperbot_firmware' build argument 'catkin_skip_building_tests' from command line to 'False'
[0.128s] DEBUG:colcon.colcon_core.verb:Building package 'bumperbot_firmware' with the following arguments: {'ament_cmake_args': None, 'build_base': '/home/damian/Documents/bumperbot_ws/build/bumperbot_firmware', 'catkin_cmake_args': None, 'catkin_skip_building_tests': False, 'cmake_args': None, 'cmake_clean_cache': False, 'cmake_clean_first': False, 'cmake_force_configure': False, 'cmake_target': None, 'cmake_target_skip_unavailable': False, 'install_base': '/home/damian/Documents/bumperbot_ws/install/bumperbot_firmware', 'merge_install': False, 'path': '/home/damian/Documents/bumperbot_ws/src/bumperbot_firmware', 'symlink_install': False, 'test_result_base': None}
[0.128s] Level 5:colcon.colcon_core.verb:set package 'bumperbot_localization' build argument 'cmake_args' from command line to 'None'
[0.128s] Level 5:colcon.colcon_core.verb:set package 'bumperbot_localization' build argument 'cmake_target' from command line to 'None'
[0.128s] Level 5:colcon.colcon_core.verb:set package 'bumperbot_localization' build argument 'cmake_target_skip_unavailable' from command line to 'False'
[0.128s] Level 5:colcon.colcon_core.verb:set package 'bumperbot_localization' build argument 'cmake_clean_cache' from command line to 'False'
[0.128s] Level 5:colcon.colcon_core.verb:set package 'bumperbot_localization' build argument 'cmake_clean_first' from command line to 'False'
[0.128s] Level 5:colcon.colcon_core.verb:set package 'bumperbot_localization' build argument 'cmake_force_configure' from command line to 'False'
[0.128s] Level 5:colcon.colcon_core.verb:set package 'bumperbot_localization' build argument 'ament_cmake_args' from command line to 'None'
[0.128s] Level 5:colcon.colcon_core.verb:set package 'bumperbot_localization' build argument 'catkin_cmake_args' from command line to 'None'
[0.128s] Level 5:colcon.colcon_core.verb:set package 'bumperbot_localization' build argument 'catkin_skip_building_tests' from command line to 'False'
[0.128s] DEBUG:colcon.colcon_core.verb:Building package 'bumperbot_localization' with the following arguments: {'ament_cmake_args': None, 'build_base': '/home/damian/Documents/bumperbot_ws/build/bumperbot_localization', 'catkin_cmake_args': None, 'catkin_skip_building_tests': False, 'cmake_args': None, 'cmake_clean_cache': False, 'cmake_clean_first': False, 'cmake_force_configure': False, 'cmake_target': None, 'cmake_target_skip_unavailable': False, 'install_base': '/home/damian/Documents/bumperbot_ws/install/bumperbot_localization', 'merge_install': False, 'path': '/home/damian/Documents/bumperbot_ws/src/bumperbot_localization', 'symlink_install': False, 'test_result_base': None}
[0.128s] Level 5:colcon.colcon_core.verb:set package 'bumperbot_msgs' build argument 'cmake_args' from command line to 'None'
[0.128s] Level 5:colcon.colcon_core.verb:set package 'bumperbot_msgs' build argument 'cmake_target' from command line to 'None'
[0.128s] Level 5:colcon.colcon_core.verb:set package 'bumperbot_msgs' build argument 'cmake_target_skip_unavailable' from command line to 'False'
[0.128s] Level 5:colcon.colcon_core.verb:set package 'bumperbot_msgs' build argument 'cmake_clean_cache' from command line to 'False'
[0.128s] Level 5:colcon.colcon_core.verb:set package 'bumperbot_msgs' build argument 'cmake_clean_first' from command line to 'False'
[0.128s] Level 5:colcon.colcon_core.verb:set package 'bumperbot_msgs' build argument 'cmake_force_configure' from command line to 'False'
[0.128s] Level 5:colcon.colcon_core.verb:set package 'bumperbot_msgs' build argument 'ament_cmake_args' from command line to 'None'
[0.128s] Level 5:colcon.colcon_core.verb:set package 'bumperbot_msgs' build argument 'catkin_cmake_args' from command line to 'None'
[0.128s] Level 5:colcon.colcon_core.verb:set package 'bumperbot_msgs' build argument 'catkin_skip_building_tests' from command line to 'False'
[0.128s] DEBUG:colcon.colcon_core.verb:Building package 'bumperbot_msgs' with the following arguments: {'ament_cmake_args': None, 'build_base': '/home/damian/Documents/bumperbot_ws/build/bumperbot_msgs', 'catkin_cmake_args': None, 'catkin_skip_building_tests': False, 'cmake_args': None, 'cmake_clean_cache': False, 'cmake_clean_first': False, 'cmake_force_configure': False, 'cmake_target': None, 'cmake_target_skip_unavailable': False, 'install_base': '/home/damian/Documents/bumperbot_ws/install/bumperbot_msgs', 'merge_install': False, 'path': '/home/damian/Documents/bumperbot_ws/src/bumperbot_msgs', 'symlink_install': False, 'test_result_base': None}
[0.128s] Level 5:colcon.colcon_core.verb:set package 'bumperbot_cpp_examples' build argument 'cmake_args' from command line to 'None'
[0.128s] Level 5:colcon.colcon_core.verb:set package 'bumperbot_cpp_examples' build argument 'cmake_target' from command line to 'None'
[0.128s] Level 5:colcon.colcon_core.verb:set package 'bumperbot_cpp_examples' build argument 'cmake_target_skip_unavailable' from command line to 'False'
[0.128s] Level 5:colcon.colcon_core.verb:set package 'bumperbot_cpp_examples' build argument 'cmake_clean_cache' from command line to 'False'
[0.128s] Level 5:colcon.colcon_core.verb:set package 'bumperbot_cpp_examples' build argument 'cmake_clean_first' from command line to 'False'
[0.129s] Level 5:colcon.colcon_core.verb:set package 'bumperbot_cpp_examples' build argument 'cmake_force_configure' from command line to 'False'
[0.129s] Level 5:colcon.colcon_core.verb:set package 'bumperbot_cpp_examples' build argument 'ament_cmake_args' from command line to 'None'
[0.129s] Level 5:colcon.colcon_core.verb:set package 'bumperbot_cpp_examples' build argument 'catkin_cmake_args' from command line to 'None'
[0.129s] Level 5:colcon.colcon_core.verb:set package 'bumperbot_cpp_examples' build argument 'catkin_skip_building_tests' from command line to 'False'
[0.129s] DEBUG:colcon.colcon_core.verb:Building package 'bumperbot_cpp_examples' with the following arguments: {'ament_cmake_args': None, 'build_base': '/home/damian/Documents/bumperbot_ws/build/bumperbot_cpp_examples', 'catkin_cmake_args': None, 'catkin_skip_building_tests': False, 'cmake_args': None, 'cmake_clean_cache': False, 'cmake_clean_first': False, 'cmake_force_configure': False, 'cmake_target': None, 'cmake_target_skip_unavailable': False, 'install_base': '/home/damian/Documents/bumperbot_ws/install/bumperbot_cpp_examples', 'merge_install': False, 'path': '/home/damian/Documents/bumperbot_ws/src/bumperbot_cpp_examples', 'symlink_install': False, 'test_result_base': None}
[0.129s] Level 5:colcon.colcon_core.verb:set package 'bumperbot_py_examples' build argument 'cmake_args' from command line to 'None'
[0.129s] Level 5:colcon.colcon_core.verb:set package 'bumperbot_py_examples' build argument 'cmake_target' from command line to 'None'
[0.129s] Level 5:colcon.colcon_core.verb:set package 'bumperbot_py_examples' build argument 'cmake_target_skip_unavailable' from command line to 'False'
[0.129s] Level 5:colcon.colcon_core.verb:set package 'bumperbot_py_examples' build argument 'cmake_clean_cache' from command line to 'False'
[0.129s] Level 5:colcon.colcon_core.verb:set package 'bumperbot_py_examples' build argument 'cmake_clean_first' from command line to 'False'
[0.129s] Level 5:colcon.colcon_core.verb:set package 'bumperbot_py_examples' build argument 'cmake_force_configure' from command line to 'False'
[0.129s] Level 5:colcon.colcon_core.verb:set package 'bumperbot_py_examples' build argument 'ament_cmake_args' from command line to 'None'
[0.129s] Level 5:colcon.colcon_core.verb:set package 'bumperbot_py_examples' build argument 'catkin_cmake_args' from command line to 'None'
[0.129s] Level 5:colcon.colcon_core.verb:set package 'bumperbot_py_examples' build argument 'catkin_skip_building_tests' from command line to 'False'
[0.129s] DEBUG:colcon.colcon_core.verb:Building package 'bumperbot_py_examples' with the following arguments: {'ament_cmake_args': None, 'build_base': '/home/damian/Documents/bumperbot_ws/build/bumperbot_py_examples', 'catkin_cmake_args': None, 'catkin_skip_building_tests': False, 'cmake_args': None, 'cmake_clean_cache': False, 'cmake_clean_first': False, 'cmake_force_configure': False, 'cmake_target': None, 'cmake_target_skip_unavailable': False, 'install_base': '/home/damian/Documents/bumperbot_ws/install/bumperbot_py_examples', 'merge_install': False, 'path': '/home/damian/Documents/bumperbot_ws/src/bumperbot_py_examples', 'symlink_install': False, 'test_result_base': None}
[0.129s] INFO:colcon.colcon_core.executor:Executing jobs using 'parallel' executor
[0.129s] DEBUG:colcon.colcon_parallel_executor.executor.parallel:run_until_complete
[0.130s] INFO:colcon.colcon_ros.task.ament_cmake.build:Building ROS package in '/home/damian/Documents/bumperbot_ws/src/bumperbot_msgs' with build type 'ament_cmake'
[0.130s] INFO:colcon.colcon_cmake.task.cmake.build:Building CMake package in '/home/damian/Documents/bumperbot_ws/src/bumperbot_msgs'
[0.131s] INFO:colcon.colcon_core.plugin_system:Skipping extension 'colcon_core.shell.bat': Not used on non-Windows systems
[0.131s] INFO:colcon.colcon_core.shell:Skip shell extension 'powershell' for command environment: Not usable outside of PowerShell
[0.131s] DEBUG:colcon.colcon_core.shell:Skip shell extension 'dsv' for command environment
[0.132s] INFO:colcon.colcon_ros.task.ament_cmake.build:Building ROS package in '/home/damian/Documents/bumperbot_ws/src/bumperbot_bringup' with build type 'ament_cmake'
[0.132s] INFO:colcon.colcon_cmake.task.cmake.build:Building CMake package in '/home/damian/Documents/bumperbot_ws/src/bumperbot_bringup'
[0.132s] INFO:colcon.colcon_core.shell:Skip shell extension 'powershell' for command environment: Not usable outside of PowerShell
[0.132s] DEBUG:colcon.colcon_core.shell:Skip shell extension 'dsv' for command environment
[0.133s] INFO:colcon.colcon_ros.task.ament_cmake.build:Building ROS package in '/home/damian/Documents/bumperbot_ws/src/bumperbot_controller' with build type 'ament_cmake'
[0.133s] INFO:colcon.colcon_cmake.task.cmake.build:Building CMake package in '/home/damian/Documents/bumperbot_ws/src/bumperbot_controller'
[0.133s] INFO:colcon.colcon_core.shell:Skip shell extension 'powershell' for command environment: Not usable outside of PowerShell
[0.133s] DEBUG:colcon.colcon_core.shell:Skip shell extension 'dsv' for command environment
[0.134s] INFO:colcon.colcon_ros.task.ament_cmake.build:Building ROS package in '/home/damian/Documents/bumperbot_ws/src/bumperbot_description' with build type 'ament_cmake'
[0.134s] INFO:colcon.colcon_cmake.task.cmake.build:Building CMake package in '/home/damian/Documents/bumperbot_ws/src/bumperbot_description'
[0.134s] INFO:colcon.colcon_core.shell:Skip shell extension 'powershell' for command environment: Not usable outside of PowerShell
[0.134s] DEBUG:colcon.colcon_core.shell:Skip shell extension 'dsv' for command environment
[0.134s] INFO:colcon.colcon_ros.task.ament_cmake.build:Building ROS package in '/home/damian/Documents/bumperbot_ws/src/bumperbot_firmware' with build type 'ament_cmake'
[0.134s] INFO:colcon.colcon_cmake.task.cmake.build:Building CMake package in '/home/damian/Documents/bumperbot_ws/src/bumperbot_firmware'
[0.134s] INFO:colcon.colcon_core.shell:Skip shell extension 'powershell' for command environment: Not usable outside of PowerShell
[0.135s] DEBUG:colcon.colcon_core.shell:Skip shell extension 'dsv' for command environment
[0.135s] INFO:colcon.colcon_ros.task.ament_cmake.build:Building ROS package in '/home/damian/Documents/bumperbot_ws/src/bumperbot_localization' with build type 'ament_cmake'
[0.135s] INFO:colcon.colcon_cmake.task.cmake.build:Building CMake package in '/home/damian/Documents/bumperbot_ws/src/bumperbot_localization'
[0.135s] INFO:colcon.colcon_core.shell:Skip shell extension 'powershell' for command environment: Not usable outside of PowerShell
[0.135s] DEBUG:colcon.colcon_core.shell:Skip shell extension 'dsv' for command environment
[0.140s] DEBUG:colcon.colcon_core.event_handler.log_command:Invoking command in '/home/damian/Documents/bumperbot_ws/build/bumperbot_msgs': CONDA_PROMPT_MODIFIER=(base) /usr/bin/cmake --build /home/damian/Documents/bumperbot_ws/build/bumperbot_msgs -- -j24 -l24
[0.141s] DEBUG:colcon.colcon_core.event_handler.log_command:Invoking command in '/home/damian/Documents/bumperbot_ws/build/bumperbot_bringup': CONDA_PROMPT_MODIFIER=(base) /usr/bin/cmake --build /home/damian/Documents/bumperbot_ws/build/bumperbot_bringup -- -j24 -l24
[0.142s] DEBUG:colcon.colcon_core.event_handler.log_command:Invoking command in '/home/damian/Documents/bumperbot_ws/build/bumperbot_controller': CONDA_PROMPT_MODIFIER=(base) /usr/bin/cmake --build /home/damian/Documents/bumperbot_ws/build/bumperbot_controller -- -j24 -l24
[0.144s] DEBUG:colcon.colcon_core.event_handler.log_command:Invoking command in '/home/damian/Documents/bumperbot_ws/build/bumperbot_description': CONDA_PROMPT_MODIFIER=(base) /usr/bin/cmake --build /home/damian/Documents/bumperbot_ws/build/bumperbot_description -- -j24 -l24
[0.145s] DEBUG:colcon.colcon_core.event_handler.log_command:Invoking command in '/home/damian/Documents/bumperbot_ws/build/bumperbot_firmware': CONDA_PROMPT_MODIFIER=(base) /usr/bin/cmake --build /home/damian/Documents/bumperbot_ws/build/bumperbot_firmware -- -j24 -l24
[0.148s] DEBUG:colcon.colcon_core.event_handler.log_command:Invoking command in '/home/damian/Documents/bumperbot_ws/build/bumperbot_localization': CONDA_PROMPT_MODIFIER=(base) /usr/bin/cmake --build /home/damian/Documents/bumperbot_ws/build/bumperbot_localization -- -j24 -l24
[0.166s] DEBUG:colcon.colcon_core.event_handler.log_command:Invoked command in '/home/damian/Documents/bumperbot_ws/build/bumperbot_bringup' returned '0': CONDA_PROMPT_MODIFIER=(base) /usr/bin/cmake --build /home/damian/Documents/bumperbot_ws/build/bumperbot_bringup -- -j24 -l24
[0.168s] DEBUG:colcon.colcon_core.event_handler.log_command:Invoked command in '/home/damian/Documents/bumperbot_ws/build/bumperbot_description' returned '0': CONDA_PROMPT_MODIFIER=(base) /usr/bin/cmake --build /home/damian/Documents/bumperbot_ws/build/bumperbot_description -- -j24 -l24
[0.187s] DEBUG:colcon.colcon_core.event_handler.log_command:Invoking command in '/home/damian/Documents/bumperbot_ws/build/bumperbot_bringup': CONDA_PROMPT_MODIFIER=(base) /usr/bin/cmake --install /home/damian/Documents/bumperbot_ws/build/bumperbot_bringup
[0.189s] DEBUG:colcon.colcon_core.event_handler.log_command:Invoking command in '/home/damian/Documents/bumperbot_ws/build/bumperbot_description': CONDA_PROMPT_MODIFIER=(base) /usr/bin/cmake --install /home/damian/Documents/bumperbot_ws/build/bumperbot_description
[0.196s] Level 1:colcon.colcon_core.environment:create_environment_scripts_only(bumperbot_bringup)
[0.200s] DEBUG:colcon.colcon_core.event_handler.log_command:Invoked command in '/home/damian/Documents/bumperbot_ws/build/bumperbot_bringup' returned '0': CONDA_PROMPT_MODIFIER=(base) /usr/bin/cmake --install /home/damian/Documents/bumperbot_ws/build/bumperbot_bringup
[0.201s] Level 1:colcon.colcon_core.environment:checking '/home/damian/Documents/bumperbot_ws/install/bumperbot_bringup' for CMake module files
[0.202s] Level 1:colcon.colcon_core.environment:checking '/home/damian/Documents/bumperbot_ws/install/bumperbot_bringup' for CMake config files
[0.202s] Level 1:colcon.colcon_core.shell:create_environment_hook('bumperbot_bringup', 'cmake_prefix_path')
[0.202s] INFO:colcon.colcon_core.shell:Creating environment hook '/home/damian/Documents/bumperbot_ws/install/bumperbot_bringup/share/bumperbot_bringup/hook/cmake_prefix_path.ps1'
[0.203s] INFO:colcon.colcon_core.shell:Creating environment descriptor '/home/damian/Documents/bumperbot_ws/install/bumperbot_bringup/share/bumperbot_bringup/hook/cmake_prefix_path.dsv'
[0.203s] INFO:colcon.colcon_core.shell:Creating environment hook '/home/damian/Documents/bumperbot_ws/install/bumperbot_bringup/share/bumperbot_bringup/hook/cmake_prefix_path.sh'
[0.204s] Level 1:colcon.colcon_core.environment:checking '/home/damian/Documents/bumperbot_ws/install/bumperbot_bringup/bin'
[0.204s] Level 1:colcon.colcon_core.environment:checking '/home/damian/Documents/bumperbot_ws/install/bumperbot_bringup/lib/pkgconfig/bumperbot_bringup.pc'
[0.207s] Level 1:colcon.colcon_core.environment:checking '/home/damian/Documents/bumperbot_ws/install/bumperbot_bringup/lib/python3.12/site-packages'
[0.207s] Level 1:colcon.colcon_core.environment:checking '/home/damian/Documents/bumperbot_ws/install/bumperbot_bringup/bin'
[0.207s] INFO:colcon.colcon_core.shell:Creating package script '/home/damian/Documents/bumperbot_ws/install/bumperbot_bringup/share/bumperbot_bringup/package.ps1'
[0.208s] INFO:colcon.colcon_core.shell:Creating package descriptor '/home/damian/Documents/bumperbot_ws/install/bumperbot_bringup/share/bumperbot_bringup/package.dsv'
[0.209s] INFO:colcon.colcon_core.shell:Creating package script '/home/damian/Documents/bumperbot_ws/install/bumperbot_bringup/share/bumperbot_bringup/package.sh'
[0.209s] INFO:colcon.colcon_core.shell:Creating package script '/home/damian/Documents/bumperbot_ws/install/bumperbot_bringup/share/bumperbot_bringup/package.bash'
[0.210s] INFO:colcon.colcon_core.shell:Creating package script '/home/damian/Documents/bumperbot_ws/install/bumperbot_bringup/share/bumperbot_bringup/package.zsh'
[0.211s] Level 1:colcon.colcon_core.environment:create_file_with_runtime_dependencies(/home/damian/Documents/bumperbot_ws/install/bumperbot_bringup/share/colcon-core/packages/bumperbot_bringup)
[0.213s] Level 1:colcon.colcon_core.environment:create_environment_scripts_only(bumperbot_description)
[0.213s] Level 1:colcon.colcon_core.environment:checking '/home/damian/Documents/bumperbot_ws/install/bumperbot_description' for CMake module files
[0.213s] DEBUG:colcon.colcon_core.event_handler.log_command:Invoked command in '/home/damian/Documents/bumperbot_ws/build/bumperbot_description' returned '0': CONDA_PROMPT_MODIFIER=(base) /usr/bin/cmake --install /home/damian/Documents/bumperbot_ws/build/bumperbot_description
[0.213s] Level 1:colcon.colcon_core.environment:checking '/home/damian/Documents/bumperbot_ws/install/bumperbot_description' for CMake config files
[0.214s] Level 1:colcon.colcon_core.shell:create_environment_hook('bumperbot_description', 'cmake_prefix_path')
[0.214s] INFO:colcon.colcon_core.shell:Creating environment hook '/home/damian/Documents/bumperbot_ws/install/bumperbot_description/share/bumperbot_description/hook/cmake_prefix_path.ps1'
[0.214s] INFO:colcon.colcon_core.shell:Creating environment descriptor '/home/damian/Documents/bumperbot_ws/install/bumperbot_description/share/bumperbot_description/hook/cmake_prefix_path.dsv'
[0.215s] INFO:colcon.colcon_core.shell:Creating environment hook '/home/damian/Documents/bumperbot_ws/install/bumperbot_description/share/bumperbot_description/hook/cmake_prefix_path.sh'
[0.215s] Level 1:colcon.colcon_core.environment:checking '/home/damian/Documents/bumperbot_ws/install/bumperbot_description/bin'
[0.215s] Level 1:colcon.colcon_core.environment:checking '/home/damian/Documents/bumperbot_ws/install/bumperbot_description/lib/pkgconfig/bumperbot_description.pc'
[0.216s] Level 1:colcon.colcon_core.environment:checking '/home/damian/Documents/bumperbot_ws/install/bumperbot_description/lib/python3.12/site-packages'
[0.216s] Level 1:colcon.colcon_core.environment:checking '/home/damian/Documents/bumperbot_ws/install/bumperbot_description/bin'
[0.216s] INFO:colcon.colcon_core.shell:Creating package script '/home/damian/Documents/bumperbot_ws/install/bumperbot_description/share/bumperbot_description/package.ps1'
[0.216s] INFO:colcon.colcon_core.shell:Creating package descriptor '/home/damian/Documents/bumperbot_ws/install/bumperbot_description/share/bumperbot_description/package.dsv'
[0.217s] INFO:colcon.colcon_core.shell:Creating package script '/home/damian/Documents/bumperbot_ws/install/bumperbot_description/share/bumperbot_description/package.sh'
[0.217s] INFO:colcon.colcon_core.shell:Creating package script '/home/damian/Documents/bumperbot_ws/install/bumperbot_description/share/bumperbot_description/package.bash'
[0.217s] INFO:colcon.colcon_core.shell:Creating package script '/home/damian/Documents/bumperbot_ws/install/bumperbot_description/share/bumperbot_description/package.zsh'
[0.218s] Level 1:colcon.colcon_core.environment:create_file_with_runtime_dependencies(/home/damian/Documents/bumperbot_ws/install/bumperbot_description/share/colcon-core/packages/bumperbot_description)
[0.226s] Level 1:colcon.colcon_core.environment:create_environment_scripts_only(bumperbot_bringup)
[0.226s] Level 1:colcon.colcon_core.environment:checking '/home/damian/Documents/bumperbot_ws/install/bumperbot_bringup' for CMake module files
[0.227s] Level 1:colcon.colcon_core.environment:checking '/home/damian/Documents/bumperbot_ws/install/bumperbot_bringup' for CMake config files
[0.227s] Level 1:colcon.colcon_core.shell:create_environment_hook('bumperbot_bringup', 'cmake_prefix_path')
[0.227s] INFO:colcon.colcon_core.shell:Creating environment hook '/home/damian/Documents/bumperbot_ws/install/bumperbot_bringup/share/bumperbot_bringup/hook/cmake_prefix_path.ps1'
[0.227s] INFO:colcon.colcon_core.shell:Creating environment descriptor '/home/damian/Documents/bumperbot_ws/install/bumperbot_bringup/share/bumperbot_bringup/hook/cmake_prefix_path.dsv'
[0.228s] INFO:colcon.colcon_core.shell:Creating environment hook '/home/damian/Documents/bumperbot_ws/install/bumperbot_bringup/share/bumperbot_bringup/hook/cmake_prefix_path.sh'
[0.228s] Level 1:colcon.colcon_core.environment:checking '/home/damian/Documents/bumperbot_ws/install/bumperbot_bringup/bin'
[0.228s] Level 1:colcon.colcon_core.environment:checking '/home/damian/Documents/bumperbot_ws/install/bumperbot_bringup/lib/pkgconfig/bumperbot_bringup.pc'
[0.229s] Level 1:colcon.colcon_core.environment:checking '/home/damian/Documents/bumperbot_ws/install/bumperbot_bringup/lib/python3.12/site-packages'
[0.229s] Level 1:colcon.colcon_core.environment:checking '/home/damian/Documents/bumperbot_ws/install/bumperbot_bringup/bin'
[0.229s] INFO:colcon.colcon_core.shell:Creating package script '/home/damian/Documents/bumperbot_ws/install/bumperbot_bringup/share/bumperbot_bringup/package.ps1'
[0.229s] INFO:colcon.colcon_core.shell:Creating package descriptor '/home/damian/Documents/bumperbot_ws/install/bumperbot_bringup/share/bumperbot_bringup/package.dsv'
[0.230s] INFO:colcon.colcon_core.shell:Creating package script '/home/damian/Documents/bumperbot_ws/install/bumperbot_bringup/share/bumperbot_bringup/package.sh'
[0.230s] INFO:colcon.colcon_core.shell:Creating package script '/home/damian/Documents/bumperbot_ws/install/bumperbot_bringup/share/bumperbot_bringup/package.bash'
[0.231s] INFO:colcon.colcon_core.shell:Creating package script '/home/damian/Documents/bumperbot_ws/install/bumperbot_bringup/share/bumperbot_bringup/package.zsh'
[0.231s] Level 1:colcon.colcon_core.environment:create_file_with_runtime_dependencies(/home/damian/Documents/bumperbot_ws/install/bumperbot_bringup/share/colcon-core/packages/bumperbot_bringup)
[0.232s] Level 1:colcon.colcon_core.environment:create_environment_scripts_only(bumperbot_description)
[0.232s] Level 1:colcon.colcon_core.environment:checking '/home/damian/Documents/bumperbot_ws/install/bumperbot_description' for CMake module files
[0.233s] Level 1:colcon.colcon_core.environment:checking '/home/damian/Documents/bumperbot_ws/install/bumperbot_description' for CMake config files
[0.233s] Level 1:colcon.colcon_core.shell:create_environment_hook('bumperbot_description', 'cmake_prefix_path')
[0.233s] INFO:colcon.colcon_core.shell:Creating environment hook '/home/damian/Documents/bumperbot_ws/install/bumperbot_description/share/bumperbot_description/hook/cmake_prefix_path.ps1'
[0.234s] INFO:colcon.colcon_core.shell:Creating environment descriptor '/home/damian/Documents/bumperbot_ws/install/bumperbot_description/share/bumperbot_description/hook/cmake_prefix_path.dsv'
[0.234s] INFO:colcon.colcon_core.shell:Creating environment hook '/home/damian/Documents/bumperbot_ws/install/bumperbot_description/share/bumperbot_description/hook/cmake_prefix_path.sh'
[0.234s] Level 1:colcon.colcon_core.environment:checking '/home/damian/Documents/bumperbot_ws/install/bumperbot_description/bin'
[0.235s] Level 1:colcon.colcon_core.environment:checking '/home/damian/Documents/bumperbot_ws/install/bumperbot_description/lib/pkgconfig/bumperbot_description.pc'
[0.235s] Level 1:colcon.colcon_core.environment:checking '/home/damian/Documents/bumperbot_ws/install/bumperbot_description/lib/python3.12/site-packages'
[0.235s] Level 1:colcon.colcon_core.environment:checking '/home/damian/Documents/bumperbot_ws/install/bumperbot_description/bin'
[0.235s] INFO:colcon.colcon_core.shell:Creating package script '/home/damian/Documents/bumperbot_ws/install/bumperbot_description/share/bumperbot_description/package.ps1'
[0.236s] INFO:colcon.colcon_core.shell:Creating package descriptor '/home/damian/Documents/bumperbot_ws/install/bumperbot_description/share/bumperbot_description/package.dsv'
[0.236s] INFO:colcon.colcon_core.shell:Creating package script '/home/damian/Documents/bumperbot_ws/install/bumperbot_description/share/bumperbot_description/package.sh'
[0.236s] INFO:colcon.colcon_core.shell:Creating package script '/home/damian/Documents/bumperbot_ws/install/bumperbot_description/share/bumperbot_description/package.bash'
[0.237s] INFO:colcon.colcon_core.shell:Creating package script '/home/damian/Documents/bumperbot_ws/install/bumperbot_description/share/bumperbot_description/package.zsh'
[0.237s] Level 1:colcon.colcon_core.environment:create_file_with_runtime_dependencies(/home/damian/Documents/bumperbot_ws/install/bumperbot_description/share/colcon-core/packages/bumperbot_description)
[0.270s] DEBUG:colcon.colcon_core.event_handler.log_command:Invoked command in '/home/damian/Documents/bumperbot_ws/build/bumperbot_localization' returned '2': CONDA_PROMPT_MODIFIER=(base) /usr/bin/cmake --build /home/damian/Documents/bumperbot_ws/build/bumperbot_localization -- -j24 -l24
[0.289s] Level 1:colcon.colcon_core.environment:create_environment_scripts_only(bumperbot_localization)
[0.290s] Level 1:colcon.colcon_core.environment:checking '/home/damian/Documents/bumperbot_ws/install/bumperbot_localization' for CMake module files
[0.290s] Level 1:colcon.colcon_core.environment:checking '/home/damian/Documents/bumperbot_ws/install/bumperbot_localization' for CMake config files
[0.291s] Level 1:colcon.colcon_core.shell:create_environment_hook('bumperbot_localization', 'cmake_prefix_path')
[0.291s] INFO:colcon.colcon_core.shell:Creating environment hook '/home/damian/Documents/bumperbot_ws/install/bumperbot_localization/share/bumperbot_localization/hook/cmake_prefix_path.ps1'
[0.291s] INFO:colcon.colcon_core.shell:Creating environment descriptor '/home/damian/Documents/bumperbot_ws/install/bumperbot_localization/share/bumperbot_localization/hook/cmake_prefix_path.dsv'
[0.292s] INFO:colcon.colcon_core.shell:Creating environment hook '/home/damian/Documents/bumperbot_ws/install/bumperbot_localization/share/bumperbot_localization/hook/cmake_prefix_path.sh'
[0.293s] Level 1:colcon.colcon_core.environment:checking '/home/damian/Documents/bumperbot_ws/install/bumperbot_localization/lib'
[0.293s] Level 1:colcon.colcon_core.environment:checking '/home/damian/Documents/bumperbot_ws/install/bumperbot_localization/bin'
[0.293s] Level 1:colcon.colcon_core.environment:checking '/home/damian/Documents/bumperbot_ws/install/bumperbot_localization/lib/pkgconfig/bumperbot_localization.pc'
[0.293s] Level 1:colcon.colcon_core.environment:checking '/home/damian/Documents/bumperbot_ws/install/bumperbot_localization/lib/python3.12/site-packages'
[0.293s] Level 1:colcon.colcon_core.shell:create_environment_hook('bumperbot_localization', 'pythonpath')
[0.293s] INFO:colcon.colcon_core.shell:Creating environment hook '/home/damian/Documents/bumperbot_ws/install/bumperbot_localization/share/bumperbot_localization/hook/pythonpath.ps1'
[0.294s] INFO:colcon.colcon_core.shell:Creating environment descriptor '/home/damian/Documents/bumperbot_ws/install/bumperbot_localization/share/bumperbot_localization/hook/pythonpath.dsv'
[0.294s] INFO:colcon.colcon_core.shell:Creating environment hook '/home/damian/Documents/bumperbot_ws/install/bumperbot_localization/share/bumperbot_localization/hook/pythonpath.sh'
[0.295s] Level 1:colcon.colcon_core.environment:checking '/home/damian/Documents/bumperbot_ws/install/bumperbot_localization/bin'
[0.295s] INFO:colcon.colcon_core.shell:Creating package script '/home/damian/Documents/bumperbot_ws/install/bumperbot_localization/share/bumperbot_localization/package.ps1'
[0.295s] INFO:colcon.colcon_core.shell:Creating package descriptor '/home/damian/Documents/bumperbot_ws/install/bumperbot_localization/share/bumperbot_localization/package.dsv'
[0.296s] INFO:colcon.colcon_core.shell:Creating package script '/home/damian/Documents/bumperbot_ws/install/bumperbot_localization/share/bumperbot_localization/package.sh'
[0.296s] INFO:colcon.colcon_core.shell:Creating package script '/home/damian/Documents/bumperbot_ws/install/bumperbot_localization/share/bumperbot_localization/package.bash'
[0.297s] INFO:colcon.colcon_core.shell:Creating package script '/home/damian/Documents/bumperbot_ws/install/bumperbot_localization/share/bumperbot_localization/package.zsh'
[0.297s] Level 1:colcon.colcon_core.environment:create_file_with_runtime_dependencies(/home/damian/Documents/bumperbot_ws/install/bumperbot_localization/share/colcon-core/packages/bumperbot_localization)
[0.351s] DEBUG:colcon.colcon_parallel_executor.executor.parallel:closing loop
[0.351s] DEBUG:colcon.colcon_parallel_executor.executor.parallel:loop closed
[0.351s] DEBUG:colcon.colcon_parallel_executor.executor.parallel:run_until_complete finished with '2'
[0.351s] DEBUG:colcon.colcon_core.event_reactor:joining thread
[0.356s] INFO:colcon.colcon_core.plugin_system:Skipping extension 'colcon_notification.desktop_notification.terminal_notifier': Not used on non-Darwin systems
[0.356s] INFO:colcon.colcon_core.plugin_system:Skipping extension 'colcon_notification.desktop_notification.win32': Not used on non-Windows systems
[0.356s] INFO:colcon.colcon_notification.desktop_notification:Sending desktop notification using 'notify2'
[0.363s] DEBUG:colcon.colcon_core.event_reactor:joined thread
[0.363s] INFO:colcon.colcon_core.shell:Creating prefix script '/home/damian/Documents/bumperbot_ws/install/local_setup.ps1'
[0.364s] INFO:colcon.colcon_core.shell:Creating prefix util module '/home/damian/Documents/bumperbot_ws/install/_local_setup_util_ps1.py'
[0.365s] INFO:colcon.colcon_core.shell:Creating prefix chain script '/home/damian/Documents/bumperbot_ws/install/setup.ps1'
[0.365s] INFO:colcon.colcon_core.shell:Creating prefix script '/home/damian/Documents/bumperbot_ws/install/local_setup.sh'
[0.365s] INFO:colcon.colcon_core.shell:Creating prefix util module '/home/damian/Documents/bumperbot_ws/install/_local_setup_util_sh.py'
[0.366s] INFO:colcon.colcon_core.shell:Creating prefix chain script '/home/damian/Documents/bumperbot_ws/install/setup.sh'
[0.366s] INFO:colcon.colcon_core.shell:Creating prefix script '/home/damian/Documents/bumperbot_ws/install/local_setup.bash'
[0.366s] INFO:colcon.colcon_core.shell:Creating prefix chain script '/home/damian/Documents/bumperbot_ws/install/setup.bash'
[0.367s] INFO:colcon.colcon_core.shell:Creating prefix script '/home/damian/Documents/bumperbot_ws/install/local_setup.zsh'
[0.367s] INFO:colcon.colcon_core.shell:Creating prefix chain script '/home/damian/Documents/bumperbot_ws/install/setup.zsh'
