-- Found ament_cmake: 2.5.2 (/opt/ros/jazzy/share/ament_cmake/cmake)
-- Found rclcpp: 28.1.5 (/opt/ros/jazzy/share/rclcpp/cmake)
-- Found rosidl_generator_c: 4.6.4 (/opt/ros/jazzy/share/rosidl_generator_c/cmake)
-- Found rosidl_generator_cpp: 4.6.4 (/opt/ros/jazzy/share/rosidl_generator_cpp/cmake)
-- Using all available rosidl_typesupport_c: rosidl_typesupport_fastrtps_c;rosidl_typesupport_introspection_c
-- Using all available rosidl_typesupport_cpp: rosidl_typesupport_fastrtps_cpp;rosidl_typesupport_introspection_cpp
-- Found rmw_implementation_cmake: 7.3.1 (/opt/ros/jazzy/share/rmw_implementation_cmake/cmake)
-- Found rmw_fastrtps_cpp: 8.4.1 (/opt/ros/jazzy/share/rmw_fastrtps_cpp/cmake)
-- Using RMW implementation 'rmw_fastrtps_cpp' as default
-- Found rclpy: 7.1.2 (/opt/ros/jazzy/share/rclpy/cmake)
-- Found nav_msgs: 5.3.5 (/opt/ros/jazzy/share/nav_msgs/cmake)
-- Found sensor_msgs: 5.3.5 (/opt/ros/jazzy/share/sensor_msgs/cmake)
-- Found tf2: 0.36.4 (/opt/ros/jazzy/share/tf2/cmake)
-- Configuring done (0.5s)
-- Generating done (0.0s)
-- Build files have been written to: /home/damian/Documents/bumperbot_ws/build/bumperbot_localization
[  0%] Built target ament_cmake_python_copy_bumperbot_localization
[ 50%] Built target imu_republisher
[100%] Built target kalman_filter
running egg_info
writing bumperbot_localization.egg-info/PKG-INFO
writing dependency_links to bumperbot_localization.egg-info/dependency_links.txt
writing top-level names to bumperbot_localization.egg-info/top_level.txt
reading manifest file 'bumperbot_localization.egg-info/SOURCES.txt'
writing manifest file 'bumperbot_localization.egg-info/SOURCES.txt'
[100%] Built target ament_cmake_python_build_bumperbot_localization_egg
-- Install configuration: ""
-- Up-to-date: /home/damian/Documents/bumperbot_ws/install/bumperbot_localization/share/bumperbot_localization/environment/pythonpath.sh
-- Up-to-date: /home/damian/Documents/bumperbot_ws/install/bumperbot_localization/share/bumperbot_localization/environment/pythonpath.dsv
-- Up-to-date: /home/damian/Documents/bumperbot_ws/install/bumperbot_localization/lib/python3.12/site-packages/bumperbot_localization-0.0.0-py3.12.egg-info
-- Installing: /home/damian/Documents/bumperbot_ws/install/bumperbot_localization/lib/python3.12/site-packages/bumperbot_localization-0.0.0-py3.12.egg-info/PKG-INFO
-- Installing: /home/damian/Documents/bumperbot_ws/install/bumperbot_localization/lib/python3.12/site-packages/bumperbot_localization-0.0.0-py3.12.egg-info/SOURCES.txt
-- Installing: /home/damian/Documents/bumperbot_ws/install/bumperbot_localization/lib/python3.12/site-packages/bumperbot_localization-0.0.0-py3.12.egg-info/dependency_links.txt
-- Installing: /home/damian/Documents/bumperbot_ws/install/bumperbot_localization/lib/python3.12/site-packages/bumperbot_localization-0.0.0-py3.12.egg-info/top_level.txt
-- Up-to-date: /home/damian/Documents/bumperbot_ws/install/bumperbot_localization/lib/python3.12/site-packages/bumperbot_localization
-- Up-to-date: /home/damian/Documents/bumperbot_ws/install/bumperbot_localization/lib/python3.12/site-packages/bumperbot_localization/__init__.py
-- Up-to-date: /home/damian/Documents/bumperbot_ws/install/bumperbot_localization/lib/python3.12/site-packages/bumperbot_localization/kalman_filter.py
-- Installing: /home/damian/Documents/bumperbot_ws/install/bumperbot_localization/lib/python3.12/site-packages/bumperbot_localization/odometry_motion_model.py
-- Up-to-date: /home/damian/Documents/bumperbot_ws/install/bumperbot_localization/lib/python3.12/site-packages/bumperbot_localization/imu_republisher.py
Listing '/home/damian/Documents/bumperbot_ws/install/bumperbot_localization/lib/python3.12/site-packages/bumperbot_localization'...
Compiling '/home/damian/Documents/bumperbot_ws/install/bumperbot_localization/lib/python3.12/site-packages/bumperbot_localization/odometry_motion_model.py'...
-- Up-to-date: /home/damian/Documents/bumperbot_ws/install/bumperbot_localization/include/include
-- Up-to-date: /home/damian/Documents/bumperbot_ws/install/bumperbot_localization/include/include/bumperbot_localization
-- Up-to-date: /home/damian/Documents/bumperbot_ws/install/bumperbot_localization/include/include/bumperbot_localization/kalman_filter.hpp
-- Up-to-date: /home/damian/Documents/bumperbot_ws/install/bumperbot_localization/lib/bumperbot_localization/kalman_filter
-- Up-to-date: /home/damian/Documents/bumperbot_ws/install/bumperbot_localization/lib/bumperbot_localization/imu_republisher
-- Up-to-date: /home/damian/Documents/bumperbot_ws/install/bumperbot_localization/share/bumperbot_localization/launch
-- Up-to-date: /home/damian/Documents/bumperbot_ws/install/bumperbot_localization/share/bumperbot_localization/launch/local_localization.launch.py
-- Up-to-date: /home/damian/Documents/bumperbot_ws/install/bumperbot_localization/share/bumperbot_localization/config
-- Up-to-date: /home/damian/Documents/bumperbot_ws/install/bumperbot_localization/share/bumperbot_localization/config/ekf.yaml
-- Up-to-date: /home/damian/Documents/bumperbot_ws/install/bumperbot_localization/lib/bumperbot_localization/kalman_filter.py
-- Up-to-date: /home/damian/Documents/bumperbot_ws/install/bumperbot_localization/lib/bumperbot_localization/imu_republisher.py
-- Installing: /home/damian/Documents/bumperbot_ws/install/bumperbot_localization/lib/bumperbot_localization/odometry_motion_model.py
-- Installing: /home/damian/Documents/bumperbot_ws/install/bumperbot_localization/share/ament_index/resource_index/package_run_dependencies/bumperbot_localization
-- Up-to-date: /home/damian/Documents/bumperbot_ws/install/bumperbot_localization/share/ament_index/resource_index/parent_prefix_path/bumperbot_localization
-- Up-to-date: /home/damian/Documents/bumperbot_ws/install/bumperbot_localization/share/bumperbot_localization/environment/ament_prefix_path.sh
-- Up-to-date: /home/damian/Documents/bumperbot_ws/install/bumperbot_localization/share/bumperbot_localization/environment/ament_prefix_path.dsv
-- Up-to-date: /home/damian/Documents/bumperbot_ws/install/bumperbot_localization/share/bumperbot_localization/environment/path.sh
-- Up-to-date: /home/damian/Documents/bumperbot_ws/install/bumperbot_localization/share/bumperbot_localization/environment/path.dsv
-- Up-to-date: /home/damian/Documents/bumperbot_ws/install/bumperbot_localization/share/bumperbot_localization/local_setup.bash
-- Up-to-date: /home/damian/Documents/bumperbot_ws/install/bumperbot_localization/share/bumperbot_localization/local_setup.sh
-- Up-to-date: /home/damian/Documents/bumperbot_ws/install/bumperbot_localization/share/bumperbot_localization/local_setup.zsh
-- Up-to-date: /home/damian/Documents/bumperbot_ws/install/bumperbot_localization/share/bumperbot_localization/local_setup.dsv
-- Installing: /home/damian/Documents/bumperbot_ws/install/bumperbot_localization/share/bumperbot_localization/package.dsv
-- Up-to-date: /home/damian/Documents/bumperbot_ws/install/bumperbot_localization/share/ament_index/resource_index/packages/bumperbot_localization
-- Up-to-date: /home/damian/Documents/bumperbot_ws/install/bumperbot_localization/share/bumperbot_localization/cmake/bumperbot_localizationConfig.cmake
-- Up-to-date: /home/damian/Documents/bumperbot_ws/install/bumperbot_localization/share/bumperbot_localization/cmake/bumperbot_localizationConfig-version.cmake
-- Installing: /home/damian/Documents/bumperbot_ws/install/bumperbot_localization/share/bumperbot_localization/package.xml
