[0.014s] Invoking command in '/home/damian/Documents/bumperbot_ws/build/bumperbot_localization': CMAKE_PREFIX_PATH=${CMAKE_PREFIX_PATH}:/opt/ros/jazzy CONDA_PROMPT_MODIFIER=(base) /usr/bin/cmake --build /home/damian/Documents/bumperbot_ws/build/bumperbot_localization -- -j24 -l24
[0.033s] -- Found ament_cmake: 2.5.2 (/opt/ros/jazzy/share/ament_cmake/cmake)
[0.175s] -- Found rclcpp: 28.1.5 (/opt/ros/jazzy/share/rclcpp/cmake)
[0.196s] -- Found rosidl_generator_c: 4.6.4 (/opt/ros/jazzy/share/rosidl_generator_c/cmake)
[0.202s] -- Found rosidl_generator_cpp: 4.6.4 (/opt/ros/jazzy/share/rosidl_generator_cpp/cmake)
[0.210s] -- Using all available rosidl_typesupport_c: rosidl_typesupport_fastrtps_c;rosidl_typesupport_introspection_c
[0.219s] -- Using all available rosidl_typesupport_cpp: rosidl_typesupport_fastrtps_cpp;rosidl_typesupport_introspection_cpp
[0.263s] -- Found rmw_implementation_cmake: 7.3.1 (/opt/ros/jazzy/share/rmw_implementation_cmake/cmake)
[0.264s] -- Found rmw_fastrtps_cpp: 8.4.1 (/opt/ros/jazzy/share/rmw_fastrtps_cpp/cmake)
[0.311s] -- Using RMW implementation 'rmw_fastrtps_cpp' as default
[0.359s] -- Found rclpy: 7.1.2 (/opt/ros/jazzy/share/rclpy/cmake)
[0.359s] -- Found nav_msgs: 5.3.5 (/opt/ros/jazzy/share/nav_msgs/cmake)
[0.403s] -- Found sensor_msgs: 5.3.5 (/opt/ros/jazzy/share/sensor_msgs/cmake)
[0.420s] -- Found tf2: 0.36.4 (/opt/ros/jazzy/share/tf2/cmake)
[0.565s] -- Configuring done (0.5s)
[0.578s] -- Generating done (0.0s)
[0.580s] -- Build files have been written to: /home/damian/Documents/bumperbot_ws/build/bumperbot_localization
[0.617s] [  0%] Built target ament_cmake_python_copy_bumperbot_localization
[0.622s] [ 50%] Built target imu_republisher
[0.622s] [100%] Built target kalman_filter
[0.749s] running egg_info
[0.759s] writing bumperbot_localization.egg-info/PKG-INFO
[0.760s] writing dependency_links to bumperbot_localization.egg-info/dependency_links.txt
[0.760s] writing top-level names to bumperbot_localization.egg-info/top_level.txt
[0.789s] reading manifest file 'bumperbot_localization.egg-info/SOURCES.txt'
[0.789s] writing manifest file 'bumperbot_localization.egg-info/SOURCES.txt'
[0.810s] [100%] Built target ament_cmake_python_build_bumperbot_localization_egg
[0.820s] Invoked command in '/home/damian/Documents/bumperbot_ws/build/bumperbot_localization' returned '0': CMAKE_PREFIX_PATH=${CMAKE_PREFIX_PATH}:/opt/ros/jazzy CONDA_PROMPT_MODIFIER=(base) /usr/bin/cmake --build /home/damian/Documents/bumperbot_ws/build/bumperbot_localization -- -j24 -l24
[0.846s] Invoking command in '/home/damian/Documents/bumperbot_ws/build/bumperbot_localization': CMAKE_PREFIX_PATH=${CMAKE_PREFIX_PATH}:/opt/ros/jazzy CONDA_PROMPT_MODIFIER=(base) /usr/bin/cmake --install /home/damian/Documents/bumperbot_ws/build/bumperbot_localization
[0.852s] -- Install configuration: ""
[0.852s] -- Up-to-date: /home/damian/Documents/bumperbot_ws/install/bumperbot_localization/share/bumperbot_localization/environment/pythonpath.sh
[0.852s] -- Up-to-date: /home/damian/Documents/bumperbot_ws/install/bumperbot_localization/share/bumperbot_localization/environment/pythonpath.dsv
[0.852s] -- Up-to-date: /home/damian/Documents/bumperbot_ws/install/bumperbot_localization/lib/python3.12/site-packages/bumperbot_localization-0.0.0-py3.12.egg-info
[0.852s] -- Installing: /home/damian/Documents/bumperbot_ws/install/bumperbot_localization/lib/python3.12/site-packages/bumperbot_localization-0.0.0-py3.12.egg-info/PKG-INFO
[0.852s] -- Installing: /home/damian/Documents/bumperbot_ws/install/bumperbot_localization/lib/python3.12/site-packages/bumperbot_localization-0.0.0-py3.12.egg-info/SOURCES.txt
[0.852s] -- Installing: /home/damian/Documents/bumperbot_ws/install/bumperbot_localization/lib/python3.12/site-packages/bumperbot_localization-0.0.0-py3.12.egg-info/dependency_links.txt
[0.853s] -- Installing: /home/damian/Documents/bumperbot_ws/install/bumperbot_localization/lib/python3.12/site-packages/bumperbot_localization-0.0.0-py3.12.egg-info/top_level.txt
[0.853s] -- Up-to-date: /home/damian/Documents/bumperbot_ws/install/bumperbot_localization/lib/python3.12/site-packages/bumperbot_localization
[0.853s] -- Up-to-date: /home/damian/Documents/bumperbot_ws/install/bumperbot_localization/lib/python3.12/site-packages/bumperbot_localization/__init__.py
[0.853s] -- Up-to-date: /home/damian/Documents/bumperbot_ws/install/bumperbot_localization/lib/python3.12/site-packages/bumperbot_localization/kalman_filter.py
[0.853s] -- Installing: /home/damian/Documents/bumperbot_ws/install/bumperbot_localization/lib/python3.12/site-packages/bumperbot_localization/odometry_motion_model.py
[0.853s] -- Up-to-date: /home/damian/Documents/bumperbot_ws/install/bumperbot_localization/lib/python3.12/site-packages/bumperbot_localization/imu_republisher.py
[0.876s] Listing '/home/damian/Documents/bumperbot_ws/install/bumperbot_localization/lib/python3.12/site-packages/bumperbot_localization'...
[0.876s] Compiling '/home/damian/Documents/bumperbot_ws/install/bumperbot_localization/lib/python3.12/site-packages/bumperbot_localization/odometry_motion_model.py'...
[0.879s] -- Up-to-date: /home/damian/Documents/bumperbot_ws/install/bumperbot_localization/include/include
[0.879s] -- Up-to-date: /home/damian/Documents/bumperbot_ws/install/bumperbot_localization/include/include/bumperbot_localization
[0.879s] -- Up-to-date: /home/damian/Documents/bumperbot_ws/install/bumperbot_localization/include/include/bumperbot_localization/kalman_filter.hpp
[0.879s] -- Up-to-date: /home/damian/Documents/bumperbot_ws/install/bumperbot_localization/lib/bumperbot_localization/kalman_filter
[0.880s] -- Up-to-date: /home/damian/Documents/bumperbot_ws/install/bumperbot_localization/lib/bumperbot_localization/imu_republisher
[0.880s] -- Up-to-date: /home/damian/Documents/bumperbot_ws/install/bumperbot_localization/share/bumperbot_localization/launch
[0.880s] -- Up-to-date: /home/damian/Documents/bumperbot_ws/install/bumperbot_localization/share/bumperbot_localization/launch/local_localization.launch.py
[0.880s] -- Up-to-date: /home/damian/Documents/bumperbot_ws/install/bumperbot_localization/share/bumperbot_localization/config
[0.880s] -- Up-to-date: /home/damian/Documents/bumperbot_ws/install/bumperbot_localization/share/bumperbot_localization/config/ekf.yaml
[0.880s] -- Up-to-date: /home/damian/Documents/bumperbot_ws/install/bumperbot_localization/lib/bumperbot_localization/kalman_filter.py
[0.880s] -- Up-to-date: /home/damian/Documents/bumperbot_ws/install/bumperbot_localization/lib/bumperbot_localization/imu_republisher.py
[0.880s] -- Installing: /home/damian/Documents/bumperbot_ws/install/bumperbot_localization/lib/bumperbot_localization/odometry_motion_model.py
[0.880s] -- Installing: /home/damian/Documents/bumperbot_ws/install/bumperbot_localization/share/ament_index/resource_index/package_run_dependencies/bumperbot_localization
[0.881s] -- Up-to-date: /home/damian/Documents/bumperbot_ws/install/bumperbot_localization/share/ament_index/resource_index/parent_prefix_path/bumperbot_localization
[0.881s] -- Up-to-date: /home/damian/Documents/bumperbot_ws/install/bumperbot_localization/share/bumperbot_localization/environment/ament_prefix_path.sh
[0.881s] -- Up-to-date: /home/damian/Documents/bumperbot_ws/install/bumperbot_localization/share/bumperbot_localization/environment/ament_prefix_path.dsv
[0.881s] -- Up-to-date: /home/damian/Documents/bumperbot_ws/install/bumperbot_localization/share/bumperbot_localization/environment/path.sh
[0.881s] -- Up-to-date: /home/damian/Documents/bumperbot_ws/install/bumperbot_localization/share/bumperbot_localization/environment/path.dsv
[0.881s] -- Up-to-date: /home/damian/Documents/bumperbot_ws/install/bumperbot_localization/share/bumperbot_localization/local_setup.bash
[0.881s] -- Up-to-date: /home/damian/Documents/bumperbot_ws/install/bumperbot_localization/share/bumperbot_localization/local_setup.sh
[0.881s] -- Up-to-date: /home/damian/Documents/bumperbot_ws/install/bumperbot_localization/share/bumperbot_localization/local_setup.zsh
[0.881s] -- Up-to-date: /home/damian/Documents/bumperbot_ws/install/bumperbot_localization/share/bumperbot_localization/local_setup.dsv
[0.881s] -- Installing: /home/damian/Documents/bumperbot_ws/install/bumperbot_localization/share/bumperbot_localization/package.dsv
[0.881s] -- Up-to-date: /home/damian/Documents/bumperbot_ws/install/bumperbot_localization/share/ament_index/resource_index/packages/bumperbot_localization
[0.881s] -- Up-to-date: /home/damian/Documents/bumperbot_ws/install/bumperbot_localization/share/bumperbot_localization/cmake/bumperbot_localizationConfig.cmake
[0.881s] -- Up-to-date: /home/damian/Documents/bumperbot_ws/install/bumperbot_localization/share/bumperbot_localization/cmake/bumperbot_localizationConfig-version.cmake
[0.882s] -- Installing: /home/damian/Documents/bumperbot_ws/install/bumperbot_localization/share/bumperbot_localization/package.xml
[0.883s] Invoked command in '/home/damian/Documents/bumperbot_ws/build/bumperbot_localization' returned '0': CMAKE_PREFIX_PATH=${CMAKE_PREFIX_PATH}:/opt/ros/jazzy CONDA_PROMPT_MODIFIER=(base) /usr/bin/cmake --install /home/damian/Documents/bumperbot_ws/build/bumperbot_localization
