[0.010s] Invoking command in '/home/damian/Documents/bumperbot_ws/build/bumperbot_msgs': CONDA_PROMPT_MODIFIER=(base) /usr/bin/cmake --build /home/damian/Documents/bumperbot_ws/build/bumperbot_msgs -- -j24 -l24
[0.050s] [  2%] Built target bumperbot_msgs__rosidl_generator_type_description
[0.060s] [  2%] Built target ament_cmake_python_copy_bumperbot_msgs
[0.066s] [  4%] Built target bumperbot_msgs__cpp
[0.069s] [ 22%] Built target bumperbot_msgs__rosidl_generator_c
[0.089s] [ 59%] Built target bumperbot_msgs__rosidl_typesupport_cpp
[0.089s] [ 59%] Built target bumperbot_msgs__rosidl_typesupport_fastrtps_c
[0.089s] [ 59%] Built target bumperbot_msgs__rosidl_typesupport_introspection_c
[0.089s] [ 59%] Built target bumperbot_msgs__rosidl_typesupport_introspection_cpp
[0.090s] [ 68%] Built target bumperbot_msgs__rosidl_typesupport_c
[0.091s] [ 77%] Built target bumperbot_msgs__rosidl_typesupport_fastrtps_cpp
[0.104s] [ 77%] Built target bumperbot_msgs
[0.119s] [ 79%] Built target bumperbot_msgs__py
[0.138s] [ 86%] Built target bumperbot_msgs__rosidl_generator_py
[0.154s] [ 95%] Built target bumperbot_msgs_s__rosidl_typesupport_fastrtps_c
[0.154s] [ 95%] Built target bumperbot_msgs_s__rosidl_typesupport_c
[0.154s] [100%] Built target bumperbot_msgs_s__rosidl_typesupport_introspection_c
[0.177s] running egg_info
[0.180s] writing bumperbot_msgs.egg-info/PKG-INFO
[0.181s] writing dependency_links to bumperbot_msgs.egg-info/dependency_links.txt
[0.181s] writing top-level names to bumperbot_msgs.egg-info/top_level.txt
[0.191s] reading manifest file 'bumperbot_msgs.egg-info/SOURCES.txt'
[0.192s] writing manifest file 'bumperbot_msgs.egg-info/SOURCES.txt'
[0.212s] [100%] Built target ament_cmake_python_build_bumperbot_msgs_egg
