[0.012s] Invoking command in '/home/damian/Documents/bumperbot_ws/build/bumperbot_description': CMAKE_PREFIX_PATH=${CMAKE_PREFIX_PATH}:/opt/ros/jazzy CONDA_PROMPT_MODIFIER=(base) /usr/bin/cmake /home/damian/Documents/bumperbot_ws/src/bumperbot_description -DCMAKE_INSTALL_PREFIX=/home/damian/Documents/bumperbot_ws/install/bumperbot_description
[0.053s] -- The C compiler identification is GNU 13.2.0
[0.093s] -- The CXX compiler identification is GNU 13.2.0
[0.107s] -- Detecting C compiler ABI info
[0.177s] -- Detecting C compiler ABI info - done
[0.183s] -- Check for working C compiler: /usr/bin/cc - skipped
[0.183s] -- Detecting C compile features
[0.184s] -- Detecting C compile features - done
[0.190s] -- Detecting CXX compiler ABI info
[0.270s] -- Detecting CXX compiler ABI info - done
[0.278s] -- Check for working CXX compiler: /usr/bin/c++ - skipped
[0.278s] -- Detecting CXX compile features
[0.278s] -- Detecting CXX compile features - done
[0.281s] -- Found ament_cmake: 2.5.2 (/opt/ros/jazzy/share/ament_cmake/cmake)
[0.361s] -- Found Python3: /home/damian/miniconda3/bin/python3 (found version "3.12.7") found components: Interpreter 
[0.457s] -- Found urdf: 2.10.0 (/opt/ros/jazzy/share/urdf/cmake)
[0.501s] -- Found TinyXML2 via Config file: /usr/lib/x86_64-linux-gnu/cmake/tinyxml2
[0.513s] -- Found ament_lint_auto: 0.17.1 (/opt/ros/jazzy/share/ament_lint_auto/cmake)
[0.595s] -- Added test 'copyright' to check source files copyright and LICENSE
[0.599s] -- Added test 'flake8' to check Python code syntax and style conventions
[0.599s] -- Configured 'flake8' exclude dirs and/or files: 
[0.600s] -- Added test 'lint_cmake' to check CMake code style
[0.601s] -- Added test 'pep257' to check Python code against some of the docstring style conventions in PEP 257
[0.602s] -- Added test 'xmllint' to check XML markup files
[0.604s] -- Configuring done (0.6s)
[0.607s] -- Generating done (0.0s)
[0.608s] -- Build files have been written to: /home/damian/Documents/bumperbot_ws/build/bumperbot_description
[0.614s] Invoked command in '/home/damian/Documents/bumperbot_ws/build/bumperbot_description' returned '0': CMAKE_PREFIX_PATH=${CMAKE_PREFIX_PATH}:/opt/ros/jazzy CONDA_PROMPT_MODIFIER=(base) /usr/bin/cmake /home/damian/Documents/bumperbot_ws/src/bumperbot_description -DCMAKE_INSTALL_PREFIX=/home/damian/Documents/bumperbot_ws/install/bumperbot_description
[0.614s] Invoking command in '/home/damian/Documents/bumperbot_ws/build/bumperbot_description': CMAKE_PREFIX_PATH=${CMAKE_PREFIX_PATH}:/opt/ros/jazzy CONDA_PROMPT_MODIFIER=(base) /usr/bin/cmake --build /home/damian/Documents/bumperbot_ws/build/bumperbot_description -- -j24 -l24
[0.647s] Invoked command in '/home/damian/Documents/bumperbot_ws/build/bumperbot_description' returned '0': CMAKE_PREFIX_PATH=${CMAKE_PREFIX_PATH}:/opt/ros/jazzy CONDA_PROMPT_MODIFIER=(base) /usr/bin/cmake --build /home/damian/Documents/bumperbot_ws/build/bumperbot_description -- -j24 -l24
[0.666s] Invoking command in '/home/damian/Documents/bumperbot_ws/build/bumperbot_description': CMAKE_PREFIX_PATH=${CMAKE_PREFIX_PATH}:/opt/ros/jazzy CONDA_PROMPT_MODIFIER=(base) /usr/bin/cmake --install /home/damian/Documents/bumperbot_ws/build/bumperbot_description
[0.672s] -- Install configuration: ""
[0.672s] -- Installing: /home/damian/Documents/bumperbot_ws/install/bumperbot_description/share/bumperbot_description/launch
[0.673s] -- Installing: /home/damian/Documents/bumperbot_ws/install/bumperbot_description/share/bumperbot_description/launch/display.launch.py
[0.673s] -- Installing: /home/damian/Documents/bumperbot_ws/install/bumperbot_description/share/bumperbot_description/launch/gazebo.launch.py
[0.673s] -- Installing: /home/damian/Documents/bumperbot_ws/install/bumperbot_description/share/bumperbot_description/meshes
[0.673s] -- Installing: /home/damian/Documents/bumperbot_ws/install/bumperbot_description/share/bumperbot_description/meshes/wheel_left_link.STL
[0.674s] -- Installing: /home/damian/Documents/bumperbot_ws/install/bumperbot_description/share/bumperbot_description/meshes/imu_link.STL
[0.674s] -- Installing: /home/damian/Documents/bumperbot_ws/install/bumperbot_description/share/bumperbot_description/meshes/caster_rear_link.STL
[0.674s] -- Installing: /home/damian/Documents/bumperbot_ws/install/bumperbot_description/share/bumperbot_description/meshes/base_link.STL
[0.684s] -- Installing: /home/damian/Documents/bumperbot_ws/install/bumperbot_description/share/bumperbot_description/meshes/wheel_right_link.STL
[0.685s] -- Installing: /home/damian/Documents/bumperbot_ws/install/bumperbot_description/share/bumperbot_description/meshes/caster_front_link.STL
[0.686s] -- Installing: /home/damian/Documents/bumperbot_ws/install/bumperbot_description/share/bumperbot_description/urdf
[0.686s] -- Installing: /home/damian/Documents/bumperbot_ws/install/bumperbot_description/share/bumperbot_description/urdf/bumperbot.urdf.xacro
[0.686s] -- Installing: /home/damian/Documents/bumperbot_ws/install/bumperbot_description/share/bumperbot_description/urdf/bumperbot_ros2_control.xacro
[0.686s] -- Installing: /home/damian/Documents/bumperbot_ws/install/bumperbot_description/share/bumperbot_description/urdf/bumperbot_gazebo.xacro
[0.686s] -- Installing: /home/damian/Documents/bumperbot_ws/install/bumperbot_description/share/bumperbot_description/rviz
[0.686s] -- Installing: /home/damian/Documents/bumperbot_ws/install/bumperbot_description/share/bumperbot_description/rviz/display.rviz
[0.687s] -- Installing: /home/damian/Documents/bumperbot_ws/install/bumperbot_description/share/ament_index/resource_index/package_run_dependencies/bumperbot_description
[0.687s] -- Installing: /home/damian/Documents/bumperbot_ws/install/bumperbot_description/share/ament_index/resource_index/parent_prefix_path/bumperbot_description
[0.687s] -- Installing: /home/damian/Documents/bumperbot_ws/install/bumperbot_description/share/bumperbot_description/environment/ament_prefix_path.sh
[0.687s] -- Installing: /home/damian/Documents/bumperbot_ws/install/bumperbot_description/share/bumperbot_description/environment/ament_prefix_path.dsv
[0.687s] -- Installing: /home/damian/Documents/bumperbot_ws/install/bumperbot_description/share/bumperbot_description/environment/path.sh
[0.688s] -- Installing: /home/damian/Documents/bumperbot_ws/install/bumperbot_description/share/bumperbot_description/environment/path.dsv
[0.688s] -- Installing: /home/damian/Documents/bumperbot_ws/install/bumperbot_description/share/bumperbot_description/local_setup.bash
[0.688s] -- Installing: /home/damian/Documents/bumperbot_ws/install/bumperbot_description/share/bumperbot_description/local_setup.sh
[0.688s] -- Installing: /home/damian/Documents/bumperbot_ws/install/bumperbot_description/share/bumperbot_description/local_setup.zsh
[0.688s] -- Installing: /home/damian/Documents/bumperbot_ws/install/bumperbot_description/share/bumperbot_description/local_setup.dsv
[0.688s] -- Installing: /home/damian/Documents/bumperbot_ws/install/bumperbot_description/share/bumperbot_description/package.dsv
[0.688s] -- Installing: /home/damian/Documents/bumperbot_ws/install/bumperbot_description/share/ament_index/resource_index/packages/bumperbot_description
[0.688s] -- Installing: /home/damian/Documents/bumperbot_ws/install/bumperbot_description/share/bumperbot_description/cmake/bumperbot_descriptionConfig.cmake
[0.688s] -- Installing: /home/damian/Documents/bumperbot_ws/install/bumperbot_description/share/bumperbot_description/cmake/bumperbot_descriptionConfig-version.cmake
[0.689s] -- Installing: /home/damian/Documents/bumperbot_ws/install/bumperbot_description/share/bumperbot_description/package.xml
[0.690s] Invoked command in '/home/damian/Documents/bumperbot_ws/build/bumperbot_description' returned '0': CMAKE_PREFIX_PATH=${CMAKE_PREFIX_PATH}:/opt/ros/jazzy CONDA_PROMPT_MODIFIER=(base) /usr/bin/cmake --install /home/damian/Documents/bumperbot_ws/build/bumperbot_description
