[0.013s] Invoking command in '/home/damian/Documents/bumperbot_ws/build/bumperbot_firmware': CMAKE_PREFIX_PATH=${CMAKE_PREFIX_PATH}:/opt/ros/jazzy CONDA_PROMPT_MODIFIER=(base) /usr/bin/cmake --build /home/damian/Documents/bumperbot_ws/build/bumperbot_firmware -- -j24 -l24
[0.064s] [ 33%] Built target simple_serial_receiver
[0.064s] [ 66%] Built target simple_serial_transmitter
[0.065s] [100%] Built target bumperbot_firmware
[0.067s] [100%] Built target ament_cmake_python_copy_bumperbot_firmware
[0.205s] running egg_info
[0.216s] writing bumperbot_firmware.egg-info/PKG-INFO
[0.216s] writing dependency_links to bumperbot_firmware.egg-info/dependency_links.txt
[0.216s] writing top-level names to bumperbot_firmware.egg-info/top_level.txt
[0.246s] reading manifest file 'bumperbot_firmware.egg-info/SOURCES.txt'
[0.247s] writing manifest file 'bumperbot_firmware.egg-info/SOURCES.txt'
[0.267s] [100%] Built target ament_cmake_python_build_bumperbot_firmware_egg
[0.278s] Invoked command in '/home/damian/Documents/bumperbot_ws/build/bumperbot_firmware' returned '0': CMAKE_PREFIX_PATH=${CMAKE_PREFIX_PATH}:/opt/ros/jazzy CONDA_PROMPT_MODIFIER=(base) /usr/bin/cmake --build /home/damian/Documents/bumperbot_ws/build/bumperbot_firmware -- -j24 -l24
[0.304s] Invoking command in '/home/damian/Documents/bumperbot_ws/build/bumperbot_firmware': CMAKE_PREFIX_PATH=${CMAKE_PREFIX_PATH}:/opt/ros/jazzy CONDA_PROMPT_MODIFIER=(base) /usr/bin/cmake --install /home/damian/Documents/bumperbot_ws/build/bumperbot_firmware
[0.310s] -- Install configuration: ""
[0.310s] -- Up-to-date: /home/damian/Documents/bumperbot_ws/install/bumperbot_firmware/share/bumperbot_firmware/environment/pythonpath.sh
[0.310s] -- Up-to-date: /home/damian/Documents/bumperbot_ws/install/bumperbot_firmware/share/bumperbot_firmware/environment/pythonpath.dsv
[0.310s] -- Up-to-date: /home/damian/Documents/bumperbot_ws/install/bumperbot_firmware/lib/python3.12/site-packages/bumperbot_firmware-0.0.0-py3.12.egg-info
[0.310s] -- Installing: /home/damian/Documents/bumperbot_ws/install/bumperbot_firmware/lib/python3.12/site-packages/bumperbot_firmware-0.0.0-py3.12.egg-info/PKG-INFO
[0.310s] -- Installing: /home/damian/Documents/bumperbot_ws/install/bumperbot_firmware/lib/python3.12/site-packages/bumperbot_firmware-0.0.0-py3.12.egg-info/SOURCES.txt
[0.311s] -- Installing: /home/damian/Documents/bumperbot_ws/install/bumperbot_firmware/lib/python3.12/site-packages/bumperbot_firmware-0.0.0-py3.12.egg-info/dependency_links.txt
[0.311s] -- Installing: /home/damian/Documents/bumperbot_ws/install/bumperbot_firmware/lib/python3.12/site-packages/bumperbot_firmware-0.0.0-py3.12.egg-info/top_level.txt
[0.311s] -- Up-to-date: /home/damian/Documents/bumperbot_ws/install/bumperbot_firmware/lib/python3.12/site-packages/bumperbot_firmware
[0.311s] -- Up-to-date: /home/damian/Documents/bumperbot_ws/install/bumperbot_firmware/lib/python3.12/site-packages/bumperbot_firmware/mpu6050_driver.py
[0.311s] -- Up-to-date: /home/damian/Documents/bumperbot_ws/install/bumperbot_firmware/lib/python3.12/site-packages/bumperbot_firmware/__init__.py
[0.311s] -- Up-to-date: /home/damian/Documents/bumperbot_ws/install/bumperbot_firmware/lib/python3.12/site-packages/bumperbot_firmware/simple_serial_receiver.py
[0.311s] -- Up-to-date: /home/damian/Documents/bumperbot_ws/install/bumperbot_firmware/lib/python3.12/site-packages/bumperbot_firmware/simple_serial_transmitter.py
[0.333s] Listing '/home/damian/Documents/bumperbot_ws/install/bumperbot_firmware/lib/python3.12/site-packages/bumperbot_firmware'...
[0.336s] -- Up-to-date: /home/damian/Documents/bumperbot_ws/install/bumperbot_firmware/share/bumperbot_firmware/bumperbot_interface.xml
[0.336s] -- Up-to-date: /home/damian/Documents/bumperbot_ws/install/bumperbot_firmware/lib/libbumperbot_firmware.so
[0.336s] -- Up-to-date: /home/damian/Documents/bumperbot_ws/install/bumperbot_firmware/include/include
[0.336s] -- Up-to-date: /home/damian/Documents/bumperbot_ws/install/bumperbot_firmware/include/include/bumperbot_firmware
[0.336s] -- Up-to-date: /home/damian/Documents/bumperbot_ws/install/bumperbot_firmware/include/include/bumperbot_firmware/bumperbot_interface.hpp
[0.337s] -- Up-to-date: /home/damian/Documents/bumperbot_ws/install/bumperbot_firmware/share/bumperbot_firmware/launch
[0.337s] -- Up-to-date: /home/damian/Documents/bumperbot_ws/install/bumperbot_firmware/share/bumperbot_firmware/launch/hardware_interface.launch.py
[0.337s] -- Up-to-date: /home/damian/Documents/bumperbot_ws/install/bumperbot_firmware/lib/bumperbot_firmware/simple_serial_transmitter.py
[0.337s] -- Up-to-date: /home/damian/Documents/bumperbot_ws/install/bumperbot_firmware/lib/bumperbot_firmware/simple_serial_receiver.py
[0.337s] -- Up-to-date: /home/damian/Documents/bumperbot_ws/install/bumperbot_firmware/lib/bumperbot_firmware/mpu6050_driver.py
[0.337s] -- Up-to-date: /home/damian/Documents/bumperbot_ws/install/bumperbot_firmware/lib/bumperbot_firmware/simple_serial_receiver
[0.338s] -- Up-to-date: /home/damian/Documents/bumperbot_ws/install/bumperbot_firmware/lib/bumperbot_firmware/simple_serial_transmitter
[0.338s] -- Up-to-date: /home/damian/Documents/bumperbot_ws/install/bumperbot_firmware/share/bumperbot_firmware/environment/library_path.sh
[0.338s] -- Up-to-date: /home/damian/Documents/bumperbot_ws/install/bumperbot_firmware/share/bumperbot_firmware/environment/library_path.dsv
[0.338s] -- Up-to-date: /home/damian/Documents/bumperbot_ws/install/bumperbot_firmware/share/ament_index/resource_index/package_run_dependencies/bumperbot_firmware
[0.338s] -- Up-to-date: /home/damian/Documents/bumperbot_ws/install/bumperbot_firmware/share/ament_index/resource_index/parent_prefix_path/bumperbot_firmware
[0.338s] -- Up-to-date: /home/damian/Documents/bumperbot_ws/install/bumperbot_firmware/share/bumperbot_firmware/environment/ament_prefix_path.sh
[0.339s] -- Up-to-date: /home/damian/Documents/bumperbot_ws/install/bumperbot_firmware/share/bumperbot_firmware/environment/ament_prefix_path.dsv
[0.339s] -- Up-to-date: /home/damian/Documents/bumperbot_ws/install/bumperbot_firmware/share/bumperbot_firmware/environment/path.sh
[0.339s] -- Up-to-date: /home/damian/Documents/bumperbot_ws/install/bumperbot_firmware/share/bumperbot_firmware/environment/path.dsv
[0.339s] -- Up-to-date: /home/damian/Documents/bumperbot_ws/install/bumperbot_firmware/share/bumperbot_firmware/local_setup.bash
[0.339s] -- Up-to-date: /home/damian/Documents/bumperbot_ws/install/bumperbot_firmware/share/bumperbot_firmware/local_setup.sh
[0.340s] -- Up-to-date: /home/damian/Documents/bumperbot_ws/install/bumperbot_firmware/share/bumperbot_firmware/local_setup.zsh
[0.340s] -- Up-to-date: /home/damian/Documents/bumperbot_ws/install/bumperbot_firmware/share/bumperbot_firmware/local_setup.dsv
[0.340s] -- Installing: /home/damian/Documents/bumperbot_ws/install/bumperbot_firmware/share/bumperbot_firmware/package.dsv
[0.340s] -- Up-to-date: /home/damian/Documents/bumperbot_ws/install/bumperbot_firmware/share/ament_index/resource_index/packages/bumperbot_firmware
[0.341s] -- Up-to-date: /home/damian/Documents/bumperbot_ws/install/bumperbot_firmware/share/ament_index/resource_index/hardware_interface__pluginlib__plugin/bumperbot_firmware
[0.341s] -- Up-to-date: /home/damian/Documents/bumperbot_ws/install/bumperbot_firmware/share/bumperbot_firmware/cmake/ament_cmake_export_include_directories-extras.cmake
[0.341s] -- Up-to-date: /home/damian/Documents/bumperbot_ws/install/bumperbot_firmware/share/bumperbot_firmware/cmake/ament_cmake_export_libraries-extras.cmake
[0.341s] -- Up-to-date: /home/damian/Documents/bumperbot_ws/install/bumperbot_firmware/share/bumperbot_firmware/cmake/ament_cmake_export_dependencies-extras.cmake
[0.341s] -- Up-to-date: /home/damian/Documents/bumperbot_ws/install/bumperbot_firmware/share/bumperbot_firmware/cmake/bumperbot_firmwareConfig.cmake
[0.341s] -- Up-to-date: /home/damian/Documents/bumperbot_ws/install/bumperbot_firmware/share/bumperbot_firmware/cmake/bumperbot_firmwareConfig-version.cmake
[0.341s] -- Up-to-date: /home/damian/Documents/bumperbot_ws/install/bumperbot_firmware/share/bumperbot_firmware/package.xml
[0.342s] Invoked command in '/home/damian/Documents/bumperbot_ws/build/bumperbot_firmware' returned '0': CMAKE_PREFIX_PATH=${CMAKE_PREFIX_PATH}:/opt/ros/jazzy CONDA_PROMPT_MODIFIER=(base) /usr/bin/cmake --install /home/damian/Documents/bumperbot_ws/build/bumperbot_firmware
